ARM GAS  C:\Users\Shahed\AppData\Local\Temp\ccgEYIn6.s 			page 1


   1              		.cpu cortex-m0
   2              		.fpu softvfp
   3              		.eabi_attribute 20, 1
   4              		.eabi_attribute 21, 1
   5              		.eabi_attribute 23, 3
   6              		.eabi_attribute 24, 1
   7              		.eabi_attribute 25, 1
   8              		.eabi_attribute 26, 1
   9              		.eabi_attribute 30, 6
  10              		.eabi_attribute 34, 0
  11              		.eabi_attribute 18, 4
  12              		.code	16
  13              		.file	"BLE_dis.c"
  14              		.text
  15              	.Ltext0:
  16              		.cfi_sections	.debug_frame
  17              		.global	cyBle_diss
  18              		.section	.rodata
  19              		.align	2
  20              		.type	cyBle_diss, %object
  21              		.size	cyBle_diss, 20
  22              	cyBle_diss:
  23 0000 1400     		.short	20
  24 0002 1600     		.short	22
  25 0004 1800     		.short	24
  26 0006 1A00     		.short	26
  27 0008 1C00     		.short	28
  28 000a 1E00     		.short	30
  29 000c 2000     		.short	32
  30 000e 2200     		.short	34
  31 0010 2400     		.short	36
  32 0012 2600     		.short	38
  33              		.section	.text.CyBle_DisInit,"ax",%progbits
  34              		.align	2
  35              		.global	CyBle_DisInit
  36              		.code	16
  37              		.thumb_func
  38              		.type	CyBle_DisInit, %function
  39              	CyBle_DisInit:
  40              	.LFB2:
  41              		.file 1 ".\\Generated_Source\\PSoC4\\BLE_dis.c"
   1:.\Generated_Source\PSoC4/BLE_dis.c **** /*******************************************************************************
   2:.\Generated_Source\PSoC4/BLE_dis.c **** File Name: CYBLE_dis.c
   3:.\Generated_Source\PSoC4/BLE_dis.c **** Version 1.20
   4:.\Generated_Source\PSoC4/BLE_dis.c **** 
   5:.\Generated_Source\PSoC4/BLE_dis.c **** Description:
   6:.\Generated_Source\PSoC4/BLE_dis.c ****  Contains the source code for the Device Information Service.
   7:.\Generated_Source\PSoC4/BLE_dis.c **** 
   8:.\Generated_Source\PSoC4/BLE_dis.c **** ********************************************************************************
   9:.\Generated_Source\PSoC4/BLE_dis.c **** Copyright 2014-2015, Cypress Semiconductor Corporation.  All rights reserved.
  10:.\Generated_Source\PSoC4/BLE_dis.c **** You may use this file only in accordance with the license, terms, conditions,
  11:.\Generated_Source\PSoC4/BLE_dis.c **** disclaimers, and limitations in the end user license agreement accompanying
  12:.\Generated_Source\PSoC4/BLE_dis.c **** the software package with which this file was provided.
  13:.\Generated_Source\PSoC4/BLE_dis.c **** *******************************************************************************/
  14:.\Generated_Source\PSoC4/BLE_dis.c **** 
  15:.\Generated_Source\PSoC4/BLE_dis.c **** 
  16:.\Generated_Source\PSoC4/BLE_dis.c **** #include "BLE_eventHandler.h"
ARM GAS  C:\Users\Shahed\AppData\Local\Temp\ccgEYIn6.s 			page 2


  17:.\Generated_Source\PSoC4/BLE_dis.c **** 
  18:.\Generated_Source\PSoC4/BLE_dis.c **** #ifdef CYBLE_DIS_SERVER
  19:.\Generated_Source\PSoC4/BLE_dis.c **** 
  20:.\Generated_Source\PSoC4/BLE_dis.c **** const CYBLE_DISS_T cyBle_diss =
  21:.\Generated_Source\PSoC4/BLE_dis.c **** {
  22:.\Generated_Source\PSoC4/BLE_dis.c ****     0x0014u,    /* Handle of the DIS service */
  23:.\Generated_Source\PSoC4/BLE_dis.c ****     {
  24:.\Generated_Source\PSoC4/BLE_dis.c ****         0x0016u, /* Handle of the Manufacturer Name String characteristic */ 
  25:.\Generated_Source\PSoC4/BLE_dis.c ****         0x0018u, /* Handle of the Model Number String characteristic */ 
  26:.\Generated_Source\PSoC4/BLE_dis.c ****         0x001Au, /* Handle of the Serial Number String characteristic */ 
  27:.\Generated_Source\PSoC4/BLE_dis.c ****         0x001Cu, /* Handle of the Hardware Revision String characteristic */ 
  28:.\Generated_Source\PSoC4/BLE_dis.c ****         0x001Eu, /* Handle of the Firmware Revision String characteristic */ 
  29:.\Generated_Source\PSoC4/BLE_dis.c ****         0x0020u, /* Handle of the Software Revision String characteristic */ 
  30:.\Generated_Source\PSoC4/BLE_dis.c ****         0x0022u, /* Handle of the System ID characteristic */ 
  31:.\Generated_Source\PSoC4/BLE_dis.c ****         0x0024u, /* Handle of the IEEE 11073-20601 Regulatory Certification Data List characteristi
  32:.\Generated_Source\PSoC4/BLE_dis.c ****         0x0026u, /* Handle of the PnP ID characteristic */ 
  33:.\Generated_Source\PSoC4/BLE_dis.c ****     },
  34:.\Generated_Source\PSoC4/BLE_dis.c **** };
  35:.\Generated_Source\PSoC4/BLE_dis.c **** 
  36:.\Generated_Source\PSoC4/BLE_dis.c **** #endif /* CYBLE_DIS_SERVER */
  37:.\Generated_Source\PSoC4/BLE_dis.c **** 
  38:.\Generated_Source\PSoC4/BLE_dis.c **** #ifdef CYBLE_DIS_CLIENT
  39:.\Generated_Source\PSoC4/BLE_dis.c **** 
  40:.\Generated_Source\PSoC4/BLE_dis.c **** CYBLE_DISC_T cyBle_disc;
  41:.\Generated_Source\PSoC4/BLE_dis.c **** static CYBLE_GATT_DB_ATTR_HANDLE_T cyBle_discReqHandle;
  42:.\Generated_Source\PSoC4/BLE_dis.c **** static CYBLE_CALLBACK_T CyBle_DisApplCallback = NULL;
  43:.\Generated_Source\PSoC4/BLE_dis.c **** 
  44:.\Generated_Source\PSoC4/BLE_dis.c **** #endif /* (CYBLE_DIS_CLIENT) */
  45:.\Generated_Source\PSoC4/BLE_dis.c **** 
  46:.\Generated_Source\PSoC4/BLE_dis.c **** 
  47:.\Generated_Source\PSoC4/BLE_dis.c **** /****************************************************************************** 
  48:.\Generated_Source\PSoC4/BLE_dis.c **** ##Function Name: CyBle_DisInit
  49:.\Generated_Source\PSoC4/BLE_dis.c **** *******************************************************************************
  50:.\Generated_Source\PSoC4/BLE_dis.c **** 
  51:.\Generated_Source\PSoC4/BLE_dis.c **** Summary:
  52:.\Generated_Source\PSoC4/BLE_dis.c ****  This function initializes the DIS service.
  53:.\Generated_Source\PSoC4/BLE_dis.c **** 
  54:.\Generated_Source\PSoC4/BLE_dis.c **** Parameters:
  55:.\Generated_Source\PSoC4/BLE_dis.c ****  None
  56:.\Generated_Source\PSoC4/BLE_dis.c **** 
  57:.\Generated_Source\PSoC4/BLE_dis.c **** Return:
  58:.\Generated_Source\PSoC4/BLE_dis.c ****  None
  59:.\Generated_Source\PSoC4/BLE_dis.c **** 
  60:.\Generated_Source\PSoC4/BLE_dis.c **** ******************************************************************************/
  61:.\Generated_Source\PSoC4/BLE_dis.c **** void CyBle_DisInit(void)
  62:.\Generated_Source\PSoC4/BLE_dis.c **** {
  42              		.loc 1 62 0
  43              		.cfi_startproc
  44 0000 80B5     		push	{r7, lr}
  45              		.cfi_def_cfa_offset 8
  46              		.cfi_offset 7, -8
  47              		.cfi_offset 14, -4
  48 0002 00AF     		add	r7, sp, #0
  49              		.cfi_def_cfa_register 7
  63:.\Generated_Source\PSoC4/BLE_dis.c **** 
  64:.\Generated_Source\PSoC4/BLE_dis.c **** #ifdef CYBLE_DIS_CLIENT
  65:.\Generated_Source\PSoC4/BLE_dis.c **** 
ARM GAS  C:\Users\Shahed\AppData\Local\Temp\ccgEYIn6.s 			page 3


  66:.\Generated_Source\PSoC4/BLE_dis.c ****     (void)memset(&cyBle_disc, 0, sizeof(cyBle_disc));
  67:.\Generated_Source\PSoC4/BLE_dis.c ****     cyBle_discReqHandle = CYBLE_GATT_INVALID_ATTR_HANDLE_VALUE;
  68:.\Generated_Source\PSoC4/BLE_dis.c **** 
  69:.\Generated_Source\PSoC4/BLE_dis.c **** #endif /* CYBLE_DIS_CLIENT */
  70:.\Generated_Source\PSoC4/BLE_dis.c **** 
  71:.\Generated_Source\PSoC4/BLE_dis.c **** }
  50              		.loc 1 71 0
  51 0004 BD46     		mov	sp, r7
  52              		@ sp needed
  53 0006 80BD     		pop	{r7, pc}
  54              		.cfi_endproc
  55              	.LFE2:
  56              		.size	CyBle_DisInit, .-CyBle_DisInit
  57              		.section	.text.CyBle_DisRegisterAttrCallback,"ax",%progbits
  58              		.align	2
  59              		.global	CyBle_DisRegisterAttrCallback
  60              		.code	16
  61              		.thumb_func
  62              		.type	CyBle_DisRegisterAttrCallback, %function
  63              	CyBle_DisRegisterAttrCallback:
  64              	.LFB3:
  72:.\Generated_Source\PSoC4/BLE_dis.c **** 
  73:.\Generated_Source\PSoC4/BLE_dis.c **** 
  74:.\Generated_Source\PSoC4/BLE_dis.c **** /****************************************************************************** 
  75:.\Generated_Source\PSoC4/BLE_dis.c **** ##Function Name: CyBle_DisRegisterAttrCallback
  76:.\Generated_Source\PSoC4/BLE_dis.c **** *******************************************************************************
  77:.\Generated_Source\PSoC4/BLE_dis.c **** 
  78:.\Generated_Source\PSoC4/BLE_dis.c **** Summary:
  79:.\Generated_Source\PSoC4/BLE_dis.c ****  Registers a callback function for service specific attribute operations.
  80:.\Generated_Source\PSoC4/BLE_dis.c **** 
  81:.\Generated_Source\PSoC4/BLE_dis.c **** Parameters:
  82:.\Generated_Source\PSoC4/BLE_dis.c ****  callbackFunc: An application layer event callback function to receive 
  83:.\Generated_Source\PSoC4/BLE_dis.c ****                    events from the BLE Component. The definition of 
  84:.\Generated_Source\PSoC4/BLE_dis.c ****                    CYBLE_CALLBACK_T for Device Information Service is,
  85:.\Generated_Source\PSoC4/BLE_dis.c ****             
  86:.\Generated_Source\PSoC4/BLE_dis.c ****                    typedef void (* CYBLE_CALLBACK_T) (uint32 eventCode, 
  87:.\Generated_Source\PSoC4/BLE_dis.c ****                                                       void *eventParam)
  88:.\Generated_Source\PSoC4/BLE_dis.c **** 
  89:.\Generated_Source\PSoC4/BLE_dis.c ****                    * eventCode indicates the event that triggered this 
  90:.\Generated_Source\PSoC4/BLE_dis.c ****                      callback.
  91:.\Generated_Source\PSoC4/BLE_dis.c ****                    * eventParam contains the parameters corresponding to the 
  92:.\Generated_Source\PSoC4/BLE_dis.c ****                      current event.
  93:.\Generated_Source\PSoC4/BLE_dis.c **** 
  94:.\Generated_Source\PSoC4/BLE_dis.c **** Return:
  95:.\Generated_Source\PSoC4/BLE_dis.c ****  None
  96:.\Generated_Source\PSoC4/BLE_dis.c **** 
  97:.\Generated_Source\PSoC4/BLE_dis.c **** ******************************************************************************/
  98:.\Generated_Source\PSoC4/BLE_dis.c **** void CyBle_DisRegisterAttrCallback(CYBLE_CALLBACK_T callbackFunc)
  99:.\Generated_Source\PSoC4/BLE_dis.c **** {
  65              		.loc 1 99 0
  66              		.cfi_startproc
  67 0000 80B5     		push	{r7, lr}
  68              		.cfi_def_cfa_offset 8
  69              		.cfi_offset 7, -8
  70              		.cfi_offset 14, -4
  71 0002 82B0     		sub	sp, sp, #8
  72              		.cfi_def_cfa_offset 16
ARM GAS  C:\Users\Shahed\AppData\Local\Temp\ccgEYIn6.s 			page 4


  73 0004 00AF     		add	r7, sp, #0
  74              		.cfi_def_cfa_register 7
  75 0006 7860     		str	r0, [r7, #4]
 100:.\Generated_Source\PSoC4/BLE_dis.c ****     
 101:.\Generated_Source\PSoC4/BLE_dis.c **** #ifdef CYBLE_DIS_CLIENT
 102:.\Generated_Source\PSoC4/BLE_dis.c ****     CyBle_DisApplCallback = callbackFunc;
 103:.\Generated_Source\PSoC4/BLE_dis.c **** #else
 104:.\Generated_Source\PSoC4/BLE_dis.c ****     if(callbackFunc != NULL) /* Callback doesn't have events in server mode */
 105:.\Generated_Source\PSoC4/BLE_dis.c ****     {
 106:.\Generated_Source\PSoC4/BLE_dis.c ****     }
 107:.\Generated_Source\PSoC4/BLE_dis.c **** #endif /* CYBLE_DIS_CLIENT */
 108:.\Generated_Source\PSoC4/BLE_dis.c ****     
 109:.\Generated_Source\PSoC4/BLE_dis.c **** }
  76              		.loc 1 109 0
  77 0008 BD46     		mov	sp, r7
  78 000a 02B0     		add	sp, sp, #8
  79              		@ sp needed
  80 000c 80BD     		pop	{r7, pc}
  81              		.cfi_endproc
  82              	.LFE3:
  83              		.size	CyBle_DisRegisterAttrCallback, .-CyBle_DisRegisterAttrCallback
  84 000e C046     		.section	.text.CyBle_DissSetCharacteristicValue,"ax",%progbits
  85              		.align	2
  86              		.global	CyBle_DissSetCharacteristicValue
  87              		.code	16
  88              		.thumb_func
  89              		.type	CyBle_DissSetCharacteristicValue, %function
  90              	CyBle_DissSetCharacteristicValue:
  91              	.LFB4:
 110:.\Generated_Source\PSoC4/BLE_dis.c **** 
 111:.\Generated_Source\PSoC4/BLE_dis.c **** #ifdef CYBLE_DIS_SERVER
 112:.\Generated_Source\PSoC4/BLE_dis.c **** 
 113:.\Generated_Source\PSoC4/BLE_dis.c **** 
 114:.\Generated_Source\PSoC4/BLE_dis.c **** /******************************************************************************
 115:.\Generated_Source\PSoC4/BLE_dis.c **** ##Function Name: CyBle_DissSetCharacteristicValue
 116:.\Generated_Source\PSoC4/BLE_dis.c **** *******************************************************************************
 117:.\Generated_Source\PSoC4/BLE_dis.c **** 
 118:.\Generated_Source\PSoC4/BLE_dis.c **** Summary:
 119:.\Generated_Source\PSoC4/BLE_dis.c ****  Sets a characteristic value of the service, which is identified by charIndex,
 120:.\Generated_Source\PSoC4/BLE_dis.c ****  to the local database.
 121:.\Generated_Source\PSoC4/BLE_dis.c **** 
 122:.\Generated_Source\PSoC4/BLE_dis.c **** 
 123:.\Generated_Source\PSoC4/BLE_dis.c **** Parameters:
 124:.\Generated_Source\PSoC4/BLE_dis.c ****  charIndex: The index of a service characteristic.
 125:.\Generated_Source\PSoC4/BLE_dis.c ****  attrSize: The size of the characteristic value attribute.
 126:.\Generated_Source\PSoC4/BLE_dis.c ****  *attrValue: The pointer to the characteristic value data that should be
 127:.\Generated_Source\PSoC4/BLE_dis.c ****                   stored to the GATT database.
 128:.\Generated_Source\PSoC4/BLE_dis.c **** 
 129:.\Generated_Source\PSoC4/BLE_dis.c **** Return:
 130:.\Generated_Source\PSoC4/BLE_dis.c ****  Return value is of type CYBLE_API_RESULT_T.
 131:.\Generated_Source\PSoC4/BLE_dis.c ****  * CYBLE_ERROR_OK - The request handled successfully
 132:.\Generated_Source\PSoC4/BLE_dis.c ****  * CYBLE_ERROR_INVALID_PARAMETER - Validation of the input parameter failed
 133:.\Generated_Source\PSoC4/BLE_dis.c **** 
 134:.\Generated_Source\PSoC4/BLE_dis.c **** ******************************************************************************/
 135:.\Generated_Source\PSoC4/BLE_dis.c **** CYBLE_API_RESULT_T CyBle_DissSetCharacteristicValue(CYBLE_DIS_CHAR_INDEX_T charIndex, uint8 attrSiz
 136:.\Generated_Source\PSoC4/BLE_dis.c **** {
  92              		.loc 1 136 0
ARM GAS  C:\Users\Shahed\AppData\Local\Temp\ccgEYIn6.s 			page 5


  93              		.cfi_startproc
  94 0000 80B5     		push	{r7, lr}
  95              		.cfi_def_cfa_offset 8
  96              		.cfi_offset 7, -8
  97              		.cfi_offset 14, -4
  98 0002 86B0     		sub	sp, sp, #24
  99              		.cfi_def_cfa_offset 32
 100 0004 00AF     		add	r7, sp, #0
 101              		.cfi_def_cfa_register 7
 102 0006 3A60     		str	r2, [r7]
 103 0008 FB1D     		add	r3, r7, #7
 104 000a 021C     		add	r2, r0, #0
 105 000c 1A70     		strb	r2, [r3]
 106 000e BB1D     		add	r3, r7, #6
 107 0010 0A1C     		add	r2, r1, #0
 108 0012 1A70     		strb	r2, [r3]
 137:.\Generated_Source\PSoC4/BLE_dis.c ****     CYBLE_API_RESULT_T apiResult = CYBLE_ERROR_OK;
 109              		.loc 1 137 0
 110 0014 3B1C     		mov	r3, r7
 111 0016 1633     		add	r3, r3, #22
 112 0018 0022     		mov	r2, #0
 113 001a 1A80     		strh	r2, [r3]
 138:.\Generated_Source\PSoC4/BLE_dis.c ****     CYBLE_GATT_HANDLE_VALUE_PAIR_T locHandleValuePair;
 139:.\Generated_Source\PSoC4/BLE_dis.c **** 
 140:.\Generated_Source\PSoC4/BLE_dis.c ****     if(charIndex >= CYBLE_DIS_CHAR_COUNT)
 114              		.loc 1 140 0
 115 001c FB1D     		add	r3, r7, #7
 116 001e 1B78     		ldrb	r3, [r3]
 117 0020 082B     		cmp	r3, #8
 118 0022 04D9     		bls	.L4
 141:.\Generated_Source\PSoC4/BLE_dis.c ****     {
 142:.\Generated_Source\PSoC4/BLE_dis.c ****         apiResult = CYBLE_ERROR_INVALID_PARAMETER;
 119              		.loc 1 142 0
 120 0024 3B1C     		mov	r3, r7
 121 0026 1633     		add	r3, r3, #22
 122 0028 0122     		mov	r2, #1
 123 002a 1A80     		strh	r2, [r3]
 124 002c 21E0     		b	.L5
 125              	.L4:
 143:.\Generated_Source\PSoC4/BLE_dis.c ****     }
 144:.\Generated_Source\PSoC4/BLE_dis.c ****     else
 145:.\Generated_Source\PSoC4/BLE_dis.c ****     {
 146:.\Generated_Source\PSoC4/BLE_dis.c ****         /* Store data in database */
 147:.\Generated_Source\PSoC4/BLE_dis.c ****         locHandleValuePair.attrHandle = cyBle_diss.charHandle[charIndex];
 126              		.loc 1 147 0
 127 002e FB1D     		add	r3, r7, #7
 128 0030 1B78     		ldrb	r3, [r3]
 129 0032 134A     		ldr	r2, .L7
 130 0034 5B00     		lsl	r3, r3, #1
 131 0036 D318     		add	r3, r2, r3
 132 0038 5A88     		ldrh	r2, [r3, #2]
 133 003a 3B1C     		mov	r3, r7
 134 003c 0833     		add	r3, r3, #8
 135 003e 1A81     		strh	r2, [r3, #8]
 148:.\Generated_Source\PSoC4/BLE_dis.c ****         locHandleValuePair.value.len = attrSize;
 136              		.loc 1 148 0
 137 0040 BB1D     		add	r3, r7, #6
ARM GAS  C:\Users\Shahed\AppData\Local\Temp\ccgEYIn6.s 			page 6


 138 0042 1B78     		ldrb	r3, [r3]
 139 0044 9AB2     		uxth	r2, r3
 140 0046 3B1C     		mov	r3, r7
 141 0048 0833     		add	r3, r3, #8
 142 004a 9A80     		strh	r2, [r3, #4]
 149:.\Generated_Source\PSoC4/BLE_dis.c ****         locHandleValuePair.value.val = attrValue;
 143              		.loc 1 149 0
 144 004c 3B1C     		mov	r3, r7
 145 004e 0833     		add	r3, r3, #8
 146 0050 3A68     		ldr	r2, [r7]
 147 0052 1A60     		str	r2, [r3]
 150:.\Generated_Source\PSoC4/BLE_dis.c ****         if(CYBLE_GATT_ERR_NONE !=
 151:.\Generated_Source\PSoC4/BLE_dis.c ****             CyBle_GattsWriteAttributeValue(&locHandleValuePair, 0u, NULL, CYBLE_GATT_DB_LOCALLY_INI
 148              		.loc 1 151 0
 149 0054 3B1C     		mov	r3, r7
 150 0056 0833     		add	r3, r3, #8
 151 0058 181C     		mov	r0, r3
 152 005a 0021     		mov	r1, #0
 153 005c 0022     		mov	r2, #0
 154 005e 0023     		mov	r3, #0
 155 0060 FFF7FEFF 		bl	CyBle_GattsWriteAttributeValue
 156 0064 031C     		mov	r3, r0
 150:.\Generated_Source\PSoC4/BLE_dis.c ****         if(CYBLE_GATT_ERR_NONE !=
 157              		.loc 1 150 0
 158 0066 002B     		cmp	r3, #0
 159 0068 03D0     		beq	.L5
 152:.\Generated_Source\PSoC4/BLE_dis.c ****         {
 153:.\Generated_Source\PSoC4/BLE_dis.c ****             apiResult = CYBLE_ERROR_INVALID_PARAMETER;
 160              		.loc 1 153 0
 161 006a 3B1C     		mov	r3, r7
 162 006c 1633     		add	r3, r3, #22
 163 006e 0122     		mov	r2, #1
 164 0070 1A80     		strh	r2, [r3]
 165              	.L5:
 154:.\Generated_Source\PSoC4/BLE_dis.c ****         }
 155:.\Generated_Source\PSoC4/BLE_dis.c ****     }
 156:.\Generated_Source\PSoC4/BLE_dis.c ****     return (apiResult);
 166              		.loc 1 156 0
 167 0072 3B1C     		mov	r3, r7
 168 0074 1633     		add	r3, r3, #22
 169 0076 1B88     		ldrh	r3, [r3]
 157:.\Generated_Source\PSoC4/BLE_dis.c **** }
 170              		.loc 1 157 0
 171 0078 181C     		mov	r0, r3
 172 007a BD46     		mov	sp, r7
 173 007c 06B0     		add	sp, sp, #24
 174              		@ sp needed
 175 007e 80BD     		pop	{r7, pc}
 176              	.L8:
 177              		.align	2
 178              	.L7:
 179 0080 00000000 		.word	cyBle_diss
 180              		.cfi_endproc
 181              	.LFE4:
 182              		.size	CyBle_DissSetCharacteristicValue, .-CyBle_DissSetCharacteristicValue
 183              		.section	.text.CyBle_DissGetCharacteristicValue,"ax",%progbits
 184              		.align	2
ARM GAS  C:\Users\Shahed\AppData\Local\Temp\ccgEYIn6.s 			page 7


 185              		.global	CyBle_DissGetCharacteristicValue
 186              		.code	16
 187              		.thumb_func
 188              		.type	CyBle_DissGetCharacteristicValue, %function
 189              	CyBle_DissGetCharacteristicValue:
 190              	.LFB5:
 158:.\Generated_Source\PSoC4/BLE_dis.c **** 
 159:.\Generated_Source\PSoC4/BLE_dis.c **** 
 160:.\Generated_Source\PSoC4/BLE_dis.c **** /******************************************************************************
 161:.\Generated_Source\PSoC4/BLE_dis.c **** ##Function Name: CyBle_DissGetCharacteristicValue
 162:.\Generated_Source\PSoC4/BLE_dis.c **** *******************************************************************************
 163:.\Generated_Source\PSoC4/BLE_dis.c **** 
 164:.\Generated_Source\PSoC4/BLE_dis.c **** Summary:
 165:.\Generated_Source\PSoC4/BLE_dis.c ****  Gets a characteristic value of the service, which is identified by charIndex,
 166:.\Generated_Source\PSoC4/BLE_dis.c ****  from the GATT database.
 167:.\Generated_Source\PSoC4/BLE_dis.c **** 
 168:.\Generated_Source\PSoC4/BLE_dis.c **** Parameters:
 169:.\Generated_Source\PSoC4/BLE_dis.c ****  charIndex: The index of a service characteristic.
 170:.\Generated_Source\PSoC4/BLE_dis.c ****  attrSize: The size of the characteristic value attribute.
 171:.\Generated_Source\PSoC4/BLE_dis.c ****  *attrValue: The pointer to the location where characteristic value data
 172:.\Generated_Source\PSoC4/BLE_dis.c ****               should be stored.
 173:.\Generated_Source\PSoC4/BLE_dis.c **** 
 174:.\Generated_Source\PSoC4/BLE_dis.c **** Return:
 175:.\Generated_Source\PSoC4/BLE_dis.c ****  Return value is of type CYBLE_API_RESULT_T.
 176:.\Generated_Source\PSoC4/BLE_dis.c ****  Return value is of type CYBLE_API_RESULT_T.
 177:.\Generated_Source\PSoC4/BLE_dis.c ****  * CYBLE_ERROR_OK - The request handled successfully
 178:.\Generated_Source\PSoC4/BLE_dis.c ****  * CYBLE_ERROR_INVALID_PARAMETER - Validation of the input parameter failed
 179:.\Generated_Source\PSoC4/BLE_dis.c **** 
 180:.\Generated_Source\PSoC4/BLE_dis.c **** ******************************************************************************/
 181:.\Generated_Source\PSoC4/BLE_dis.c **** CYBLE_API_RESULT_T CyBle_DissGetCharacteristicValue(CYBLE_DIS_CHAR_INDEX_T charIndex, uint8 attrSiz
 182:.\Generated_Source\PSoC4/BLE_dis.c **** {
 191              		.loc 1 182 0
 192              		.cfi_startproc
 193 0000 80B5     		push	{r7, lr}
 194              		.cfi_def_cfa_offset 8
 195              		.cfi_offset 7, -8
 196              		.cfi_offset 14, -4
 197 0002 86B0     		sub	sp, sp, #24
 198              		.cfi_def_cfa_offset 32
 199 0004 00AF     		add	r7, sp, #0
 200              		.cfi_def_cfa_register 7
 201 0006 3A60     		str	r2, [r7]
 202 0008 FB1D     		add	r3, r7, #7
 203 000a 021C     		add	r2, r0, #0
 204 000c 1A70     		strb	r2, [r3]
 205 000e BB1D     		add	r3, r7, #6
 206 0010 0A1C     		add	r2, r1, #0
 207 0012 1A70     		strb	r2, [r3]
 183:.\Generated_Source\PSoC4/BLE_dis.c ****     CYBLE_API_RESULT_T apiResult = CYBLE_ERROR_OK;
 208              		.loc 1 183 0
 209 0014 3B1C     		mov	r3, r7
 210 0016 1633     		add	r3, r3, #22
 211 0018 0022     		mov	r2, #0
 212 001a 1A80     		strh	r2, [r3]
 184:.\Generated_Source\PSoC4/BLE_dis.c ****     CYBLE_GATT_HANDLE_VALUE_PAIR_T locHandleValuePair;
 185:.\Generated_Source\PSoC4/BLE_dis.c **** 
 186:.\Generated_Source\PSoC4/BLE_dis.c ****     if(charIndex >= CYBLE_DIS_CHAR_COUNT)
ARM GAS  C:\Users\Shahed\AppData\Local\Temp\ccgEYIn6.s 			page 8


 213              		.loc 1 186 0
 214 001c FB1D     		add	r3, r7, #7
 215 001e 1B78     		ldrb	r3, [r3]
 216 0020 082B     		cmp	r3, #8
 217 0022 04D9     		bls	.L10
 187:.\Generated_Source\PSoC4/BLE_dis.c ****     {
 188:.\Generated_Source\PSoC4/BLE_dis.c ****         apiResult = CYBLE_ERROR_INVALID_PARAMETER;
 218              		.loc 1 188 0
 219 0024 3B1C     		mov	r3, r7
 220 0026 1633     		add	r3, r3, #22
 221 0028 0122     		mov	r2, #1
 222 002a 1A80     		strh	r2, [r3]
 223 002c 20E0     		b	.L11
 224              	.L10:
 189:.\Generated_Source\PSoC4/BLE_dis.c ****     }
 190:.\Generated_Source\PSoC4/BLE_dis.c ****     else
 191:.\Generated_Source\PSoC4/BLE_dis.c ****     {
 192:.\Generated_Source\PSoC4/BLE_dis.c ****         /* Read characteristic value from database */
 193:.\Generated_Source\PSoC4/BLE_dis.c ****         locHandleValuePair.attrHandle = cyBle_diss.charHandle[charIndex];
 225              		.loc 1 193 0
 226 002e FB1D     		add	r3, r7, #7
 227 0030 1B78     		ldrb	r3, [r3]
 228 0032 134A     		ldr	r2, .L13
 229 0034 5B00     		lsl	r3, r3, #1
 230 0036 D318     		add	r3, r2, r3
 231 0038 5A88     		ldrh	r2, [r3, #2]
 232 003a 3B1C     		mov	r3, r7
 233 003c 0833     		add	r3, r3, #8
 234 003e 1A81     		strh	r2, [r3, #8]
 194:.\Generated_Source\PSoC4/BLE_dis.c ****         locHandleValuePair.value.len = attrSize;
 235              		.loc 1 194 0
 236 0040 BB1D     		add	r3, r7, #6
 237 0042 1B78     		ldrb	r3, [r3]
 238 0044 9AB2     		uxth	r2, r3
 239 0046 3B1C     		mov	r3, r7
 240 0048 0833     		add	r3, r3, #8
 241 004a 9A80     		strh	r2, [r3, #4]
 195:.\Generated_Source\PSoC4/BLE_dis.c ****         locHandleValuePair.value.val = attrValue;
 242              		.loc 1 195 0
 243 004c 3B1C     		mov	r3, r7
 244 004e 0833     		add	r3, r3, #8
 245 0050 3A68     		ldr	r2, [r7]
 246 0052 1A60     		str	r2, [r3]
 196:.\Generated_Source\PSoC4/BLE_dis.c ****         if(CYBLE_GATT_ERR_NONE !=
 197:.\Generated_Source\PSoC4/BLE_dis.c ****             CyBle_GattsReadAttributeValue(&locHandleValuePair, NULL, CYBLE_GATT_DB_LOCALLY_INITIATE
 247              		.loc 1 197 0
 248 0054 3B1C     		mov	r3, r7
 249 0056 0833     		add	r3, r3, #8
 250 0058 181C     		mov	r0, r3
 251 005a 0021     		mov	r1, #0
 252 005c 0022     		mov	r2, #0
 253 005e FFF7FEFF 		bl	CyBle_GattsReadAttributeValue
 254 0062 031C     		mov	r3, r0
 196:.\Generated_Source\PSoC4/BLE_dis.c ****         if(CYBLE_GATT_ERR_NONE !=
 255              		.loc 1 196 0
 256 0064 002B     		cmp	r3, #0
 257 0066 03D0     		beq	.L11
ARM GAS  C:\Users\Shahed\AppData\Local\Temp\ccgEYIn6.s 			page 9


 198:.\Generated_Source\PSoC4/BLE_dis.c ****         {
 199:.\Generated_Source\PSoC4/BLE_dis.c ****             apiResult = CYBLE_ERROR_INVALID_PARAMETER;
 258              		.loc 1 199 0
 259 0068 3B1C     		mov	r3, r7
 260 006a 1633     		add	r3, r3, #22
 261 006c 0122     		mov	r2, #1
 262 006e 1A80     		strh	r2, [r3]
 263              	.L11:
 200:.\Generated_Source\PSoC4/BLE_dis.c ****         }
 201:.\Generated_Source\PSoC4/BLE_dis.c ****     }
 202:.\Generated_Source\PSoC4/BLE_dis.c ****     return (apiResult);
 264              		.loc 1 202 0
 265 0070 3B1C     		mov	r3, r7
 266 0072 1633     		add	r3, r3, #22
 267 0074 1B88     		ldrh	r3, [r3]
 203:.\Generated_Source\PSoC4/BLE_dis.c **** }
 268              		.loc 1 203 0
 269 0076 181C     		mov	r0, r3
 270 0078 BD46     		mov	sp, r7
 271 007a 06B0     		add	sp, sp, #24
 272              		@ sp needed
 273 007c 80BD     		pop	{r7, pc}
 274              	.L14:
 275 007e C046     		.align	2
 276              	.L13:
 277 0080 00000000 		.word	cyBle_diss
 278              		.cfi_endproc
 279              	.LFE5:
 280              		.size	CyBle_DissGetCharacteristicValue, .-CyBle_DissGetCharacteristicValue
 281              		.text
 282              	.Letext0:
 283              		.file 2 ".\\Generated_Source\\PSoC4\\cytypes.h"
 284              		.file 3 ".\\Generated_Source\\PSoC4\\BLE_Stack.h"
 285              		.file 4 ".\\Generated_Source\\PSoC4\\BLE_StackGatt.h"
 286              		.file 5 ".\\Generated_Source\\PSoC4\\BLE.h"
 287              		.file 6 ".\\Generated_Source\\PSoC4\\BLE_dis.h"
 288              		.file 7 ".\\Generated_Source\\PSoC4\\BLE_hrs.h"
 289              		.section	.debug_info,"",%progbits
 290              	.Ldebug_info0:
 291 0000 03060000 		.4byte	0x603
 292 0004 0400     		.2byte	0x4
 293 0006 00000000 		.4byte	.Ldebug_abbrev0
 294 000a 04       		.byte	0x4
 295 000b 01       		.uleb128 0x1
 296 000c 170B0000 		.4byte	.LASF163
 297 0010 01       		.byte	0x1
 298 0011 F40A0000 		.4byte	.LASF164
 299 0015 080E0000 		.4byte	.LASF165
 300 0019 00000000 		.4byte	.Ldebug_ranges0+0
 301 001d 00000000 		.4byte	0
 302 0021 00000000 		.4byte	.Ldebug_line0
 303 0025 02       		.uleb128 0x2
 304 0026 01       		.byte	0x1
 305 0027 06       		.byte	0x6
 306 0028 A7020000 		.4byte	.LASF0
 307 002c 02       		.uleb128 0x2
 308 002d 01       		.byte	0x1
ARM GAS  C:\Users\Shahed\AppData\Local\Temp\ccgEYIn6.s 			page 10


 309 002e 08       		.byte	0x8
 310 002f 160C0000 		.4byte	.LASF1
 311 0033 02       		.uleb128 0x2
 312 0034 02       		.byte	0x2
 313 0035 05       		.byte	0x5
 314 0036 15080000 		.4byte	.LASF2
 315 003a 02       		.uleb128 0x2
 316 003b 02       		.byte	0x2
 317 003c 07       		.byte	0x7
 318 003d A50F0000 		.4byte	.LASF3
 319 0041 02       		.uleb128 0x2
 320 0042 04       		.byte	0x4
 321 0043 05       		.byte	0x5
 322 0044 A7010000 		.4byte	.LASF4
 323 0048 02       		.uleb128 0x2
 324 0049 04       		.byte	0x4
 325 004a 07       		.byte	0x7
 326 004b 41060000 		.4byte	.LASF5
 327 004f 02       		.uleb128 0x2
 328 0050 08       		.byte	0x8
 329 0051 05       		.byte	0x5
 330 0052 99020000 		.4byte	.LASF6
 331 0056 02       		.uleb128 0x2
 332 0057 08       		.byte	0x8
 333 0058 07       		.byte	0x7
 334 0059 7A050000 		.4byte	.LASF7
 335 005d 03       		.uleb128 0x3
 336 005e 04       		.byte	0x4
 337 005f 05       		.byte	0x5
 338 0060 696E7400 		.ascii	"int\000"
 339 0064 02       		.uleb128 0x2
 340 0065 04       		.byte	0x4
 341 0066 07       		.byte	0x7
 342 0067 A40E0000 		.4byte	.LASF8
 343 006b 04       		.uleb128 0x4
 344 006c 18040000 		.4byte	.LASF9
 345 0070 02       		.byte	0x2
 346 0071 A1       		.byte	0xa1
 347 0072 2C000000 		.4byte	0x2c
 348 0076 04       		.uleb128 0x4
 349 0077 3F000000 		.4byte	.LASF10
 350 007b 02       		.byte	0x2
 351 007c A2       		.byte	0xa2
 352 007d 3A000000 		.4byte	0x3a
 353 0081 04       		.uleb128 0x4
 354 0082 9F040000 		.4byte	.LASF11
 355 0086 02       		.byte	0x2
 356 0087 A3       		.byte	0xa3
 357 0088 48000000 		.4byte	0x48
 358 008c 02       		.uleb128 0x2
 359 008d 04       		.byte	0x4
 360 008e 04       		.byte	0x4
 361 008f EE0A0000 		.4byte	.LASF12
 362 0093 02       		.uleb128 0x2
 363 0094 08       		.byte	0x8
 364 0095 04       		.byte	0x4
 365 0096 3D040000 		.4byte	.LASF13
ARM GAS  C:\Users\Shahed\AppData\Local\Temp\ccgEYIn6.s 			page 11


 366 009a 02       		.uleb128 0x2
 367 009b 01       		.byte	0x1
 368 009c 08       		.byte	0x8
 369 009d 460E0000 		.4byte	.LASF14
 370 00a1 02       		.uleb128 0x2
 371 00a2 04       		.byte	0x4
 372 00a3 07       		.byte	0x7
 373 00a4 5E090000 		.4byte	.LASF15
 374 00a8 05       		.uleb128 0x5
 375 00a9 04       		.byte	0x4
 376 00aa 06       		.uleb128 0x6
 377 00ab 01       		.byte	0x1
 378 00ac 03       		.byte	0x3
 379 00ad 58       		.byte	0x58
 380 00ae 1A020000 		.4byte	0x21a
 381 00b2 07       		.uleb128 0x7
 382 00b3 3B070000 		.4byte	.LASF16
 383 00b7 00       		.sleb128 0
 384 00b8 07       		.uleb128 0x7
 385 00b9 B3020000 		.4byte	.LASF17
 386 00bd 01       		.sleb128 1
 387 00be 07       		.uleb128 0x7
 388 00bf 95010000 		.4byte	.LASF18
 389 00c3 02       		.sleb128 2
 390 00c4 07       		.uleb128 0x7
 391 00c5 8C0F0000 		.4byte	.LASF19
 392 00c9 03       		.sleb128 3
 393 00ca 07       		.uleb128 0x7
 394 00cb E8010000 		.4byte	.LASF20
 395 00cf 04       		.sleb128 4
 396 00d0 07       		.uleb128 0x7
 397 00d1 23000000 		.4byte	.LASF21
 398 00d5 05       		.sleb128 5
 399 00d6 07       		.uleb128 0x7
 400 00d7 C1080000 		.4byte	.LASF22
 401 00db 20       		.sleb128 32
 402 00dc 07       		.uleb128 0x7
 403 00dd 2B030000 		.4byte	.LASF23
 404 00e1 21       		.sleb128 33
 405 00e2 07       		.uleb128 0x7
 406 00e3 A1100000 		.4byte	.LASF24
 407 00e7 22       		.sleb128 34
 408 00e8 07       		.uleb128 0x7
 409 00e9 1F080000 		.4byte	.LASF25
 410 00ed 23       		.sleb128 35
 411 00ee 07       		.uleb128 0x7
 412 00ef FF090000 		.4byte	.LASF26
 413 00f3 24       		.sleb128 36
 414 00f4 07       		.uleb128 0x7
 415 00f5 8C090000 		.4byte	.LASF27
 416 00f9 25       		.sleb128 37
 417 00fa 07       		.uleb128 0x7
 418 00fb CD030000 		.4byte	.LASF28
 419 00ff 26       		.sleb128 38
 420 0100 07       		.uleb128 0x7
 421 0101 BA070000 		.4byte	.LASF29
 422 0105 27       		.sleb128 39
ARM GAS  C:\Users\Shahed\AppData\Local\Temp\ccgEYIn6.s 			page 12


 423 0106 07       		.uleb128 0x7
 424 0107 820E0000 		.4byte	.LASF30
 425 010b 28       		.sleb128 40
 426 010c 07       		.uleb128 0x7
 427 010d 51020000 		.4byte	.LASF31
 428 0111 29       		.sleb128 41
 429 0112 07       		.uleb128 0x7
 430 0113 F4000000 		.4byte	.LASF32
 431 0117 2A       		.sleb128 42
 432 0118 07       		.uleb128 0x7
 433 0119 FD010000 		.4byte	.LASF33
 434 011d 2B       		.sleb128 43
 435 011e 07       		.uleb128 0x7
 436 011f 76110000 		.4byte	.LASF34
 437 0123 2C       		.sleb128 44
 438 0124 07       		.uleb128 0x7
 439 0125 B80F0000 		.4byte	.LASF35
 440 0129 C000     		.sleb128 64
 441 012b 07       		.uleb128 0x7
 442 012c 53080000 		.4byte	.LASF36
 443 0130 C100     		.sleb128 65
 444 0132 07       		.uleb128 0x7
 445 0133 CC050000 		.4byte	.LASF37
 446 0137 C200     		.sleb128 66
 447 0139 07       		.uleb128 0x7
 448 013a 56100000 		.4byte	.LASF38
 449 013e C300     		.sleb128 67
 450 0140 07       		.uleb128 0x7
 451 0141 90060000 		.4byte	.LASF39
 452 0145 C400     		.sleb128 68
 453 0147 07       		.uleb128 0x7
 454 0148 C70A0000 		.4byte	.LASF40
 455 014c C500     		.sleb128 69
 456 014e 07       		.uleb128 0x7
 457 014f 3D090000 		.4byte	.LASF41
 458 0153 C600     		.sleb128 70
 459 0155 07       		.uleb128 0x7
 460 0156 52070000 		.4byte	.LASF42
 461 015a C700     		.sleb128 71
 462 015c 07       		.uleb128 0x7
 463 015d 42110000 		.4byte	.LASF43
 464 0161 C800     		.sleb128 72
 465 0163 07       		.uleb128 0x7
 466 0164 46000000 		.4byte	.LASF44
 467 0168 C900     		.sleb128 73
 468 016a 07       		.uleb128 0x7
 469 016b C5100000 		.4byte	.LASF45
 470 016f CA00     		.sleb128 74
 471 0171 07       		.uleb128 0x7
 472 0172 3E010000 		.4byte	.LASF46
 473 0176 CB00     		.sleb128 75
 474 0178 07       		.uleb128 0x7
 475 0179 76060000 		.4byte	.LASF47
 476 017d CC00     		.sleb128 76
 477 017f 07       		.uleb128 0x7
 478 0180 B10E0000 		.4byte	.LASF48
 479 0184 CD00     		.sleb128 77
ARM GAS  C:\Users\Shahed\AppData\Local\Temp\ccgEYIn6.s 			page 13


 480 0186 07       		.uleb128 0x7
 481 0187 9A030000 		.4byte	.LASF49
 482 018b CE00     		.sleb128 78
 483 018d 07       		.uleb128 0x7
 484 018e 500D0000 		.4byte	.LASF50
 485 0192 CF00     		.sleb128 79
 486 0194 07       		.uleb128 0x7
 487 0195 5D010000 		.4byte	.LASF51
 488 0199 D000     		.sleb128 80
 489 019b 07       		.uleb128 0x7
 490 019c 1E040000 		.4byte	.LASF52
 491 01a0 D100     		.sleb128 81
 492 01a2 07       		.uleb128 0x7
 493 01a3 380A0000 		.4byte	.LASF53
 494 01a7 D200     		.sleb128 82
 495 01a9 07       		.uleb128 0x7
 496 01aa D50C0000 		.4byte	.LASF54
 497 01ae D300     		.sleb128 83
 498 01b0 07       		.uleb128 0x7
 499 01b1 790D0000 		.4byte	.LASF55
 500 01b5 D400     		.sleb128 84
 501 01b7 07       		.uleb128 0x7
 502 01b8 AE060000 		.4byte	.LASF56
 503 01bc D500     		.sleb128 85
 504 01be 07       		.uleb128 0x7
 505 01bf EE040000 		.4byte	.LASF57
 506 01c3 F000     		.sleb128 112
 507 01c5 07       		.uleb128 0x7
 508 01c6 E3110000 		.4byte	.LASF58
 509 01ca F100     		.sleb128 113
 510 01cc 07       		.uleb128 0x7
 511 01cd 6E080000 		.4byte	.LASF59
 512 01d1 F200     		.sleb128 114
 513 01d3 07       		.uleb128 0x7
 514 01d4 1F090000 		.4byte	.LASF60
 515 01d8 F300     		.sleb128 115
 516 01da 07       		.uleb128 0x7
 517 01db A90A0000 		.4byte	.LASF61
 518 01df F400     		.sleb128 116
 519 01e1 07       		.uleb128 0x7
 520 01e2 AD110000 		.4byte	.LASF62
 521 01e6 F500     		.sleb128 117
 522 01e8 07       		.uleb128 0x7
 523 01e9 1D010000 		.4byte	.LASF63
 524 01ed F600     		.sleb128 118
 525 01ef 07       		.uleb128 0x7
 526 01f0 5F000000 		.4byte	.LASF64
 527 01f4 F700     		.sleb128 119
 528 01f6 07       		.uleb128 0x7
 529 01f7 00000000 		.4byte	.LASF65
 530 01fb F800     		.sleb128 120
 531 01fd 07       		.uleb128 0x7
 532 01fe CB0E0000 		.4byte	.LASF66
 533 0202 F900     		.sleb128 121
 534 0204 07       		.uleb128 0x7
 535 0205 36050000 		.4byte	.LASF67
 536 0209 FA00     		.sleb128 122
ARM GAS  C:\Users\Shahed\AppData\Local\Temp\ccgEYIn6.s 			page 14


 537 020b 07       		.uleb128 0x7
 538 020c 1C020000 		.4byte	.LASF68
 539 0210 FA01     		.sleb128 250
 540 0212 07       		.uleb128 0x7
 541 0213 BD040000 		.4byte	.LASF69
 542 0217 FF01     		.sleb128 255
 543 0219 00       		.byte	0
 544 021a 08       		.uleb128 0x8
 545 021b 02       		.byte	0x2
 546 021c 03       		.byte	0x3
 547 021d 9A01     		.2byte	0x19a
 548 021f E6020000 		.4byte	0x2e6
 549 0223 07       		.uleb128 0x7
 550 0224 CB040000 		.4byte	.LASF70
 551 0228 00       		.sleb128 0
 552 0229 07       		.uleb128 0x7
 553 022a 44040000 		.4byte	.LASF71
 554 022e 01       		.sleb128 1
 555 022f 07       		.uleb128 0x7
 556 0230 D20F0000 		.4byte	.LASF72
 557 0234 02       		.sleb128 2
 558 0235 07       		.uleb128 0x7
 559 0236 7E000000 		.4byte	.LASF73
 560 023a 03       		.sleb128 3
 561 023b 07       		.uleb128 0x7
 562 023c 7E100000 		.4byte	.LASF74
 563 0240 04       		.sleb128 4
 564 0241 07       		.uleb128 0x7
 565 0242 AE050000 		.4byte	.LASF75
 566 0246 05       		.sleb128 5
 567 0247 07       		.uleb128 0x7
 568 0248 F60C0000 		.4byte	.LASF76
 569 024c 06       		.sleb128 6
 570 024d 07       		.uleb128 0x7
 571 024e 04030000 		.4byte	.LASF77
 572 0252 07       		.sleb128 7
 573 0253 07       		.uleb128 0x7
 574 0254 56120000 		.4byte	.LASF78
 575 0258 08       		.sleb128 8
 576 0259 07       		.uleb128 0x7
 577 025a 5A050000 		.4byte	.LASF79
 578 025e 09       		.sleb128 9
 579 025f 07       		.uleb128 0x7
 580 0260 D30B0000 		.4byte	.LASF80
 581 0264 0A       		.sleb128 10
 582 0265 07       		.uleb128 0x7
 583 0266 620E0000 		.4byte	.LASF81
 584 026a 0B       		.sleb128 11
 585 026b 07       		.uleb128 0x7
 586 026c 3A020000 		.4byte	.LASF82
 587 0270 0C       		.sleb128 12
 588 0271 07       		.uleb128 0x7
 589 0272 B0010000 		.4byte	.LASF83
 590 0276 0D       		.sleb128 13
 591 0277 07       		.uleb128 0x7
 592 0278 18060000 		.4byte	.LASF84
 593 027c 0E       		.sleb128 14
ARM GAS  C:\Users\Shahed\AppData\Local\Temp\ccgEYIn6.s 			page 15


 594 027d 07       		.uleb128 0x7
 595 027e 1D110000 		.4byte	.LASF85
 596 0282 0F       		.sleb128 15
 597 0283 07       		.uleb128 0x7
 598 0284 310F0000 		.4byte	.LASF86
 599 0288 10       		.sleb128 16
 600 0289 07       		.uleb128 0x7
 601 028a D2060000 		.4byte	.LASF87
 602 028e 11       		.sleb128 17
 603 028f 07       		.uleb128 0x7
 604 0290 F5030000 		.4byte	.LASF88
 605 0294 12       		.sleb128 18
 606 0295 07       		.uleb128 0x7
 607 0296 2E120000 		.4byte	.LASF89
 608 029a 13       		.sleb128 19
 609 029b 07       		.uleb128 0x7
 610 029c E2020000 		.4byte	.LASF90
 611 02a0 27       		.sleb128 39
 612 02a1 07       		.uleb128 0x7
 613 02a2 0C0F0000 		.4byte	.LASF91
 614 02a6 28       		.sleb128 40
 615 02a7 07       		.uleb128 0x7
 616 02a8 01110000 		.4byte	.LASF92
 617 02ac 29       		.sleb128 41
 618 02ad 07       		.uleb128 0x7
 619 02ae 0F090000 		.4byte	.LASF93
 620 02b2 FF01     		.sleb128 255
 621 02b4 07       		.uleb128 0x7
 622 02b5 B8030000 		.4byte	.LASF94
 623 02b9 8002     		.sleb128 256
 624 02bb 07       		.uleb128 0x7
 625 02bc CE110000 		.4byte	.LASF95
 626 02c0 8102     		.sleb128 257
 627 02c2 07       		.uleb128 0x7
 628 02c3 F9080000 		.4byte	.LASF96
 629 02c7 8202     		.sleb128 258
 630 02c9 07       		.uleb128 0x7
 631 02ca 7C010000 		.4byte	.LASF97
 632 02ce 8302     		.sleb128 259
 633 02d0 07       		.uleb128 0x7
 634 02d1 590A0000 		.4byte	.LASF98
 635 02d5 8402     		.sleb128 260
 636 02d7 07       		.uleb128 0x7
 637 02d8 A70C0000 		.4byte	.LASF99
 638 02dc 8502     		.sleb128 261
 639 02de 07       		.uleb128 0x7
 640 02df 80030000 		.4byte	.LASF100
 641 02e3 8602     		.sleb128 262
 642 02e5 00       		.byte	0
 643 02e6 09       		.uleb128 0x9
 644 02e7 250A0000 		.4byte	.LASF101
 645 02eb 03       		.byte	0x3
 646 02ec F401     		.2byte	0x1f4
 647 02ee 1A020000 		.4byte	0x21a
 648 02f2 0A       		.uleb128 0xa
 649 02f3 04       		.byte	0x4
 650 02f4 6B000000 		.4byte	0x6b
ARM GAS  C:\Users\Shahed\AppData\Local\Temp\ccgEYIn6.s 			page 16


 651 02f8 06       		.uleb128 0x6
 652 02f9 01       		.byte	0x1
 653 02fa 04       		.byte	0x4
 654 02fb A4       		.byte	0xa4
 655 02fc B3030000 		.4byte	0x3b3
 656 0300 07       		.uleb128 0x7
 657 0301 DA040000 		.4byte	.LASF102
 658 0305 00       		.sleb128 0
 659 0306 07       		.uleb128 0x7
 660 0307 C8000000 		.4byte	.LASF103
 661 030b 01       		.sleb128 1
 662 030c 07       		.uleb128 0x7
 663 030d 14050000 		.4byte	.LASF104
 664 0311 02       		.sleb128 2
 665 0312 07       		.uleb128 0x7
 666 0313 F6060000 		.4byte	.LASF105
 667 0317 03       		.sleb128 3
 668 0318 07       		.uleb128 0x7
 669 0319 65030000 		.4byte	.LASF106
 670 031d 04       		.sleb128 4
 671 031e 07       		.uleb128 0x7
 672 031f 6E020000 		.4byte	.LASF107
 673 0323 05       		.sleb128 5
 674 0324 07       		.uleb128 0x7
 675 0325 A3000000 		.4byte	.LASF108
 676 0329 06       		.sleb128 6
 677 032a 07       		.uleb128 0x7
 678 032b E3100000 		.4byte	.LASF109
 679 032f 07       		.sleb128 7
 680 0330 07       		.uleb128 0x7
 681 0331 D5090000 		.4byte	.LASF110
 682 0335 08       		.sleb128 8
 683 0336 07       		.uleb128 0x7
 684 0337 930B0000 		.4byte	.LASF111
 685 033b 09       		.sleb128 9
 686 033c 07       		.uleb128 0x7
 687 033d 53060000 		.4byte	.LASF112
 688 0341 0A       		.sleb128 10
 689 0342 07       		.uleb128 0x7
 690 0343 19070000 		.4byte	.LASF113
 691 0347 0B       		.sleb128 11
 692 0348 07       		.uleb128 0x7
 693 0349 70070000 		.4byte	.LASF114
 694 034d 0C       		.sleb128 12
 695 034e 07       		.uleb128 0x7
 696 034f 390C0000 		.4byte	.LASF115
 697 0353 0D       		.sleb128 13
 698 0354 07       		.uleb128 0x7
 699 0355 EE0E0000 		.4byte	.LASF116
 700 0359 0E       		.sleb128 14
 701 035a 07       		.uleb128 0x7
 702 035b 1E100000 		.4byte	.LASF117
 703 035f 0F       		.sleb128 15
 704 0360 07       		.uleb128 0x7
 705 0361 62040000 		.4byte	.LASF118
 706 0365 10       		.sleb128 16
 707 0366 07       		.uleb128 0x7
ARM GAS  C:\Users\Shahed\AppData\Local\Temp\ccgEYIn6.s 			page 17


 708 0367 67090000 		.4byte	.LASF119
 709 036b 11       		.sleb128 17
 710 036c 07       		.uleb128 0x7
 711 036d D20D0000 		.4byte	.LASF120
 712 0371 8001     		.sleb128 128
 713 0373 07       		.uleb128 0x7
 714 0374 F00F0000 		.4byte	.LASF121
 715 0378 8001     		.sleb128 128
 716 037a 07       		.uleb128 0x7
 717 037b 8A080000 		.4byte	.LASF122
 718 037f 8001     		.sleb128 128
 719 0381 07       		.uleb128 0x7
 720 0382 F5070000 		.4byte	.LASF123
 721 0386 8001     		.sleb128 128
 722 0388 07       		.uleb128 0x7
 723 0389 EA050000 		.4byte	.LASF124
 724 038d 8001     		.sleb128 128
 725 038f 07       		.uleb128 0x7
 726 0390 5E0C0000 		.4byte	.LASF125
 727 0394 8101     		.sleb128 129
 728 0396 07       		.uleb128 0x7
 729 0397 270D0000 		.4byte	.LASF126
 730 039b A001     		.sleb128 160
 731 039d 07       		.uleb128 0x7
 732 039e 9A0D0000 		.4byte	.LASF127
 733 03a2 FD01     		.sleb128 253
 734 03a4 07       		.uleb128 0x7
 735 03a5 5F0F0000 		.4byte	.LASF128
 736 03a9 FE01     		.sleb128 254
 737 03ab 07       		.uleb128 0x7
 738 03ac FA0B0000 		.4byte	.LASF129
 739 03b0 FF01     		.sleb128 255
 740 03b2 00       		.byte	0
 741 03b3 09       		.uleb128 0x9
 742 03b4 C6020000 		.4byte	.LASF130
 743 03b8 04       		.byte	0x4
 744 03b9 5201     		.2byte	0x152
 745 03bb 76000000 		.4byte	0x76
 746 03bf 0B       		.uleb128 0xb
 747 03c0 08       		.byte	0x8
 748 03c1 04       		.byte	0x4
 749 03c2 7901     		.2byte	0x179
 750 03c4 F0030000 		.4byte	0x3f0
 751 03c8 0C       		.uleb128 0xc
 752 03c9 76616C00 		.ascii	"val\000"
 753 03cd 04       		.byte	0x4
 754 03ce 7C01     		.2byte	0x17c
 755 03d0 F2020000 		.4byte	0x2f2
 756 03d4 00       		.byte	0
 757 03d5 0C       		.uleb128 0xc
 758 03d6 6C656E00 		.ascii	"len\000"
 759 03da 04       		.byte	0x4
 760 03db 7F01     		.2byte	0x17f
 761 03dd 76000000 		.4byte	0x76
 762 03e1 04       		.byte	0x4
 763 03e2 0D       		.uleb128 0xd
 764 03e3 21030000 		.4byte	.LASF131
ARM GAS  C:\Users\Shahed\AppData\Local\Temp\ccgEYIn6.s 			page 18


 765 03e7 04       		.byte	0x4
 766 03e8 8601     		.2byte	0x186
 767 03ea 76000000 		.4byte	0x76
 768 03ee 06       		.byte	0x6
 769 03ef 00       		.byte	0
 770 03f0 09       		.uleb128 0x9
 771 03f1 D5010000 		.4byte	.LASF132
 772 03f5 04       		.byte	0x4
 773 03f6 8801     		.2byte	0x188
 774 03f8 BF030000 		.4byte	0x3bf
 775 03fc 0B       		.uleb128 0xb
 776 03fd 0C       		.byte	0xc
 777 03fe 04       		.byte	0x4
 778 03ff 8B01     		.2byte	0x18b
 779 0401 20040000 		.4byte	0x420
 780 0405 0D       		.uleb128 0xd
 781 0406 91050000 		.4byte	.LASF133
 782 040a 04       		.byte	0x4
 783 040b 8E01     		.2byte	0x18e
 784 040d F0030000 		.4byte	0x3f0
 785 0411 00       		.byte	0
 786 0412 0D       		.uleb128 0xd
 787 0413 6F050000 		.4byte	.LASF134
 788 0417 04       		.byte	0x4
 789 0418 9101     		.2byte	0x191
 790 041a B3030000 		.4byte	0x3b3
 791 041e 08       		.byte	0x8
 792 041f 00       		.byte	0
 793 0420 09       		.uleb128 0x9
 794 0421 720A0000 		.4byte	.LASF135
 795 0425 04       		.byte	0x4
 796 0426 9301     		.2byte	0x193
 797 0428 FC030000 		.4byte	0x3fc
 798 042c 09       		.uleb128 0x9
 799 042d 45100000 		.4byte	.LASF136
 800 0431 05       		.byte	0x5
 801 0432 0101     		.2byte	0x101
 802 0434 38040000 		.4byte	0x438
 803 0438 0A       		.uleb128 0xa
 804 0439 04       		.byte	0x4
 805 043a 3E040000 		.4byte	0x43e
 806 043e 0E       		.uleb128 0xe
 807 043f 4E040000 		.4byte	0x44e
 808 0443 0F       		.uleb128 0xf
 809 0444 81000000 		.4byte	0x81
 810 0448 0F       		.uleb128 0xf
 811 0449 A8000000 		.4byte	0xa8
 812 044d 00       		.byte	0
 813 044e 06       		.uleb128 0x6
 814 044f 01       		.byte	0x1
 815 0450 06       		.byte	0x6
 816 0451 1D       		.byte	0x1d
 817 0452 93040000 		.4byte	0x493
 818 0456 07       		.uleb128 0x7
 819 0457 09120000 		.4byte	.LASF137
 820 045b 00       		.sleb128 0
 821 045c 07       		.uleb128 0x7
ARM GAS  C:\Users\Shahed\AppData\Local\Temp\ccgEYIn6.s 			page 19


 822 045d 4B0E0000 		.4byte	.LASF138
 823 0461 01       		.sleb128 1
 824 0462 07       		.uleb128 0x7
 825 0463 BB0B0000 		.4byte	.LASF139
 826 0467 02       		.sleb128 2
 827 0468 07       		.uleb128 0x7
 828 0469 A6040000 		.4byte	.LASF140
 829 046d 03       		.sleb128 3
 830 046e 07       		.uleb128 0x7
 831 046f 88040000 		.4byte	.LASF141
 832 0473 04       		.sleb128 4
 833 0474 07       		.uleb128 0x7
 834 0475 100D0000 		.4byte	.LASF142
 835 0479 05       		.sleb128 5
 836 047a 07       		.uleb128 0x7
 837 047b E5080000 		.4byte	.LASF143
 838 047f 06       		.sleb128 6
 839 0480 07       		.uleb128 0x7
 840 0481 910A0000 		.4byte	.LASF144
 841 0485 07       		.sleb128 7
 842 0486 07       		.uleb128 0x7
 843 0487 E4070000 		.4byte	.LASF145
 844 048b 08       		.sleb128 8
 845 048c 07       		.uleb128 0x7
 846 048d 240C0000 		.4byte	.LASF146
 847 0491 09       		.sleb128 9
 848 0492 00       		.byte	0
 849 0493 04       		.uleb128 0x4
 850 0494 97050000 		.4byte	.LASF147
 851 0498 06       		.byte	0x6
 852 0499 29       		.byte	0x29
 853 049a 4E040000 		.4byte	0x44e
 854 049e 10       		.uleb128 0x10
 855 049f 14       		.byte	0x14
 856 04a0 06       		.byte	0x6
 857 04a1 2E       		.byte	0x2e
 858 04a2 BF040000 		.4byte	0x4bf
 859 04a6 11       		.uleb128 0x11
 860 04a7 45080000 		.4byte	.LASF148
 861 04ab 06       		.byte	0x6
 862 04ac 31       		.byte	0x31
 863 04ad B3030000 		.4byte	0x3b3
 864 04b1 00       		.byte	0
 865 04b2 11       		.uleb128 0x11
 866 04b3 CA0C0000 		.4byte	.LASF149
 867 04b7 06       		.byte	0x6
 868 04b8 34       		.byte	0x34
 869 04b9 BF040000 		.4byte	0x4bf
 870 04bd 02       		.byte	0x2
 871 04be 00       		.byte	0
 872 04bf 12       		.uleb128 0x12
 873 04c0 B3030000 		.4byte	0x3b3
 874 04c4 CF040000 		.4byte	0x4cf
 875 04c8 13       		.uleb128 0x13
 876 04c9 A1000000 		.4byte	0xa1
 877 04cd 08       		.byte	0x8
 878 04ce 00       		.byte	0
ARM GAS  C:\Users\Shahed\AppData\Local\Temp\ccgEYIn6.s 			page 20


 879 04cf 04       		.uleb128 0x4
 880 04d0 69110000 		.4byte	.LASF150
 881 04d4 06       		.byte	0x6
 882 04d5 35       		.byte	0x35
 883 04d6 9E040000 		.4byte	0x49e
 884 04da 06       		.uleb128 0x6
 885 04db 01       		.byte	0x1
 886 04dc 07       		.byte	0x7
 887 04dd 22       		.byte	0x22
 888 04de FB040000 		.4byte	0x4fb
 889 04e2 07       		.uleb128 0x7
 890 04e3 A6090000 		.4byte	.LASF151
 891 04e7 00       		.sleb128 0
 892 04e8 07       		.uleb128 0x7
 893 04e9 C40D0000 		.4byte	.LASF152
 894 04ed 01       		.sleb128 1
 895 04ee 07       		.uleb128 0x7
 896 04ef 57030000 		.4byte	.LASF153
 897 04f3 02       		.sleb128 2
 898 04f4 07       		.uleb128 0x7
 899 04f5 42030000 		.4byte	.LASF154
 900 04f9 03       		.sleb128 3
 901 04fa 00       		.byte	0
 902 04fb 14       		.uleb128 0x14
 903 04fc E6000000 		.4byte	.LASF166
 904 0500 01       		.byte	0x1
 905 0501 3D       		.byte	0x3d
 906 0502 00000000 		.4byte	.LFB2
 907 0506 08000000 		.4byte	.LFE2-.LFB2
 908 050a 01       		.uleb128 0x1
 909 050b 9C       		.byte	0x9c
 910 050c 15       		.uleb128 0x15
 911 050d 890C0000 		.4byte	.LASF167
 912 0511 01       		.byte	0x1
 913 0512 62       		.byte	0x62
 914 0513 00000000 		.4byte	.LFB3
 915 0517 0E000000 		.4byte	.LFE3-.LFB3
 916 051b 01       		.uleb128 0x1
 917 051c 9C       		.byte	0x9c
 918 051d 30050000 		.4byte	0x530
 919 0521 16       		.uleb128 0x16
 920 0522 ED0B0000 		.4byte	.LASF155
 921 0526 01       		.byte	0x1
 922 0527 62       		.byte	0x62
 923 0528 2C040000 		.4byte	0x42c
 924 052c 02       		.uleb128 0x2
 925 052d 91       		.byte	0x91
 926 052e 74       		.sleb128 -12
 927 052f 00       		.byte	0
 928 0530 17       		.uleb128 0x17
 929 0531 99070000 		.4byte	.LASF161
 930 0535 01       		.byte	0x1
 931 0536 87       		.byte	0x87
 932 0537 E6020000 		.4byte	0x2e6
 933 053b 00000000 		.4byte	.LFB4
 934 053f 84000000 		.4byte	.LFE4-.LFB4
 935 0543 01       		.uleb128 0x1
ARM GAS  C:\Users\Shahed\AppData\Local\Temp\ccgEYIn6.s 			page 21


 936 0544 9C       		.byte	0x9c
 937 0545 90050000 		.4byte	0x590
 938 0549 16       		.uleb128 0x16
 939 054a 74100000 		.4byte	.LASF156
 940 054e 01       		.byte	0x1
 941 054f 87       		.byte	0x87
 942 0550 93040000 		.4byte	0x493
 943 0554 02       		.uleb128 0x2
 944 0555 91       		.byte	0x91
 945 0556 67       		.sleb128 -25
 946 0557 16       		.uleb128 0x16
 947 0558 25120000 		.4byte	.LASF157
 948 055c 01       		.byte	0x1
 949 055d 87       		.byte	0x87
 950 055e 6B000000 		.4byte	0x6b
 951 0562 02       		.uleb128 0x2
 952 0563 91       		.byte	0x91
 953 0564 66       		.sleb128 -26
 954 0565 16       		.uleb128 0x16
 955 0566 6F0D0000 		.4byte	.LASF158
 956 056a 01       		.byte	0x1
 957 056b 87       		.byte	0x87
 958 056c F2020000 		.4byte	0x2f2
 959 0570 02       		.uleb128 0x2
 960 0571 91       		.byte	0x91
 961 0572 60       		.sleb128 -32
 962 0573 18       		.uleb128 0x18
 963 0574 1B0A0000 		.4byte	.LASF159
 964 0578 01       		.byte	0x1
 965 0579 89       		.byte	0x89
 966 057a E6020000 		.4byte	0x2e6
 967 057e 02       		.uleb128 0x2
 968 057f 91       		.byte	0x91
 969 0580 76       		.sleb128 -10
 970 0581 18       		.uleb128 0x18
 971 0582 9A110000 		.4byte	.LASF160
 972 0586 01       		.byte	0x1
 973 0587 8A       		.byte	0x8a
 974 0588 20040000 		.4byte	0x420
 975 058c 02       		.uleb128 0x2
 976 058d 91       		.byte	0x91
 977 058e 68       		.sleb128 -24
 978 058f 00       		.byte	0
 979 0590 17       		.uleb128 0x17
 980 0591 B4090000 		.4byte	.LASF162
 981 0595 01       		.byte	0x1
 982 0596 B5       		.byte	0xb5
 983 0597 E6020000 		.4byte	0x2e6
 984 059b 00000000 		.4byte	.LFB5
 985 059f 84000000 		.4byte	.LFE5-.LFB5
 986 05a3 01       		.uleb128 0x1
 987 05a4 9C       		.byte	0x9c
 988 05a5 F0050000 		.4byte	0x5f0
 989 05a9 16       		.uleb128 0x16
 990 05aa 74100000 		.4byte	.LASF156
 991 05ae 01       		.byte	0x1
 992 05af B5       		.byte	0xb5
ARM GAS  C:\Users\Shahed\AppData\Local\Temp\ccgEYIn6.s 			page 22


 993 05b0 93040000 		.4byte	0x493
 994 05b4 02       		.uleb128 0x2
 995 05b5 91       		.byte	0x91
 996 05b6 67       		.sleb128 -25
 997 05b7 16       		.uleb128 0x16
 998 05b8 25120000 		.4byte	.LASF157
 999 05bc 01       		.byte	0x1
 1000 05bd B5       		.byte	0xb5
 1001 05be 6B000000 		.4byte	0x6b
 1002 05c2 02       		.uleb128 0x2
 1003 05c3 91       		.byte	0x91
 1004 05c4 66       		.sleb128 -26
 1005 05c5 16       		.uleb128 0x16
 1006 05c6 6F0D0000 		.4byte	.LASF158
 1007 05ca 01       		.byte	0x1
 1008 05cb B5       		.byte	0xb5
 1009 05cc F2020000 		.4byte	0x2f2
 1010 05d0 02       		.uleb128 0x2
 1011 05d1 91       		.byte	0x91
 1012 05d2 60       		.sleb128 -32
 1013 05d3 18       		.uleb128 0x18
 1014 05d4 1B0A0000 		.4byte	.LASF159
 1015 05d8 01       		.byte	0x1
 1016 05d9 B7       		.byte	0xb7
 1017 05da E6020000 		.4byte	0x2e6
 1018 05de 02       		.uleb128 0x2
 1019 05df 91       		.byte	0x91
 1020 05e0 76       		.sleb128 -10
 1021 05e1 18       		.uleb128 0x18
 1022 05e2 9A110000 		.4byte	.LASF160
 1023 05e6 01       		.byte	0x1
 1024 05e7 B8       		.byte	0xb8
 1025 05e8 20040000 		.4byte	0x420
 1026 05ec 02       		.uleb128 0x2
 1027 05ed 91       		.byte	0x91
 1028 05ee 68       		.sleb128 -24
 1029 05ef 00       		.byte	0
 1030 05f0 19       		.uleb128 0x19
 1031 05f1 D9070000 		.4byte	.LASF168
 1032 05f5 01       		.byte	0x1
 1033 05f6 14       		.byte	0x14
 1034 05f7 01060000 		.4byte	0x601
 1035 05fb 05       		.uleb128 0x5
 1036 05fc 03       		.byte	0x3
 1037 05fd 00000000 		.4byte	cyBle_diss
 1038 0601 1A       		.uleb128 0x1a
 1039 0602 CF040000 		.4byte	0x4cf
 1040 0606 00       		.byte	0
 1041              		.section	.debug_abbrev,"",%progbits
 1042              	.Ldebug_abbrev0:
 1043 0000 01       		.uleb128 0x1
 1044 0001 11       		.uleb128 0x11
 1045 0002 01       		.byte	0x1
 1046 0003 25       		.uleb128 0x25
 1047 0004 0E       		.uleb128 0xe
 1048 0005 13       		.uleb128 0x13
 1049 0006 0B       		.uleb128 0xb
ARM GAS  C:\Users\Shahed\AppData\Local\Temp\ccgEYIn6.s 			page 23


 1050 0007 03       		.uleb128 0x3
 1051 0008 0E       		.uleb128 0xe
 1052 0009 1B       		.uleb128 0x1b
 1053 000a 0E       		.uleb128 0xe
 1054 000b 55       		.uleb128 0x55
 1055 000c 17       		.uleb128 0x17
 1056 000d 11       		.uleb128 0x11
 1057 000e 01       		.uleb128 0x1
 1058 000f 10       		.uleb128 0x10
 1059 0010 17       		.uleb128 0x17
 1060 0011 00       		.byte	0
 1061 0012 00       		.byte	0
 1062 0013 02       		.uleb128 0x2
 1063 0014 24       		.uleb128 0x24
 1064 0015 00       		.byte	0
 1065 0016 0B       		.uleb128 0xb
 1066 0017 0B       		.uleb128 0xb
 1067 0018 3E       		.uleb128 0x3e
 1068 0019 0B       		.uleb128 0xb
 1069 001a 03       		.uleb128 0x3
 1070 001b 0E       		.uleb128 0xe
 1071 001c 00       		.byte	0
 1072 001d 00       		.byte	0
 1073 001e 03       		.uleb128 0x3
 1074 001f 24       		.uleb128 0x24
 1075 0020 00       		.byte	0
 1076 0021 0B       		.uleb128 0xb
 1077 0022 0B       		.uleb128 0xb
 1078 0023 3E       		.uleb128 0x3e
 1079 0024 0B       		.uleb128 0xb
 1080 0025 03       		.uleb128 0x3
 1081 0026 08       		.uleb128 0x8
 1082 0027 00       		.byte	0
 1083 0028 00       		.byte	0
 1084 0029 04       		.uleb128 0x4
 1085 002a 16       		.uleb128 0x16
 1086 002b 00       		.byte	0
 1087 002c 03       		.uleb128 0x3
 1088 002d 0E       		.uleb128 0xe
 1089 002e 3A       		.uleb128 0x3a
 1090 002f 0B       		.uleb128 0xb
 1091 0030 3B       		.uleb128 0x3b
 1092 0031 0B       		.uleb128 0xb
 1093 0032 49       		.uleb128 0x49
 1094 0033 13       		.uleb128 0x13
 1095 0034 00       		.byte	0
 1096 0035 00       		.byte	0
 1097 0036 05       		.uleb128 0x5
 1098 0037 0F       		.uleb128 0xf
 1099 0038 00       		.byte	0
 1100 0039 0B       		.uleb128 0xb
 1101 003a 0B       		.uleb128 0xb
 1102 003b 00       		.byte	0
 1103 003c 00       		.byte	0
 1104 003d 06       		.uleb128 0x6
 1105 003e 04       		.uleb128 0x4
 1106 003f 01       		.byte	0x1
ARM GAS  C:\Users\Shahed\AppData\Local\Temp\ccgEYIn6.s 			page 24


 1107 0040 0B       		.uleb128 0xb
 1108 0041 0B       		.uleb128 0xb
 1109 0042 3A       		.uleb128 0x3a
 1110 0043 0B       		.uleb128 0xb
 1111 0044 3B       		.uleb128 0x3b
 1112 0045 0B       		.uleb128 0xb
 1113 0046 01       		.uleb128 0x1
 1114 0047 13       		.uleb128 0x13
 1115 0048 00       		.byte	0
 1116 0049 00       		.byte	0
 1117 004a 07       		.uleb128 0x7
 1118 004b 28       		.uleb128 0x28
 1119 004c 00       		.byte	0
 1120 004d 03       		.uleb128 0x3
 1121 004e 0E       		.uleb128 0xe
 1122 004f 1C       		.uleb128 0x1c
 1123 0050 0D       		.uleb128 0xd
 1124 0051 00       		.byte	0
 1125 0052 00       		.byte	0
 1126 0053 08       		.uleb128 0x8
 1127 0054 04       		.uleb128 0x4
 1128 0055 01       		.byte	0x1
 1129 0056 0B       		.uleb128 0xb
 1130 0057 0B       		.uleb128 0xb
 1131 0058 3A       		.uleb128 0x3a
 1132 0059 0B       		.uleb128 0xb
 1133 005a 3B       		.uleb128 0x3b
 1134 005b 05       		.uleb128 0x5
 1135 005c 01       		.uleb128 0x1
 1136 005d 13       		.uleb128 0x13
 1137 005e 00       		.byte	0
 1138 005f 00       		.byte	0
 1139 0060 09       		.uleb128 0x9
 1140 0061 16       		.uleb128 0x16
 1141 0062 00       		.byte	0
 1142 0063 03       		.uleb128 0x3
 1143 0064 0E       		.uleb128 0xe
 1144 0065 3A       		.uleb128 0x3a
 1145 0066 0B       		.uleb128 0xb
 1146 0067 3B       		.uleb128 0x3b
 1147 0068 05       		.uleb128 0x5
 1148 0069 49       		.uleb128 0x49
 1149 006a 13       		.uleb128 0x13
 1150 006b 00       		.byte	0
 1151 006c 00       		.byte	0
 1152 006d 0A       		.uleb128 0xa
 1153 006e 0F       		.uleb128 0xf
 1154 006f 00       		.byte	0
 1155 0070 0B       		.uleb128 0xb
 1156 0071 0B       		.uleb128 0xb
 1157 0072 49       		.uleb128 0x49
 1158 0073 13       		.uleb128 0x13
 1159 0074 00       		.byte	0
 1160 0075 00       		.byte	0
 1161 0076 0B       		.uleb128 0xb
 1162 0077 13       		.uleb128 0x13
 1163 0078 01       		.byte	0x1
ARM GAS  C:\Users\Shahed\AppData\Local\Temp\ccgEYIn6.s 			page 25


 1164 0079 0B       		.uleb128 0xb
 1165 007a 0B       		.uleb128 0xb
 1166 007b 3A       		.uleb128 0x3a
 1167 007c 0B       		.uleb128 0xb
 1168 007d 3B       		.uleb128 0x3b
 1169 007e 05       		.uleb128 0x5
 1170 007f 01       		.uleb128 0x1
 1171 0080 13       		.uleb128 0x13
 1172 0081 00       		.byte	0
 1173 0082 00       		.byte	0
 1174 0083 0C       		.uleb128 0xc
 1175 0084 0D       		.uleb128 0xd
 1176 0085 00       		.byte	0
 1177 0086 03       		.uleb128 0x3
 1178 0087 08       		.uleb128 0x8
 1179 0088 3A       		.uleb128 0x3a
 1180 0089 0B       		.uleb128 0xb
 1181 008a 3B       		.uleb128 0x3b
 1182 008b 05       		.uleb128 0x5
 1183 008c 49       		.uleb128 0x49
 1184 008d 13       		.uleb128 0x13
 1185 008e 38       		.uleb128 0x38
 1186 008f 0B       		.uleb128 0xb
 1187 0090 00       		.byte	0
 1188 0091 00       		.byte	0
 1189 0092 0D       		.uleb128 0xd
 1190 0093 0D       		.uleb128 0xd
 1191 0094 00       		.byte	0
 1192 0095 03       		.uleb128 0x3
 1193 0096 0E       		.uleb128 0xe
 1194 0097 3A       		.uleb128 0x3a
 1195 0098 0B       		.uleb128 0xb
 1196 0099 3B       		.uleb128 0x3b
 1197 009a 05       		.uleb128 0x5
 1198 009b 49       		.uleb128 0x49
 1199 009c 13       		.uleb128 0x13
 1200 009d 38       		.uleb128 0x38
 1201 009e 0B       		.uleb128 0xb
 1202 009f 00       		.byte	0
 1203 00a0 00       		.byte	0
 1204 00a1 0E       		.uleb128 0xe
 1205 00a2 15       		.uleb128 0x15
 1206 00a3 01       		.byte	0x1
 1207 00a4 27       		.uleb128 0x27
 1208 00a5 19       		.uleb128 0x19
 1209 00a6 01       		.uleb128 0x1
 1210 00a7 13       		.uleb128 0x13
 1211 00a8 00       		.byte	0
 1212 00a9 00       		.byte	0
 1213 00aa 0F       		.uleb128 0xf
 1214 00ab 05       		.uleb128 0x5
 1215 00ac 00       		.byte	0
 1216 00ad 49       		.uleb128 0x49
 1217 00ae 13       		.uleb128 0x13
 1218 00af 00       		.byte	0
 1219 00b0 00       		.byte	0
 1220 00b1 10       		.uleb128 0x10
ARM GAS  C:\Users\Shahed\AppData\Local\Temp\ccgEYIn6.s 			page 26


 1221 00b2 13       		.uleb128 0x13
 1222 00b3 01       		.byte	0x1
 1223 00b4 0B       		.uleb128 0xb
 1224 00b5 0B       		.uleb128 0xb
 1225 00b6 3A       		.uleb128 0x3a
 1226 00b7 0B       		.uleb128 0xb
 1227 00b8 3B       		.uleb128 0x3b
 1228 00b9 0B       		.uleb128 0xb
 1229 00ba 01       		.uleb128 0x1
 1230 00bb 13       		.uleb128 0x13
 1231 00bc 00       		.byte	0
 1232 00bd 00       		.byte	0
 1233 00be 11       		.uleb128 0x11
 1234 00bf 0D       		.uleb128 0xd
 1235 00c0 00       		.byte	0
 1236 00c1 03       		.uleb128 0x3
 1237 00c2 0E       		.uleb128 0xe
 1238 00c3 3A       		.uleb128 0x3a
 1239 00c4 0B       		.uleb128 0xb
 1240 00c5 3B       		.uleb128 0x3b
 1241 00c6 0B       		.uleb128 0xb
 1242 00c7 49       		.uleb128 0x49
 1243 00c8 13       		.uleb128 0x13
 1244 00c9 38       		.uleb128 0x38
 1245 00ca 0B       		.uleb128 0xb
 1246 00cb 00       		.byte	0
 1247 00cc 00       		.byte	0
 1248 00cd 12       		.uleb128 0x12
 1249 00ce 01       		.uleb128 0x1
 1250 00cf 01       		.byte	0x1
 1251 00d0 49       		.uleb128 0x49
 1252 00d1 13       		.uleb128 0x13
 1253 00d2 01       		.uleb128 0x1
 1254 00d3 13       		.uleb128 0x13
 1255 00d4 00       		.byte	0
 1256 00d5 00       		.byte	0
 1257 00d6 13       		.uleb128 0x13
 1258 00d7 21       		.uleb128 0x21
 1259 00d8 00       		.byte	0
 1260 00d9 49       		.uleb128 0x49
 1261 00da 13       		.uleb128 0x13
 1262 00db 2F       		.uleb128 0x2f
 1263 00dc 0B       		.uleb128 0xb
 1264 00dd 00       		.byte	0
 1265 00de 00       		.byte	0
 1266 00df 14       		.uleb128 0x14
 1267 00e0 2E       		.uleb128 0x2e
 1268 00e1 00       		.byte	0
 1269 00e2 3F       		.uleb128 0x3f
 1270 00e3 19       		.uleb128 0x19
 1271 00e4 03       		.uleb128 0x3
 1272 00e5 0E       		.uleb128 0xe
 1273 00e6 3A       		.uleb128 0x3a
 1274 00e7 0B       		.uleb128 0xb
 1275 00e8 3B       		.uleb128 0x3b
 1276 00e9 0B       		.uleb128 0xb
 1277 00ea 27       		.uleb128 0x27
ARM GAS  C:\Users\Shahed\AppData\Local\Temp\ccgEYIn6.s 			page 27


 1278 00eb 19       		.uleb128 0x19
 1279 00ec 11       		.uleb128 0x11
 1280 00ed 01       		.uleb128 0x1
 1281 00ee 12       		.uleb128 0x12
 1282 00ef 06       		.uleb128 0x6
 1283 00f0 40       		.uleb128 0x40
 1284 00f1 18       		.uleb128 0x18
 1285 00f2 9742     		.uleb128 0x2117
 1286 00f4 19       		.uleb128 0x19
 1287 00f5 00       		.byte	0
 1288 00f6 00       		.byte	0
 1289 00f7 15       		.uleb128 0x15
 1290 00f8 2E       		.uleb128 0x2e
 1291 00f9 01       		.byte	0x1
 1292 00fa 3F       		.uleb128 0x3f
 1293 00fb 19       		.uleb128 0x19
 1294 00fc 03       		.uleb128 0x3
 1295 00fd 0E       		.uleb128 0xe
 1296 00fe 3A       		.uleb128 0x3a
 1297 00ff 0B       		.uleb128 0xb
 1298 0100 3B       		.uleb128 0x3b
 1299 0101 0B       		.uleb128 0xb
 1300 0102 27       		.uleb128 0x27
 1301 0103 19       		.uleb128 0x19
 1302 0104 11       		.uleb128 0x11
 1303 0105 01       		.uleb128 0x1
 1304 0106 12       		.uleb128 0x12
 1305 0107 06       		.uleb128 0x6
 1306 0108 40       		.uleb128 0x40
 1307 0109 18       		.uleb128 0x18
 1308 010a 9742     		.uleb128 0x2117
 1309 010c 19       		.uleb128 0x19
 1310 010d 01       		.uleb128 0x1
 1311 010e 13       		.uleb128 0x13
 1312 010f 00       		.byte	0
 1313 0110 00       		.byte	0
 1314 0111 16       		.uleb128 0x16
 1315 0112 05       		.uleb128 0x5
 1316 0113 00       		.byte	0
 1317 0114 03       		.uleb128 0x3
 1318 0115 0E       		.uleb128 0xe
 1319 0116 3A       		.uleb128 0x3a
 1320 0117 0B       		.uleb128 0xb
 1321 0118 3B       		.uleb128 0x3b
 1322 0119 0B       		.uleb128 0xb
 1323 011a 49       		.uleb128 0x49
 1324 011b 13       		.uleb128 0x13
 1325 011c 02       		.uleb128 0x2
 1326 011d 18       		.uleb128 0x18
 1327 011e 00       		.byte	0
 1328 011f 00       		.byte	0
 1329 0120 17       		.uleb128 0x17
 1330 0121 2E       		.uleb128 0x2e
 1331 0122 01       		.byte	0x1
 1332 0123 3F       		.uleb128 0x3f
 1333 0124 19       		.uleb128 0x19
 1334 0125 03       		.uleb128 0x3
ARM GAS  C:\Users\Shahed\AppData\Local\Temp\ccgEYIn6.s 			page 28


 1335 0126 0E       		.uleb128 0xe
 1336 0127 3A       		.uleb128 0x3a
 1337 0128 0B       		.uleb128 0xb
 1338 0129 3B       		.uleb128 0x3b
 1339 012a 0B       		.uleb128 0xb
 1340 012b 27       		.uleb128 0x27
 1341 012c 19       		.uleb128 0x19
 1342 012d 49       		.uleb128 0x49
 1343 012e 13       		.uleb128 0x13
 1344 012f 11       		.uleb128 0x11
 1345 0130 01       		.uleb128 0x1
 1346 0131 12       		.uleb128 0x12
 1347 0132 06       		.uleb128 0x6
 1348 0133 40       		.uleb128 0x40
 1349 0134 18       		.uleb128 0x18
 1350 0135 9642     		.uleb128 0x2116
 1351 0137 19       		.uleb128 0x19
 1352 0138 01       		.uleb128 0x1
 1353 0139 13       		.uleb128 0x13
 1354 013a 00       		.byte	0
 1355 013b 00       		.byte	0
 1356 013c 18       		.uleb128 0x18
 1357 013d 34       		.uleb128 0x34
 1358 013e 00       		.byte	0
 1359 013f 03       		.uleb128 0x3
 1360 0140 0E       		.uleb128 0xe
 1361 0141 3A       		.uleb128 0x3a
 1362 0142 0B       		.uleb128 0xb
 1363 0143 3B       		.uleb128 0x3b
 1364 0144 0B       		.uleb128 0xb
 1365 0145 49       		.uleb128 0x49
 1366 0146 13       		.uleb128 0x13
 1367 0147 02       		.uleb128 0x2
 1368 0148 18       		.uleb128 0x18
 1369 0149 00       		.byte	0
 1370 014a 00       		.byte	0
 1371 014b 19       		.uleb128 0x19
 1372 014c 34       		.uleb128 0x34
 1373 014d 00       		.byte	0
 1374 014e 03       		.uleb128 0x3
 1375 014f 0E       		.uleb128 0xe
 1376 0150 3A       		.uleb128 0x3a
 1377 0151 0B       		.uleb128 0xb
 1378 0152 3B       		.uleb128 0x3b
 1379 0153 0B       		.uleb128 0xb
 1380 0154 49       		.uleb128 0x49
 1381 0155 13       		.uleb128 0x13
 1382 0156 3F       		.uleb128 0x3f
 1383 0157 19       		.uleb128 0x19
 1384 0158 02       		.uleb128 0x2
 1385 0159 18       		.uleb128 0x18
 1386 015a 00       		.byte	0
 1387 015b 00       		.byte	0
 1388 015c 1A       		.uleb128 0x1a
 1389 015d 26       		.uleb128 0x26
 1390 015e 00       		.byte	0
 1391 015f 49       		.uleb128 0x49
ARM GAS  C:\Users\Shahed\AppData\Local\Temp\ccgEYIn6.s 			page 29


 1392 0160 13       		.uleb128 0x13
 1393 0161 00       		.byte	0
 1394 0162 00       		.byte	0
 1395 0163 00       		.byte	0
 1396              		.section	.debug_aranges,"",%progbits
 1397 0000 34000000 		.4byte	0x34
 1398 0004 0200     		.2byte	0x2
 1399 0006 00000000 		.4byte	.Ldebug_info0
 1400 000a 04       		.byte	0x4
 1401 000b 00       		.byte	0
 1402 000c 0000     		.2byte	0
 1403 000e 0000     		.2byte	0
 1404 0010 00000000 		.4byte	.LFB2
 1405 0014 08000000 		.4byte	.LFE2-.LFB2
 1406 0018 00000000 		.4byte	.LFB3
 1407 001c 0E000000 		.4byte	.LFE3-.LFB3
 1408 0020 00000000 		.4byte	.LFB4
 1409 0024 84000000 		.4byte	.LFE4-.LFB4
 1410 0028 00000000 		.4byte	.LFB5
 1411 002c 84000000 		.4byte	.LFE5-.LFB5
 1412 0030 00000000 		.4byte	0
 1413 0034 00000000 		.4byte	0
 1414              		.section	.debug_ranges,"",%progbits
 1415              	.Ldebug_ranges0:
 1416 0000 00000000 		.4byte	.LFB2
 1417 0004 08000000 		.4byte	.LFE2
 1418 0008 00000000 		.4byte	.LFB3
 1419 000c 0E000000 		.4byte	.LFE3
 1420 0010 00000000 		.4byte	.LFB4
 1421 0014 84000000 		.4byte	.LFE4
 1422 0018 00000000 		.4byte	.LFB5
 1423 001c 84000000 		.4byte	.LFE5
 1424 0020 00000000 		.4byte	0
 1425 0024 00000000 		.4byte	0
 1426              		.section	.debug_line,"",%progbits
 1427              	.Ldebug_line0:
 1428 0000 EC000000 		.section	.debug_str,"MS",%progbits,1
 1428      02008B00 
 1428      00000201 
 1428      FB0E0D00 
 1428      01010101 
 1429              	.LASF65:
 1430 0000 4359424C 		.ascii	"CYBLE_EVT_L2CAP_CBFC_RX_CREDIT_IND\000"
 1430      455F4556 
 1430      545F4C32 
 1430      4341505F 
 1430      43424643 
 1431              	.LASF21:
 1432 0023 4359424C 		.ascii	"CYBLE_EVT_STACK_BUSY_STATUS\000"
 1432      455F4556 
 1432      545F5354 
 1432      41434B5F 
 1432      42555359 
 1433              	.LASF10:
 1434 003f 75696E74 		.ascii	"uint16\000"
 1434      313600
 1435              	.LASF44:
ARM GAS  C:\Users\Shahed\AppData\Local\Temp\ccgEYIn6.s 			page 30


 1436 0046 4359424C 		.ascii	"CYBLE_EVT_GATTC_READ_RSP\000"
 1436      455F4556 
 1436      545F4741 
 1436      5454435F 
 1436      52454144 
 1437              	.LASF64:
 1438 005f 4359424C 		.ascii	"CYBLE_EVT_L2CAP_CBFC_DATA_READ\000"
 1438      455F4556 
 1438      545F4C32 
 1438      4341505F 
 1438      43424643 
 1439              	.LASF73:
 1440 007e 4359424C 		.ascii	"CYBLE_ERROR_MEMORY_ALLOCATION_FAILED\000"
 1440      455F4552 
 1440      524F525F 
 1440      4D454D4F 
 1440      52595F41 
 1441              	.LASF108:
 1442 00a3 4359424C 		.ascii	"CYBLE_GATT_ERR_REQUEST_NOT_SUPPORTED\000"
 1442      455F4741 
 1442      54545F45 
 1442      52525F52 
 1442      45515545 
 1443              	.LASF103:
 1444 00c8 4359424C 		.ascii	"CYBLE_GATT_ERR_INVALID_HANDLE\000"
 1444      455F4741 
 1444      54545F45 
 1444      52525F49 
 1444      4E56414C 
 1445              	.LASF166:
 1446 00e6 4379426C 		.ascii	"CyBle_DisInit\000"
 1446      655F4469 
 1446      73496E69 
 1446      7400
 1447              	.LASF32:
 1448 00f4 4359424C 		.ascii	"CYBLE_EVT_GAP_CONNECTION_UPDATE_COMPLETE\000"
 1448      455F4556 
 1448      545F4741 
 1448      505F434F 
 1448      4E4E4543 
 1449              	.LASF63:
 1450 011d 4359424C 		.ascii	"CYBLE_EVT_L2CAP_CBFC_DISCONN_CNF\000"
 1450      455F4556 
 1450      545F4C32 
 1450      4341505F 
 1450      43424643 
 1451              	.LASF46:
 1452 013e 4359424C 		.ascii	"CYBLE_EVT_GATTC_READ_MULTI_RSP\000"
 1452      455F4556 
 1452      545F4741 
 1452      5454435F 
 1452      52454144 
 1453              	.LASF51:
 1454 015d 4359424C 		.ascii	"CYBLE_EVT_GATTS_EXEC_WRITE_REQ\000"
 1454      455F4556 
 1454      545F4741 
 1454      5454535F 
ARM GAS  C:\Users\Shahed\AppData\Local\Temp\ccgEYIn6.s 			page 31


 1454      45584543 
 1455              	.LASF97:
 1456 017c 4359424C 		.ascii	"CYBLE_ERROR_NTF_DISABLED\000"
 1456      455F4552 
 1456      524F525F 
 1456      4E54465F 
 1456      44495341 
 1457              	.LASF18:
 1458 0195 4359424C 		.ascii	"CYBLE_EVT_TIMEOUT\000"
 1458      455F4556 
 1458      545F5449 
 1458      4D454F55 
 1458      5400
 1459              	.LASF4:
 1460 01a7 6C6F6E67 		.ascii	"long int\000"
 1460      20696E74 
 1460      00
 1461              	.LASF83:
 1462 01b0 4359424C 		.ascii	"CYBLE_ERROR_L2CAP_PSM_WRONG_ENCODING\000"
 1462      455F4552 
 1462      524F525F 
 1462      4C324341 
 1462      505F5053 
 1463              	.LASF132:
 1464 01d5 4359424C 		.ascii	"CYBLE_GATT_VALUE_T\000"
 1464      455F4741 
 1464      54545F56 
 1464      414C5545 
 1464      5F5400
 1465              	.LASF20:
 1466 01e8 4359424C 		.ascii	"CYBLE_EVT_HCI_STATUS\000"
 1466      455F4556 
 1466      545F4843 
 1466      495F5354 
 1466      41545553 
 1467              	.LASF33:
 1468 01fd 4359424C 		.ascii	"CYBLE_EVT_GAPC_SCAN_START_STOP\000"
 1468      455F4556 
 1468      545F4741 
 1468      50435F53 
 1468      43414E5F 
 1469              	.LASF68:
 1470 021c 4359424C 		.ascii	"CYBLE_EVT_PENDING_FLASH_WRITE\000"
 1470      455F4556 
 1470      545F5045 
 1470      4E44494E 
 1470      475F464C 
 1471              	.LASF82:
 1472 023a 4359424C 		.ascii	"CYBLE_ERROR_SEC_FAILED\000"
 1472      455F4552 
 1472      524F525F 
 1472      5345435F 
 1472      4641494C 
 1473              	.LASF31:
 1474 0251 4359424C 		.ascii	"CYBLE_EVT_GAP_ENCRYPT_CHANGE\000"
 1474      455F4556 
 1474      545F4741 
ARM GAS  C:\Users\Shahed\AppData\Local\Temp\ccgEYIn6.s 			page 32


 1474      505F454E 
 1474      43525950 
 1475              	.LASF107:
 1476 026e 4359424C 		.ascii	"CYBLE_GATT_ERR_INSUFFICIENT_AUTHENTICATION\000"
 1476      455F4741 
 1476      54545F45 
 1476      52525F49 
 1476      4E535546 
 1477              	.LASF6:
 1478 0299 6C6F6E67 		.ascii	"long long int\000"
 1478      206C6F6E 
 1478      6720696E 
 1478      7400
 1479              	.LASF0:
 1480 02a7 7369676E 		.ascii	"signed char\000"
 1480      65642063 
 1480      68617200 
 1481              	.LASF17:
 1482 02b3 4359424C 		.ascii	"CYBLE_EVT_STACK_ON\000"
 1482      455F4556 
 1482      545F5354 
 1482      41434B5F 
 1482      4F4E00
 1483              	.LASF130:
 1484 02c6 4359424C 		.ascii	"CYBLE_GATT_DB_ATTR_HANDLE_T\000"
 1484      455F4741 
 1484      54545F44 
 1484      425F4154 
 1484      54525F48 
 1485              	.LASF90:
 1486 02e2 4359424C 		.ascii	"CYBLE_ERROR_DEVICE_ALREADY_EXISTS\000"
 1486      455F4552 
 1486      524F525F 
 1486      44455649 
 1486      43455F41 
 1487              	.LASF77:
 1488 0304 4359424C 		.ascii	"CYBLE_ERROR_NO_DEVICE_ENTITY\000"
 1488      455F4552 
 1488      524F525F 
 1488      4E4F5F44 
 1488      45564943 
 1489              	.LASF131:
 1490 0321 61637475 		.ascii	"actualLen\000"
 1490      616C4C65 
 1490      6E00
 1491              	.LASF23:
 1492 032b 4359424C 		.ascii	"CYBLE_EVT_GAP_AUTH_REQ\000"
 1492      455F4556 
 1492      545F4741 
 1492      505F4155 
 1492      54485F52 
 1493              	.LASF154:
 1494 0342 4359424C 		.ascii	"CYBLE_HRS_CHAR_COUNT\000"
 1494      455F4852 
 1494      535F4348 
 1494      41525F43 
 1494      4F554E54 
ARM GAS  C:\Users\Shahed\AppData\Local\Temp\ccgEYIn6.s 			page 33


 1495              	.LASF153:
 1496 0357 4359424C 		.ascii	"CYBLE_HRS_CPT\000"
 1496      455F4852 
 1496      535F4350 
 1496      5400
 1497              	.LASF106:
 1498 0365 4359424C 		.ascii	"CYBLE_GATT_ERR_INVALID_PDU\000"
 1498      455F4741 
 1498      54545F45 
 1498      52525F49 
 1498      4E56414C 
 1499              	.LASF100:
 1500 0380 4359424C 		.ascii	"CYBLE_ERROR_INVALID_STATE\000"
 1500      455F4552 
 1500      524F525F 
 1500      494E5641 
 1500      4C49445F 
 1501              	.LASF49:
 1502 039a 4359424C 		.ascii	"CYBLE_EVT_GATTS_WRITE_CMD_REQ\000"
 1502      455F4556 
 1502      545F4741 
 1502      5454535F 
 1502      57524954 
 1503              	.LASF94:
 1504 03b8 4359424C 		.ascii	"CYBLE_INCL_DISC_DONE\000"
 1504      455F494E 
 1504      434C5F44 
 1504      4953435F 
 1504      444F4E45 
 1505              	.LASF28:
 1506 03cd 4359424C 		.ascii	"CYBLE_EVT_GAPP_ADVERTISEMENT_START_STOP\000"
 1506      455F4556 
 1506      545F4741 
 1506      50505F41 
 1506      44564552 
 1507              	.LASF88:
 1508 03f5 4359424C 		.ascii	"CYBLE_ERROR_L2CAP_PSM_NOT_IN_RANGE\000"
 1508      455F4552 
 1508      524F525F 
 1508      4C324341 
 1508      505F5053 
 1509              	.LASF9:
 1510 0418 75696E74 		.ascii	"uint8\000"
 1510      3800
 1511              	.LASF52:
 1512 041e 4359424C 		.ascii	"CYBLE_EVT_GATTC_EXEC_WRITE_RSP\000"
 1512      455F4556 
 1512      545F4741 
 1512      5454435F 
 1512      45584543 
 1513              	.LASF13:
 1514 043d 646F7562 		.ascii	"double\000"
 1514      6C6500
 1515              	.LASF71:
 1516 0444 4359424C 		.ascii	"CYBLE_ERROR_INVALID_PARAMETER\000"
 1516      455F4552 
 1516      524F525F 
ARM GAS  C:\Users\Shahed\AppData\Local\Temp\ccgEYIn6.s 			page 34


 1516      494E5641 
 1516      4C49445F 
 1517              	.LASF118:
 1518 0462 4359424C 		.ascii	"CYBLE_GATT_ERR_UNSUPPORTED_GROUP_TYPE\000"
 1518      455F4741 
 1518      54545F45 
 1518      52525F55 
 1518      4E535550 
 1519              	.LASF141:
 1520 0488 4359424C 		.ascii	"CYBLE_DIS_FIRMWARE_REV\000"
 1520      455F4449 
 1520      535F4649 
 1520      524D5741 
 1520      52455F52 
 1521              	.LASF11:
 1522 049f 75696E74 		.ascii	"uint32\000"
 1522      333200
 1523              	.LASF140:
 1524 04a6 4359424C 		.ascii	"CYBLE_DIS_HARDWARE_REV\000"
 1524      455F4449 
 1524      535F4841 
 1524      52445741 
 1524      52455F52 
 1525              	.LASF69:
 1526 04bd 4359424C 		.ascii	"CYBLE_EVT_MAX\000"
 1526      455F4556 
 1526      545F4D41 
 1526      5800
 1527              	.LASF70:
 1528 04cb 4359424C 		.ascii	"CYBLE_ERROR_OK\000"
 1528      455F4552 
 1528      524F525F 
 1528      4F4B00
 1529              	.LASF102:
 1530 04da 4359424C 		.ascii	"CYBLE_GATT_ERR_NONE\000"
 1530      455F4741 
 1530      54545F45 
 1530      52525F4E 
 1530      4F4E4500 
 1531              	.LASF57:
 1532 04ee 4359424C 		.ascii	"CYBLE_EVT_L2CAP_CONN_PARAM_UPDATE_REQ\000"
 1532      455F4556 
 1532      545F4C32 
 1532      4341505F 
 1532      434F4E4E 
 1533              	.LASF104:
 1534 0514 4359424C 		.ascii	"CYBLE_GATT_ERR_READ_NOT_PERMITTED\000"
 1534      455F4741 
 1534      54545F45 
 1534      52525F52 
 1534      4541445F 
 1535              	.LASF67:
 1536 0536 4359424C 		.ascii	"CYBLE_EVT_L2CAP_CBFC_DATA_WRITE_IND\000"
 1536      455F4556 
 1536      545F4C32 
 1536      4341505F 
 1536      43424643 
ARM GAS  C:\Users\Shahed\AppData\Local\Temp\ccgEYIn6.s 			page 35


 1537              	.LASF79:
 1538 055a 4359424C 		.ascii	"CYBLE_ERROR_GAP_ROLE\000"
 1538      455F4552 
 1538      524F525F 
 1538      4741505F 
 1538      524F4C45 
 1539              	.LASF134:
 1540 056f 61747472 		.ascii	"attrHandle\000"
 1540      48616E64 
 1540      6C6500
 1541              	.LASF7:
 1542 057a 6C6F6E67 		.ascii	"long long unsigned int\000"
 1542      206C6F6E 
 1542      6720756E 
 1542      7369676E 
 1542      65642069 
 1543              	.LASF133:
 1544 0591 76616C75 		.ascii	"value\000"
 1544      6500
 1545              	.LASF147:
 1546 0597 4359424C 		.ascii	"CYBLE_DIS_CHAR_INDEX_T\000"
 1546      455F4449 
 1546      535F4348 
 1546      41525F49 
 1546      4E444558 
 1547              	.LASF75:
 1548 05ae 4359424C 		.ascii	"CYBLE_ERROR_OOB_NOT_AVAILABLE\000"
 1548      455F4552 
 1548      524F525F 
 1548      4F4F425F 
 1548      4E4F545F 
 1549              	.LASF37:
 1550 05cc 4359424C 		.ascii	"CYBLE_EVT_GATT_DISCONNECT_IND\000"
 1550      455F4556 
 1550      545F4741 
 1550      54545F44 
 1550      4953434F 
 1551              	.LASF124:
 1552 05ea 4359424C 		.ascii	"CYBLE_GATTS_ERR_PROCEDURE_ALREADY_IN_PROGRESS\000"
 1552      455F4741 
 1552      5454535F 
 1552      4552525F 
 1552      50524F43 
 1553              	.LASF84:
 1554 0618 4359424C 		.ascii	"CYBLE_ERROR_L2CAP_PSM_ALREADY_REGISTERED\000"
 1554      455F4552 
 1554      524F525F 
 1554      4C324341 
 1554      505F5053 
 1555              	.LASF5:
 1556 0641 6C6F6E67 		.ascii	"long unsigned int\000"
 1556      20756E73 
 1556      69676E65 
 1556      6420696E 
 1556      7400
 1557              	.LASF112:
 1558 0653 4359424C 		.ascii	"CYBLE_GATT_ERR_ATTRIBUTE_NOT_FOUND\000"
ARM GAS  C:\Users\Shahed\AppData\Local\Temp\ccgEYIn6.s 			page 36


 1558      455F4741 
 1558      54545F45 
 1558      52525F41 
 1558      54545249 
 1559              	.LASF47:
 1560 0676 4359424C 		.ascii	"CYBLE_EVT_GATTS_WRITE_REQ\000"
 1560      455F4556 
 1560      545F4741 
 1560      5454535F 
 1560      57524954 
 1561              	.LASF39:
 1562 0690 4359424C 		.ascii	"CYBLE_EVT_GATTC_XCHNG_MTU_RSP\000"
 1562      455F4556 
 1562      545F4741 
 1562      5454435F 
 1562      5843484E 
 1563              	.LASF56:
 1564 06ae 4359424C 		.ascii	"CYBLE_EVT_GATTS_DATA_SIGNED_CMD_REQ\000"
 1564      455F4556 
 1564      545F4741 
 1564      5454535F 
 1564      44415441 
 1565              	.LASF87:
 1566 06d2 4359424C 		.ascii	"CYBLE_ERROR_L2CAP_CHANNEL_NOT_FOUND\000"
 1566      455F4552 
 1566      524F525F 
 1566      4C324341 
 1566      505F4348 
 1567              	.LASF105:
 1568 06f6 4359424C 		.ascii	"CYBLE_GATT_ERR_WRITE_NOT_PERMITTED\000"
 1568      455F4741 
 1568      54545F45 
 1568      52525F57 
 1568      52495445 
 1569              	.LASF113:
 1570 0719 4359424C 		.ascii	"CYBLE_GATT_ERR_ATTRIBUTE_NOT_LONG\000"
 1570      455F4741 
 1570      54545F45 
 1570      52525F41 
 1570      54545249 
 1571              	.LASF16:
 1572 073b 4359424C 		.ascii	"CYBLE_EVT_HOST_INVALID\000"
 1572      455F4556 
 1572      545F484F 
 1572      53545F49 
 1572      4E56414C 
 1573              	.LASF42:
 1574 0752 4359424C 		.ascii	"CYBLE_EVT_GATTC_FIND_INFO_RSP\000"
 1574      455F4556 
 1574      545F4741 
 1574      5454435F 
 1574      46494E44 
 1575              	.LASF114:
 1576 0770 4359424C 		.ascii	"CYBLE_GATT_ERR_INSUFFICIENT_ENC_KEY_SIZE\000"
 1576      455F4741 
 1576      54545F45 
 1576      52525F49 
ARM GAS  C:\Users\Shahed\AppData\Local\Temp\ccgEYIn6.s 			page 37


 1576      4E535546 
 1577              	.LASF161:
 1578 0799 4379426C 		.ascii	"CyBle_DissSetCharacteristicValue\000"
 1578      655F4469 
 1578      73735365 
 1578      74436861 
 1578      72616374 
 1579              	.LASF29:
 1580 07ba 4359424C 		.ascii	"CYBLE_EVT_GAP_DEVICE_CONNECTED\000"
 1580      455F4556 
 1580      545F4741 
 1580      505F4445 
 1580      56494345 
 1581              	.LASF168:
 1582 07d9 6379426C 		.ascii	"cyBle_diss\000"
 1582      655F6469 
 1582      737300
 1583              	.LASF145:
 1584 07e4 4359424C 		.ascii	"CYBLE_DIS_PNP_ID\000"
 1584      455F4449 
 1584      535F504E 
 1584      505F4944 
 1584      00
 1585              	.LASF123:
 1586 07f5 4359424C 		.ascii	"CYBLE_GATT_ERR_HTS_OUT_OF_RANGE\000"
 1586      455F4741 
 1586      54545F45 
 1586      52525F48 
 1586      54535F4F 
 1587              	.LASF2:
 1588 0815 73686F72 		.ascii	"short int\000"
 1588      7420696E 
 1588      7400
 1589              	.LASF25:
 1590 081f 4359424C 		.ascii	"CYBLE_EVT_GAP_PASSKEY_DISPLAY_REQUEST\000"
 1590      455F4556 
 1590      545F4741 
 1590      505F5041 
 1590      53534B45 
 1591              	.LASF148:
 1592 0845 73657276 		.ascii	"serviceHandle\000"
 1592      69636548 
 1592      616E646C 
 1592      6500
 1593              	.LASF36:
 1594 0853 4359424C 		.ascii	"CYBLE_EVT_GATT_CONNECT_IND\000"
 1594      455F4556 
 1594      545F4741 
 1594      54545F43 
 1594      4F4E4E45 
 1595              	.LASF59:
 1596 086e 4359424C 		.ascii	"CYBLE_EVT_L2CAP_COMMAND_REJ\000"
 1596      455F4556 
 1596      545F4C32 
 1596      4341505F 
 1596      434F4D4D 
 1597              	.LASF122:
ARM GAS  C:\Users\Shahed\AppData\Local\Temp\ccgEYIn6.s 			page 38


 1598 088a 4359424C 		.ascii	"CYBLE_GATT_ERR_CPS_INAPPROPRIATE_CONNECTION_PARAMET"
 1598      455F4741 
 1598      54545F45 
 1598      52525F43 
 1598      50535F49 
 1599 08bd 45525300 		.ascii	"ERS\000"
 1600              	.LASF22:
 1601 08c1 4359424C 		.ascii	"CYBLE_EVT_GAPC_SCAN_PROGRESS_RESULT\000"
 1601      455F4556 
 1601      545F4741 
 1601      50435F53 
 1601      43414E5F 
 1602              	.LASF143:
 1603 08e5 4359424C 		.ascii	"CYBLE_DIS_SYSTEM_ID\000"
 1603      455F4449 
 1603      535F5359 
 1603      5354454D 
 1603      5F494400 
 1604              	.LASF96:
 1605 08f9 4359424C 		.ascii	"CYBLE_DESCR_DISC_DONE\000"
 1605      455F4445 
 1605      5343525F 
 1605      44495343 
 1605      5F444F4E 
 1606              	.LASF93:
 1607 090f 4359424C 		.ascii	"CYBLE_ERROR_MAX\000"
 1607      455F4552 
 1607      524F525F 
 1607      4D415800 
 1608              	.LASF60:
 1609 091f 4359424C 		.ascii	"CYBLE_EVT_L2CAP_CBFC_CONN_IND\000"
 1609      455F4556 
 1609      545F4C32 
 1609      4341505F 
 1609      43424643 
 1610              	.LASF41:
 1611 093d 4359424C 		.ascii	"CYBLE_EVT_GATTC_READ_BY_TYPE_RSP\000"
 1611      455F4556 
 1611      545F4741 
 1611      5454435F 
 1611      52454144 
 1612              	.LASF15:
 1613 095e 73697A65 		.ascii	"sizetype\000"
 1613      74797065 
 1613      00
 1614              	.LASF119:
 1615 0967 4359424C 		.ascii	"CYBLE_GATT_ERR_INSUFFICIENT_RESOURCE\000"
 1615      455F4741 
 1615      54545F45 
 1615      52525F49 
 1615      4E535546 
 1616              	.LASF27:
 1617 098c 4359424C 		.ascii	"CYBLE_EVT_GAP_AUTH_FAILED\000"
 1617      455F4556 
 1617      545F4741 
 1617      505F4155 
 1617      54485F46 
ARM GAS  C:\Users\Shahed\AppData\Local\Temp\ccgEYIn6.s 			page 39


 1618              	.LASF151:
 1619 09a6 4359424C 		.ascii	"CYBLE_HRS_HRM\000"
 1619      455F4852 
 1619      535F4852 
 1619      4D00
 1620              	.LASF162:
 1621 09b4 4379426C 		.ascii	"CyBle_DissGetCharacteristicValue\000"
 1621      655F4469 
 1621      73734765 
 1621      74436861 
 1621      72616374 
 1622              	.LASF110:
 1623 09d5 4359424C 		.ascii	"CYBLE_GATT_ERR_INSUFFICIENT_AUTHORIZATION\000"
 1623      455F4741 
 1623      54545F45 
 1623      52525F49 
 1623      4E535546 
 1624              	.LASF26:
 1625 09ff 4359424C 		.ascii	"CYBLE_EVT_GAP_AUTH_COMPLETE\000"
 1625      455F4556 
 1625      545F4741 
 1625      505F4155 
 1625      54485F43 
 1626              	.LASF159:
 1627 0a1b 61706952 		.ascii	"apiResult\000"
 1627      6573756C 
 1627      7400
 1628              	.LASF101:
 1629 0a25 4359424C 		.ascii	"CYBLE_API_RESULT_T\000"
 1629      455F4150 
 1629      495F5245 
 1629      53554C54 
 1629      5F5400
 1630              	.LASF53:
 1631 0a38 4359424C 		.ascii	"CYBLE_EVT_GATTC_HANDLE_VALUE_NTF\000"
 1631      455F4556 
 1631      545F4741 
 1631      5454435F 
 1631      48414E44 
 1632              	.LASF98:
 1633 0a59 4359424C 		.ascii	"CYBLE_ERROR_IND_DISABLED\000"
 1633      455F4552 
 1633      524F525F 
 1633      494E445F 
 1633      44495341 
 1634              	.LASF135:
 1635 0a72 4359424C 		.ascii	"CYBLE_GATT_HANDLE_VALUE_PAIR_T\000"
 1635      455F4741 
 1635      54545F48 
 1635      414E444C 
 1635      455F5641 
 1636              	.LASF144:
 1637 0a91 4359424C 		.ascii	"CYBLE_DIS_REG_CERT_DATA\000"
 1637      455F4449 
 1637      535F5245 
 1637      475F4345 
 1637      52545F44 
ARM GAS  C:\Users\Shahed\AppData\Local\Temp\ccgEYIn6.s 			page 40


 1638              	.LASF61:
 1639 0aa9 4359424C 		.ascii	"CYBLE_EVT_L2CAP_CBFC_CONN_CNF\000"
 1639      455F4556 
 1639      545F4C32 
 1639      4341505F 
 1639      43424643 
 1640              	.LASF40:
 1641 0ac7 4359424C 		.ascii	"CYBLE_EVT_GATTC_READ_BY_GROUP_TYPE_RSP\000"
 1641      455F4556 
 1641      545F4741 
 1641      5454435F 
 1641      52454144 
 1642              	.LASF12:
 1643 0aee 666C6F61 		.ascii	"float\000"
 1643      7400
 1644              	.LASF164:
 1645 0af4 2E5C4765 		.ascii	".\\Generated_Source\\PSoC4\\BLE_dis.c\000"
 1645      6E657261 
 1645      7465645F 
 1645      536F7572 
 1645      63655C50 
 1646              	.LASF163:
 1647 0b17 474E5520 		.ascii	"GNU C 4.8.4 20140526 (release) [ARM/embedded-4_8-br"
 1647      4320342E 
 1647      382E3420 
 1647      32303134 
 1647      30353236 
 1648 0b4a 616E6368 		.ascii	"anch revision 211358] -mcpu=cortex-m0 -mthumb -g -O"
 1648      20726576 
 1648      6973696F 
 1648      6E203231 
 1648      31333538 
 1649 0b7d 30202D66 		.ascii	"0 -ffunction-sections\000"
 1649      66756E63 
 1649      74696F6E 
 1649      2D736563 
 1649      74696F6E 
 1650              	.LASF111:
 1651 0b93 4359424C 		.ascii	"CYBLE_GATT_ERR_PREPARE_WRITE_QUEUE_FULL\000"
 1651      455F4741 
 1651      54545F45 
 1651      52525F50 
 1651      52455041 
 1652              	.LASF139:
 1653 0bbb 4359424C 		.ascii	"CYBLE_DIS_SERIAL_NUMBER\000"
 1653      455F4449 
 1653      535F5345 
 1653      5249414C 
 1653      5F4E554D 
 1654              	.LASF80:
 1655 0bd3 4359424C 		.ascii	"CYBLE_ERROR_TX_POWER_READ\000"
 1655      455F4552 
 1655      524F525F 
 1655      54585F50 
 1655      4F574552 
 1656              	.LASF155:
 1657 0bed 63616C6C 		.ascii	"callbackFunc\000"
ARM GAS  C:\Users\Shahed\AppData\Local\Temp\ccgEYIn6.s 			page 41


 1657      6261636B 
 1657      46756E63 
 1657      00
 1658              	.LASF129:
 1659 0bfa 4359424C 		.ascii	"CYBLE_GATT_ERR_OUT_OF_RANGE\000"
 1659      455F4741 
 1659      54545F45 
 1659      52525F4F 
 1659      55545F4F 
 1660              	.LASF1:
 1661 0c16 756E7369 		.ascii	"unsigned char\000"
 1661      676E6564 
 1661      20636861 
 1661      7200
 1662              	.LASF146:
 1663 0c24 4359424C 		.ascii	"CYBLE_DIS_CHAR_COUNT\000"
 1663      455F4449 
 1663      535F4348 
 1663      41525F43 
 1663      4F554E54 
 1664              	.LASF115:
 1665 0c39 4359424C 		.ascii	"CYBLE_GATT_ERR_INVALID_ATTRIBUTE_LEN\000"
 1665      455F4741 
 1665      54545F45 
 1665      52525F49 
 1665      4E56414C 
 1666              	.LASF125:
 1667 0c5e 4359424C 		.ascii	"CYBLE_GATTS_ERR_CCCD_IMPROPERLY_CONFIGURED\000"
 1667      455F4741 
 1667      5454535F 
 1667      4552525F 
 1667      43434344 
 1668              	.LASF167:
 1669 0c89 4379426C 		.ascii	"CyBle_DisRegisterAttrCallback\000"
 1669      655F4469 
 1669      73526567 
 1669      69737465 
 1669      72417474 
 1670              	.LASF99:
 1671 0ca7 4359424C 		.ascii	"CYBLE_ERROR_CHAR_IS_NOT_DISCOVERED\000"
 1671      455F4552 
 1671      524F525F 
 1671      43484152 
 1671      5F49535F 
 1672              	.LASF149:
 1673 0cca 63686172 		.ascii	"charHandle\000"
 1673      48616E64 
 1673      6C6500
 1674              	.LASF54:
 1675 0cd5 4359424C 		.ascii	"CYBLE_EVT_GATTC_HANDLE_VALUE_IND\000"
 1675      455F4556 
 1675      545F4741 
 1675      5454435F 
 1675      48414E44 
 1676              	.LASF76:
 1677 0cf6 4359424C 		.ascii	"CYBLE_ERROR_NO_CONNECTION\000"
 1677      455F4552 
ARM GAS  C:\Users\Shahed\AppData\Local\Temp\ccgEYIn6.s 			page 42


 1677      524F525F 
 1677      4E4F5F43 
 1677      4F4E4E45 
 1678              	.LASF142:
 1679 0d10 4359424C 		.ascii	"CYBLE_DIS_SOFTWARE_REV\000"
 1679      455F4449 
 1679      535F534F 
 1679      46545741 
 1679      52455F52 
 1680              	.LASF126:
 1681 0d27 4359424C 		.ascii	"CYBLE_GATT_ERR_ANS_COMMAND_NOT_SUPPORTED\000"
 1681      455F4741 
 1681      54545F45 
 1681      52525F41 
 1681      4E535F43 
 1682              	.LASF50:
 1683 0d50 4359424C 		.ascii	"CYBLE_EVT_GATTS_PREP_WRITE_REQ\000"
 1683      455F4556 
 1683      545F4741 
 1683      5454535F 
 1683      50524550 
 1684              	.LASF158:
 1685 0d6f 61747472 		.ascii	"attrValue\000"
 1685      56616C75 
 1685      6500
 1686              	.LASF55:
 1687 0d79 4359424C 		.ascii	"CYBLE_EVT_GATTS_HANDLE_VALUE_CNF\000"
 1687      455F4556 
 1687      545F4741 
 1687      5454535F 
 1687      48414E44 
 1688              	.LASF127:
 1689 0d9a 4359424C 		.ascii	"CYBLE_GATT_ERR_CCCD_IMPROPERLY_CONFIGURED\000"
 1689      455F4741 
 1689      54545F45 
 1689      52525F43 
 1689      4343445F 
 1690              	.LASF152:
 1691 0dc4 4359424C 		.ascii	"CYBLE_HRS_BSL\000"
 1691      455F4852 
 1691      535F4253 
 1691      4C00
 1692              	.LASF120:
 1693 0dd2 4359424C 		.ascii	"CYBLE_GATT_ERR_HEART_RATE_CONTROL_POINT_NOT_SUPPORT"
 1693      455F4741 
 1693      54545F45 
 1693      52525F48 
 1693      45415254 
 1694 0e05 454400   		.ascii	"ED\000"
 1695              	.LASF165:
 1696 0e08 433A5C55 		.ascii	"C:\\Users\\Shahed\\Downloads\\BLE Lab 3\\BLE Lab 3\\"
 1696      73657273 
 1696      5C536861 
 1696      6865645C 
 1696      446F776E 
 1697 0e36 424C4520 		.ascii	"BLE Lab 3.cydsn\000"
 1697      4C616220 
ARM GAS  C:\Users\Shahed\AppData\Local\Temp\ccgEYIn6.s 			page 43


 1697      332E6379 
 1697      64736E00 
 1698              	.LASF14:
 1699 0e46 63686172 		.ascii	"char\000"
 1699      00
 1700              	.LASF138:
 1701 0e4b 4359424C 		.ascii	"CYBLE_DIS_MODEL_NUMBER\000"
 1701      455F4449 
 1701      535F4D4F 
 1701      44454C5F 
 1701      4E554D42 
 1702              	.LASF81:
 1703 0e62 4359424C 		.ascii	"CYBLE_ERROR_BT_ON_NOT_COMPLETED\000"
 1703      455F4552 
 1703      524F525F 
 1703      42545F4F 
 1703      4E5F4E4F 
 1704              	.LASF30:
 1705 0e82 4359424C 		.ascii	"CYBLE_EVT_GAP_DEVICE_DISCONNECTED\000"
 1705      455F4556 
 1705      545F4741 
 1705      505F4445 
 1705      56494345 
 1706              	.LASF8:
 1707 0ea4 756E7369 		.ascii	"unsigned int\000"
 1707      676E6564 
 1707      20696E74 
 1707      00
 1708              	.LASF48:
 1709 0eb1 4359424C 		.ascii	"CYBLE_EVT_GATTC_WRITE_RSP\000"
 1709      455F4556 
 1709      545F4741 
 1709      5454435F 
 1709      57524954 
 1710              	.LASF66:
 1711 0ecb 4359424C 		.ascii	"CYBLE_EVT_L2CAP_CBFC_TX_CREDIT_IND\000"
 1711      455F4556 
 1711      545F4C32 
 1711      4341505F 
 1711      43424643 
 1712              	.LASF116:
 1713 0eee 4359424C 		.ascii	"CYBLE_GATT_ERR_UNLIKELY_ERROR\000"
 1713      455F4741 
 1713      54545F45 
 1713      52525F55 
 1713      4E4C494B 
 1714              	.LASF91:
 1715 0f0c 4359424C 		.ascii	"CYBLE_ERROR_FLASH_WRITE_NOT_PERMITED\000"
 1715      455F4552 
 1715      524F525F 
 1715      464C4153 
 1715      485F5752 
 1716              	.LASF86:
 1717 0f31 4359424C 		.ascii	"CYBLE_ERROR_L2CAP_CONNECTION_ENTITY_NOT_FOUND\000"
 1717      455F4552 
 1717      524F525F 
 1717      4C324341 
ARM GAS  C:\Users\Shahed\AppData\Local\Temp\ccgEYIn6.s 			page 44


 1717      505F434F 
 1718              	.LASF128:
 1719 0f5f 4359424C 		.ascii	"CYBLE_GATT_ERR_PROCEDURE_ALREADY_IN_PROGRESS\000"
 1719      455F4741 
 1719      54545F45 
 1719      52525F50 
 1719      524F4345 
 1720              	.LASF19:
 1721 0f8c 4359424C 		.ascii	"CYBLE_EVT_HARDWARE_ERROR\000"
 1721      455F4556 
 1721      545F4841 
 1721      52445741 
 1721      52455F45 
 1722              	.LASF3:
 1723 0fa5 73686F72 		.ascii	"short unsigned int\000"
 1723      7420756E 
 1723      7369676E 
 1723      65642069 
 1723      6E7400
 1724              	.LASF35:
 1725 0fb8 4359424C 		.ascii	"CYBLE_EVT_GATTC_ERROR_RSP\000"
 1725      455F4556 
 1725      545F4741 
 1725      5454435F 
 1725      4552524F 
 1726              	.LASF72:
 1727 0fd2 4359424C 		.ascii	"CYBLE_ERROR_INVALID_OPERATION\000"
 1727      455F4552 
 1727      524F525F 
 1727      494E5641 
 1727      4C49445F 
 1728              	.LASF121:
 1729 0ff0 4359424C 		.ascii	"CYBLE_GATT_ERR_USER_DATA_ACCESS_NOT_PERMITTED\000"
 1729      455F4741 
 1729      54545F45 
 1729      52525F55 
 1729      5345525F 
 1730              	.LASF117:
 1731 101e 4359424C 		.ascii	"CYBLE_GATT_ERR_INSUFFICIENT_ENCRYPTION\000"
 1731      455F4741 
 1731      54545F45 
 1731      52525F49 
 1731      4E535546 
 1732              	.LASF136:
 1733 1045 4359424C 		.ascii	"CYBLE_CALLBACK_T\000"
 1733      455F4341 
 1733      4C4C4241 
 1733      434B5F54 
 1733      00
 1734              	.LASF38:
 1735 1056 4359424C 		.ascii	"CYBLE_EVT_GATTS_XCNHG_MTU_REQ\000"
 1735      455F4556 
 1735      545F4741 
 1735      5454535F 
 1735      58434E48 
 1736              	.LASF156:
 1737 1074 63686172 		.ascii	"charIndex\000"
ARM GAS  C:\Users\Shahed\AppData\Local\Temp\ccgEYIn6.s 			page 45


 1737      496E6465 
 1737      7800
 1738              	.LASF74:
 1739 107e 4359424C 		.ascii	"CYBLE_ERROR_INSUFFICIENT_RESOURCES\000"
 1739      455F4552 
 1739      524F525F 
 1739      494E5355 
 1739      46464943 
 1740              	.LASF24:
 1741 10a1 4359424C 		.ascii	"CYBLE_EVT_GAP_PASSKEY_ENTRY_REQUEST\000"
 1741      455F4556 
 1741      545F4741 
 1741      505F5041 
 1741      53534B45 
 1742              	.LASF45:
 1743 10c5 4359424C 		.ascii	"CYBLE_EVT_GATTC_READ_BLOB_RSP\000"
 1743      455F4556 
 1743      545F4741 
 1743      5454435F 
 1743      52454144 
 1744              	.LASF109:
 1745 10e3 4359424C 		.ascii	"CYBLE_GATT_ERR_INVALID_OFFSET\000"
 1745      455F4741 
 1745      54545F45 
 1745      52525F49 
 1745      4E56414C 
 1746              	.LASF92:
 1747 1101 4359424C 		.ascii	"CYBLE_ERROR_MIC_AUTH_FAILED\000"
 1747      455F4552 
 1747      524F525F 
 1747      4D49435F 
 1747      41555448 
 1748              	.LASF85:
 1749 111d 4359424C 		.ascii	"CYBLE_ERROR_L2CAP_PSM_NOT_REGISTERED\000"
 1749      455F4552 
 1749      524F525F 
 1749      4C324341 
 1749      505F5053 
 1750              	.LASF43:
 1751 1142 4359424C 		.ascii	"CYBLE_EVT_GATTC_FIND_BY_TYPE_VALUE_RSP\000"
 1751      455F4556 
 1751      545F4741 
 1751      5454435F 
 1751      46494E44 
 1752              	.LASF150:
 1753 1169 4359424C 		.ascii	"CYBLE_DISS_T\000"
 1753      455F4449 
 1753      53535F54 
 1753      00
 1754              	.LASF34:
 1755 1176 4359424C 		.ascii	"CYBLE_EVT_GAP_KEYINFO_EXCHNGE_CMPLT\000"
 1755      455F4556 
 1755      545F4741 
 1755      505F4B45 
 1755      59494E46 
 1756              	.LASF160:
 1757 119a 6C6F6348 		.ascii	"locHandleValuePair\000"
ARM GAS  C:\Users\Shahed\AppData\Local\Temp\ccgEYIn6.s 			page 46


 1757      616E646C 
 1757      6556616C 
 1757      75655061 
 1757      697200
 1758              	.LASF62:
 1759 11ad 4359424C 		.ascii	"CYBLE_EVT_L2CAP_CBFC_DISCONN_IND\000"
 1759      455F4556 
 1759      545F4C32 
 1759      4341505F 
 1759      43424643 
 1760              	.LASF95:
 1761 11ce 4359424C 		.ascii	"CYBLE_CHAR_DISC_DONE\000"
 1761      455F4348 
 1761      41525F44 
 1761      4953435F 
 1761      444F4E45 
 1762              	.LASF58:
 1763 11e3 4359424C 		.ascii	"CYBLE_EVT_L2CAP_CONN_PARAM_UPDATE_RSP\000"
 1763      455F4556 
 1763      545F4C32 
 1763      4341505F 
 1763      434F4E4E 
 1764              	.LASF137:
 1765 1209 4359424C 		.ascii	"CYBLE_DIS_MANUFACTURER_NAME\000"
 1765      455F4449 
 1765      535F4D41 
 1765      4E554641 
 1765      43545552 
 1766              	.LASF157:
 1767 1225 61747472 		.ascii	"attrSize\000"
 1767      53697A65 
 1767      00
 1768              	.LASF89:
 1769 122e 4359424C 		.ascii	"CYBLE_ERROR_GATT_DB_INVALID_ATTR_HANDLE\000"
 1769      455F4552 
 1769      524F525F 
 1769      47415454 
 1769      5F44425F 
 1770              	.LASF78:
 1771 1256 4359424C 		.ascii	"CYBLE_ERROR_REPEATED_ATTEMPTS\000"
 1771      455F4552 
 1771      524F525F 
 1771      52455045 
 1771      41544544 
 1772              		.ident	"GCC: (GNU Tools for ARM Embedded Processors) 4.8.4 20140526 (release) [ARM/embedded-4_8-br
