ARM GAS  C:\Users\Shahed\AppData\Local\Temp\ccNn5sqo.s 			page 1


   1              		.cpu cortex-m0
   2              		.fpu softvfp
   3              		.eabi_attribute 20, 1
   4              		.eabi_attribute 21, 1
   5              		.eabi_attribute 23, 3
   6              		.eabi_attribute 24, 1
   7              		.eabi_attribute 25, 1
   8              		.eabi_attribute 26, 1
   9              		.eabi_attribute 30, 6
  10              		.eabi_attribute 34, 0
  11              		.eabi_attribute 18, 4
  12              		.code	16
  13              		.file	"main.c"
  14              		.text
  15              	.Ltext0:
  16              		.cfi_sections	.debug_frame
  17              		.data
  18              		.align	2
  19              		.type	hrmConnectionParam, %object
  20              		.size	hrmConnectionParam, 8
  21              	hrmConnectionParam:
  22 0000 1000     		.short	16
  23 0002 1000     		.short	16
  24 0004 3100     		.short	49
  25 0006 F401     		.short	500
  26              		.section	.text.InitializeSystem,"ax",%progbits
  27              		.align	2
  28              		.code	16
  29              		.thumb_func
  30              		.type	InitializeSystem, %function
  31              	InitializeSystem:
  32              	.LFB35:
  33              		.file 1 ".\\main.c"
   1:.\main.c      **** /*****************************************************************************
   2:.\main.c      **** * File Name: main.c
   3:.\main.c      **** *
   4:.\main.c      **** * Version: 1.0
   5:.\main.c      **** *
   6:.\main.c      **** * Description:
   7:.\main.c      **** * This is the top level file for the PSoC 4 BLE Lab 3.
   8:.\main.c      **** *
   9:.\main.c      **** * Hardware Dependency:
  10:.\main.c      **** * CY8CKIT-042 BLE Pioneer Kit
  11:.\main.c      **** *
  12:.\main.c      **** ******************************************************************************
  13:.\main.c      **** * Copyright (2014), Cypress Semiconductor Corporation.
  14:.\main.c      **** ******************************************************************************
  15:.\main.c      **** * This software is owned by Cypress Semiconductor Corporation (Cypress) and is
  16:.\main.c      **** * protected by and subject to worldwide patent protection (United States and
  17:.\main.c      **** * foreign), United States copyright laws and international treaty provisions.
  18:.\main.c      **** * Cypress hereby grants to licensee a personal, non-exclusive, non-transferable
  19:.\main.c      **** * license to copy, use, modify, create derivative works of, and compile the
  20:.\main.c      **** * Cypress Source Code and derivative works for the sole purpose of creating
  21:.\main.c      **** * custom software in support of licensee product to be used only in conjunction
  22:.\main.c      **** * with a Cypress integrated circuit as specified in the applicable agreement.
  23:.\main.c      **** * Any reproduction, modification, translation, compilation, or representation of
  24:.\main.c      **** * this software except as specified above is prohibited without the express
ARM GAS  C:\Users\Shahed\AppData\Local\Temp\ccNn5sqo.s 			page 2


  25:.\main.c      **** * written permission of Cypress.
  26:.\main.c      **** *
  27:.\main.c      **** * Disclaimer: CYPRESS MAKES NO WARRANTY OF ANY KIND, EXPRESS OR IMPLIED, WITH
  28:.\main.c      **** * REGARD TO THIS MATERIAL, INCLUDING, BUT NOT LIMITED TO, THE IMPLIED
  29:.\main.c      **** * WARRANTIES OF MERCHANTABILITY AND FITNESS FOR A PARTICULAR PURPOSE.
  30:.\main.c      **** * Cypress reserves the right to make changes without further notice to the
  31:.\main.c      **** * materials described herein. Cypress does not assume any liability arising out
  32:.\main.c      **** * of the application or use of any product or circuit described herein. Cypress
  33:.\main.c      **** * does not authorize its products for use as critical components in life-support
  34:.\main.c      **** * systems where a malfunction or failure may reasonably be expected to result in
  35:.\main.c      **** * significant injury to the user. The inclusion of Cypress' product in a life-
  36:.\main.c      **** * support systems application implies that the manufacturer assumes all risk of
  37:.\main.c      **** * such use and in doing so indemnifies Cypress against all charges. Use may be
  38:.\main.c      **** * limited by and subject to the applicable Cypress software license agreement.
  39:.\main.c      **** *****************************************************************************/
  40:.\main.c      **** 
  41:.\main.c      **** 
  42:.\main.c      **** /*****************************************************************************
  43:.\main.c      **** * Included headers
  44:.\main.c      **** *****************************************************************************/
  45:.\main.c      **** #include <project.h>
  46:.\main.c      **** #include <stdbool.h>
  47:.\main.c      **** #include "main.h"
  48:.\main.c      **** #include "HeartRateProcessing.h"
  49:.\main.c      **** #include "BleProcessing.h"
  50:.\main.c      **** #include "WatchdogTimer.h"
  51:.\main.c      **** 
  52:.\main.c      **** 
  53:.\main.c      **** /*****************************************************************************
  54:.\main.c      **** * Macros
  55:.\main.c      **** *****************************************************************************/
  56:.\main.c      **** #define TIME_SINCE_CONNECTED_MS         (5000)
  57:.\main.c      **** 
  58:.\main.c      **** 
  59:.\main.c      **** /*****************************************************************************
  60:.\main.c      **** * Global variables
  61:.\main.c      **** *****************************************************************************/
  62:.\main.c      **** static CYBLE_GAP_CONN_UPDATE_PARAM_T hrmConnectionParam =
  63:.\main.c      **** {
  64:.\main.c      ****     16,         /* Minimum connection interval of 20 ms */
  65:.\main.c      ****     16,         /* Maximum connection interval of 20 ms */
  66:.\main.c      ****     49,         /* Slave latency of 49 */
  67:.\main.c      ****     500         /* Supervision timeout of 5 seconds */
  68:.\main.c      **** };
  69:.\main.c      **** 
  70:.\main.c      **** 
  71:.\main.c      **** /*****************************************************************************
  72:.\main.c      **** * Static function definitions
  73:.\main.c      **** *****************************************************************************/
  74:.\main.c      **** 
  75:.\main.c      **** /*****************************************************************************
  76:.\main.c      **** * Function Name: InitializeSystem
  77:.\main.c      **** ******************************************************************************
  78:.\main.c      **** * Summary:
  79:.\main.c      **** * Initializes all the blocks of the system.
  80:.\main.c      **** *
  81:.\main.c      **** * Parameters:
ARM GAS  C:\Users\Shahed\AppData\Local\Temp\ccNn5sqo.s 			page 3


  82:.\main.c      **** * None
  83:.\main.c      **** *
  84:.\main.c      **** * Return:
  85:.\main.c      **** * None
  86:.\main.c      **** *
  87:.\main.c      **** * Theory:
  88:.\main.c      **** * The function enables the Opamp and ADC for the heart rate measurement, and 
  89:.\main.c      **** * setups the BLE component. It also starts the watchdog timer and ensures that 
  90:.\main.c      **** * all the status LEDs are off at system startup. 
  91:.\main.c      **** *
  92:.\main.c      **** * Side Effects:
  93:.\main.c      **** * None
  94:.\main.c      **** *
  95:.\main.c      **** *****************************************************************************/
  96:.\main.c      **** static void InitializeSystem(void)
  97:.\main.c      **** {
  34              		.loc 1 97 0
  35              		.cfi_startproc
  36 0000 80B5     		push	{r7, lr}
  37              		.cfi_def_cfa_offset 8
  38              		.cfi_offset 7, -8
  39              		.cfi_offset 14, -4
  40 0002 00AF     		add	r7, sp, #0
  41              		.cfi_def_cfa_register 7
  98:.\main.c      ****     #if (RGB_LED_IN_PROJECT)
  99:.\main.c      ****         /* Turn off all LEDs */
 100:.\main.c      ****         Led_Advertising_Green_Write(1);
  42              		.loc 1 100 0
  43 0004 0120     		mov	r0, #1
  44 0006 FFF7FEFF 		bl	Led_Advertising_Green_Write
 101:.\main.c      ****         Led_Connected_Blue_Write(1);
  45              		.loc 1 101 0
  46 000a 0120     		mov	r0, #1
  47 000c FFF7FEFF 		bl	Led_Connected_Blue_Write
 102:.\main.c      ****     #endif  /* #if (RGB_LED_IN_PROJECT) */
 103:.\main.c      **** 
 104:.\main.c      ****     /* Enabling Global interrupts */
 105:.\main.c      ****     CyGlobalIntEnable; 
  48              		.loc 1 105 0
  49              	@ 105 ".\main.c" 1
  50 0010 62B6     		CPSIE   i
  51              	@ 0 "" 2
 106:.\main.c      **** 	
 107:.\main.c      ****     /* Start Opamp and ADC components and PWM component */
 108:.\main.c      **** 	Opamp_Start();
  52              		.loc 1 108 0
  53              		.code	16
  54 0012 FFF7FEFF 		bl	Opamp_Start
 109:.\main.c      ****     ADC_Start();
  55              		.loc 1 109 0
  56 0016 FFF7FEFF 		bl	ADC_Start
 110:.\main.c      **** 	PWM_Start();
  57              		.loc 1 110 0
  58 001a FFF7FEFF 		bl	PWM_Start
 111:.\main.c      ****     
 112:.\main.c      ****     /* Start BLE component */
 113:.\main.c      ****     CyBle_Start(GeneralEventHandler);
ARM GAS  C:\Users\Shahed\AppData\Local\Temp\ccNn5sqo.s 			page 4


  59              		.loc 1 113 0
  60 001e 064B     		ldr	r3, .L2
  61 0020 181C     		mov	r0, r3
  62 0022 FFF7FEFF 		bl	CyBle_Start
 114:.\main.c      ****     
 115:.\main.c      ****     
 116:.\main.c      ****     /* Register the Heart Rate Service event handler callback. The function
 117:.\main.c      ****      * to be registered is HrsEventHandler().
 118:.\main.c      ****      */
 119:.\main.c      **** 	CyBle_HrsRegisterAttrCallback(HrsEventHandler);
  63              		.loc 1 119 0
  64 0026 054B     		ldr	r3, .L2+4
  65 0028 181C     		mov	r0, r3
  66 002a FFF7FEFF 		bl	CyBle_HrsRegisterAttrCallback
 120:.\main.c      ****     
 121:.\main.c      ****     
 122:.\main.c      ****     /* Start the Watchdog Timer */
 123:.\main.c      **** 	WatchdogTimer_Start();
  67              		.loc 1 123 0
  68 002e FFF7FEFF 		bl	WatchdogTimer_Start
 124:.\main.c      **** }
  69              		.loc 1 124 0
  70 0032 BD46     		mov	sp, r7
  71              		@ sp needed
  72 0034 80BD     		pop	{r7, pc}
  73              	.L3:
  74 0036 C046     		.align	2
  75              	.L2:
  76 0038 00000000 		.word	GeneralEventHandler
  77 003c 00000000 		.word	HrsEventHandler
  78              		.cfi_endproc
  79              	.LFE35:
  80              		.size	InitializeSystem, .-InitializeSystem
  81              		.section	.text.main,"ax",%progbits
  82              		.align	2
  83              		.global	main
  84              		.code	16
  85              		.thumb_func
  86              		.type	main, %function
  87              	main:
  88              	.LFB36:
 125:.\main.c      **** 
 126:.\main.c      **** 
 127:.\main.c      **** /*****************************************************************************
 128:.\main.c      **** * Public function definitions
 129:.\main.c      **** *****************************************************************************/
 130:.\main.c      **** 
 131:.\main.c      **** /*****************************************************************************
 132:.\main.c      **** * Function Name: main
 133:.\main.c      **** ******************************************************************************
 134:.\main.c      **** * Summary:
 135:.\main.c      **** * The main function for the project.
 136:.\main.c      **** *
 137:.\main.c      **** * Parameters:
 138:.\main.c      **** * None
 139:.\main.c      **** *
 140:.\main.c      **** * Return:
ARM GAS  C:\Users\Shahed\AppData\Local\Temp\ccNn5sqo.s 			page 5


 141:.\main.c      **** * None
 142:.\main.c      **** *
 143:.\main.c      **** * Theory:
 144:.\main.c      **** * The main function first calls the initialization function to start the 
 145:.\main.c      **** * system, and then enters a loop to run forever. In the main loop, it scans
 146:.\main.c      **** * the heart rate first, then sends a notification packet every second to a 
 147:.\main.c      **** * BLE connected device. It then enters low power (deep sleep) state, waiting
 148:.\main.c      **** * for the periodic wakeup interrupt from watchdog timer.
 149:.\main.c      **** * When the device is disconnected or when advertisement timeout happens, 
 150:.\main.c      **** * the device enters Hibernate mode, waiting for the SW2 switch press to wakeup.
 151:.\main.c      **** *
 152:.\main.c      **** * Side Effects:
 153:.\main.c      **** * None
 154:.\main.c      **** *
 155:.\main.c      **** *****************************************************************************/
 156:.\main.c      **** int main()
 157:.\main.c      **** {
  89              		.loc 1 157 0
  90              		.cfi_startproc
  91 0000 80B5     		push	{r7, lr}
  92              		.cfi_def_cfa_offset 8
  93              		.cfi_offset 7, -8
  94              		.cfi_offset 14, -4
  95 0002 82B0     		sub	sp, sp, #8
  96              		.cfi_def_cfa_offset 16
  97 0004 00AF     		add	r7, sp, #0
  98              		.cfi_def_cfa_register 7
 158:.\main.c      ****     static uint32 previousTimestamp = 0;
 159:.\main.c      ****     static uint32 currentTimestamp = 0;
 160:.\main.c      ****     CYBLE_LP_MODE_T bleMode;
 161:.\main.c      ****     uint8 interruptStatus;
 162:.\main.c      ****     
 163:.\main.c      ****     /* Initialize all blocks of the system */
 164:.\main.c      **** 	InitializeSystem();
  99              		.loc 1 164 0
 100 0006 FFF7FEFF 		bl	InitializeSystem
 101              	.L9:
 165:.\main.c      ****     
 166:.\main.c      ****     /* Run forever */
 167:.\main.c      ****     for(;;)
 168:.\main.c      ****     {
 169:.\main.c      ****         /* Wake up ADC from low power mode */
 170:.\main.c      ****         ADC_Wakeup();
 102              		.loc 1 170 0
 103 000a FFF7FEFF 		bl	ADC_Wakeup
 171:.\main.c      ****         
 172:.\main.c      ****         /* Analog Front End. 
 173:.\main.c      ****          * Detects the input signal and measures Heart Rate 
 174:.\main.c      ****          */
 175:.\main.c      ****         ProcessHeartRateSignal();
 104              		.loc 1 175 0
 105 000e FFF7FEFF 		bl	ProcessHeartRateSignal
 176:.\main.c      **** 
 177:.\main.c      ****         /* Put ADC in low power mode */
 178:.\main.c      ****         ADC_Sleep();
 106              		.loc 1 178 0
 107 0012 FFF7FEFF 		bl	ADC_Sleep
ARM GAS  C:\Users\Shahed\AppData\Local\Temp\ccNn5sqo.s 			page 6


 179:.\main.c      ****         
 180:.\main.c      ****         /* Measure the current system timestamp from watchdog timer */
 181:.\main.c      ****         currentTimestamp = WatchdogTimer_GetTimestamp();        
 108              		.loc 1 181 0
 109 0016 FFF7FEFF 		bl	WatchdogTimer_GetTimestamp
 110 001a 021C     		mov	r2, r0
 111 001c 204B     		ldr	r3, .L10
 112 001e 1A60     		str	r2, [r3]
 182:.\main.c      **** 
 183:.\main.c      ****         /* Update BLE connection parameters a few seconds after connection */
 184:.\main.c      ****         if((CyBle_GetState() == CYBLE_STATE_CONNECTED) && 
 113              		.loc 1 184 0
 114 0020 204B     		ldr	r3, .L10+4
 115 0022 1B78     		ldrb	r3, [r3]
 116 0024 022B     		cmp	r3, #2
 117 0026 15D1     		bne	.L5
 185:.\main.c      ****            (connParamRequestState == CONN_PARAM_REQUEST_NOT_SENT))
 118              		.loc 1 185 0 discriminator 1
 119 0028 1F4B     		ldr	r3, .L10+8
 120 002a 1B78     		ldrb	r3, [r3]
 184:.\main.c      ****         if((CyBle_GetState() == CYBLE_STATE_CONNECTED) && 
 121              		.loc 1 184 0 discriminator 1
 122 002c 002B     		cmp	r3, #0
 123 002e 11D1     		bne	.L5
 186:.\main.c      ****         {
 187:.\main.c      ****             if((currentTimestamp - timestampWhenConnected) > TIME_SINCE_CONNECTED_MS)
 124              		.loc 1 187 0
 125 0030 1B4B     		ldr	r3, .L10
 126 0032 1A68     		ldr	r2, [r3]
 127 0034 1D4B     		ldr	r3, .L10+12
 128 0036 1B68     		ldr	r3, [r3]
 129 0038 D21A     		sub	r2, r2, r3
 130 003a 1D4B     		ldr	r3, .L10+16
 131 003c 9A42     		cmp	r2, r3
 132 003e 09D9     		bls	.L5
 188:.\main.c      ****             {
 189:.\main.c      ****                 CyBle_L2capLeConnectionParamUpdateRequest(cyBle_connHandle.bdHandle, &hrmConnection
 133              		.loc 1 189 0
 134 0040 1C4B     		ldr	r3, .L10+20
 135 0042 1A78     		ldrb	r2, [r3]
 136 0044 1C4B     		ldr	r3, .L10+24
 137 0046 101C     		mov	r0, r2
 138 0048 191C     		mov	r1, r3
 139 004a FFF7FEFF 		bl	CyBle_L2capLeConnectionParamUpdateRequest
 190:.\main.c      ****                 connParamRequestState = CONN_PARAM_REQUEST_SENT;
 140              		.loc 1 190 0
 141 004e 164B     		ldr	r3, .L10+8
 142 0050 0122     		mov	r2, #1
 143 0052 1A70     		strb	r2, [r3]
 144              	.L5:
 191:.\main.c      ****             }
 192:.\main.c      ****         }
 193:.\main.c      ****         
 194:.\main.c      ****         
 195:.\main.c      ****         /* Send Heart Rate notification over BLE every second.
 196:.\main.c      ****          * Check if the current timestamp minus previous exceeds 1000 ms.
 197:.\main.c      ****          */
ARM GAS  C:\Users\Shahed\AppData\Local\Temp\ccNn5sqo.s 			page 7


 198:.\main.c      ****         if((currentTimestamp - previousTimestamp) >= 1000)
 145              		.loc 1 198 0
 146 0054 124B     		ldr	r3, .L10
 147 0056 1A68     		ldr	r2, [r3]
 148 0058 184B     		ldr	r3, .L10+28
 149 005a 1B68     		ldr	r3, [r3]
 150 005c D21A     		sub	r2, r2, r3
 151 005e 184B     		ldr	r3, .L10+32
 152 0060 9A42     		cmp	r2, r3
 153 0062 06D9     		bls	.L6
 199:.\main.c      ****         {
 200:.\main.c      ****             /* Call API defined in BleProcessing.c to send 
 201:.\main.c      ****              * notification over BLE.
 202:.\main.c      ****              */
 203:.\main.c      ****             SendHeartRateOverBLE();
 154              		.loc 1 203 0
 155 0064 FFF7FEFF 		bl	SendHeartRateOverBLE
 204:.\main.c      ****             
 205:.\main.c      ****             /* Update the previous timestamp with the current timestamp. */
 206:.\main.c      ****             previousTimestamp = currentTimestamp;
 156              		.loc 1 206 0
 157 0068 0D4B     		ldr	r3, .L10
 158 006a 1A68     		ldr	r2, [r3]
 159 006c 134B     		ldr	r3, .L10+28
 160 006e 1A60     		str	r2, [r3]
 207:.\main.c      ****         }
 208:.\main.c      **** 
 209:.\main.c      ****         /* Try to stay in low power mode until the next watchdog interrupt */
 210:.\main.c      ****         while(WatchdogTimer_GetTimestamp() == currentTimestamp)
 161              		.loc 1 210 0
 162 0070 09E0     		b	.L7
 163              	.L6:
 164 0072 08E0     		b	.L7
 165              	.L8:
 211:.\main.c      ****         {
 212:.\main.c      ****             /* Process any pending BLE events */
 213:.\main.c      ****             CyBle_ProcessEvents();
 166              		.loc 1 213 0
 167 0074 FFF7FEFF 		bl	CyBle_ProcessEvents
 214:.\main.c      ****             
 215:.\main.c      ****             /* The idea of low power operation is to first request the BLE 
 216:.\main.c      ****              * block go to Deep Sleep, and then check whether it actually
 217:.\main.c      ****              * entered Deep Sleep. This is important because the BLE block
 218:.\main.c      ****              * runs asynchronous to the rest of the application and thus
 219:.\main.c      ****              * could be busy/idle independent of the application state. 
 220:.\main.c      ****              * 
 221:.\main.c      ****              * Once the BLE block is in Deep Sleep, only then the system 
 222:.\main.c      ****              * can enter Deep Sleep. This is important to maintain the BLE 
 223:.\main.c      ****              * connection alive while being in Deep Sleep.
 224:.\main.c      ****              */
 225:.\main.c      **** 
 226:.\main.c      ****             
 227:.\main.c      **** //            /* Request the BLE block to enter Deep Sleep */
 228:.\main.c      **** //            bleMode = CyBle_EnterLPM(CYBLE_BLESS_DEEPSLEEP);
 229:.\main.c      **** 
 230:.\main.c      ****             
 231:.\main.c      ****             /* Check if the BLE block entered Deep Sleep and if so, then the 
ARM GAS  C:\Users\Shahed\AppData\Local\Temp\ccNn5sqo.s 			page 8


 232:.\main.c      ****              * system can enter Deep Sleep. This is done inside a Critical 
 233:.\main.c      ****              * Section (where global interrupts are disabled) to avoid a 
 234:.\main.c      ****              * race condition between application main (that wants to go to 
 235:.\main.c      ****              * Deep Sleep) and other interrupts (which keep the device from 
 236:.\main.c      ****              * going to Deep Sleep). 
 237:.\main.c      ****              */
 238:.\main.c      **** //            interruptStatus = CyEnterCriticalSection();
 239:.\main.c      **** //            
 240:.\main.c      **** //            /* Check if the BLE block entered Deep Sleep */
 241:.\main.c      **** //            if(CYBLE_BLESS_DEEPSLEEP == bleMode)
 242:.\main.c      **** //            {
 243:.\main.c      ****                 /* Check the current state of BLE - System can enter Deep Sleep
 244:.\main.c      ****                  * only when the BLE block is starting the ECO (during 
 245:.\main.c      ****                  * pre-processing for a new connection event) or when it is 
 246:.\main.c      ****                  * idle.
 247:.\main.c      ****                  */
 248:.\main.c      **** //                if((CyBle_GetBleSsState() == CYBLE_BLESS_STATE_ECO_ON) ||
 249:.\main.c      **** //                   (CyBle_GetBleSsState() == CYBLE_BLESS_STATE_DEEPSLEEP))
 250:.\main.c      **** //                {
 251:.\main.c      **** //                    CySysPmDeepSleep();
 252:.\main.c      **** //                }
 253:.\main.c      **** //            }
 254:.\main.c      **** //           /* The else condition signifies that the BLE block cannot enter 
 255:.\main.c      **** //             * Deep Sleep and is in Active mode.  
 256:.\main.c      **** //             */
 257:.\main.c      **** //            else
 258:.\main.c      **** //            {
 259:.\main.c      ****                 /* At this point, the CPU can enter Sleep, but Deep Sleep is not
 260:.\main.c      ****                  * allowed. 
 261:.\main.c      ****                  * There is one exception - at a connection event, when the BLE 
 262:.\main.c      ****                  * Rx/Tx has just finished, and the post processing for the 
 263:.\main.c      ****                  * connection event is ongoing, the CPU cannot go to sleep.
 264:.\main.c      ****                  * The CPU should wait in Active mode until the post processing 
 265:.\main.c      ****                  * is complete while continuously polling the BLE low power 
 266:.\main.c      ****                  * entry. As soon as post processing is complete, the BLE block 
 267:.\main.c      ****                  * would enter Deep Sleep (because of the polling) and the 
 268:.\main.c      ****                  * system Deep Sleep would then be entered. Deep Sleep is the 
 269:.\main.c      ****                  * preferred low power mode since it takes much lesser current.
 270:.\main.c      ****                  */
 271:.\main.c      ****                 if(CyBle_GetBleSsState() != CYBLE_BLESS_STATE_EVENT_CLOSE)
 168              		.loc 1 271 0
 169 0078 FFF7FEFF 		bl	CyBle_GetBleSsState
 170 007c 031C     		mov	r3, r0
 171 007e 022B     		cmp	r3, #2
 172 0080 01D0     		beq	.L7
 272:.\main.c      ****                 {
 273:.\main.c      ****                     CySysPmSleep();
 173              		.loc 1 273 0
 174 0082 FFF7FEFF 		bl	CySysPmSleep
 175              	.L7:
 210:.\main.c      ****         while(WatchdogTimer_GetTimestamp() == currentTimestamp)
 176              		.loc 1 210 0 discriminator 1
 177 0086 FFF7FEFF 		bl	WatchdogTimer_GetTimestamp
 178 008a 021C     		mov	r2, r0
 179 008c 044B     		ldr	r3, .L10
 180 008e 1B68     		ldr	r3, [r3]
 181 0090 9A42     		cmp	r2, r3
ARM GAS  C:\Users\Shahed\AppData\Local\Temp\ccNn5sqo.s 			page 9


 182 0092 EFD0     		beq	.L8
 274:.\main.c      ****                 }
 275:.\main.c      ****             }
 276:.\main.c      ****             
 277:.\main.c      ****             /* Exit Critical section - Global interrupts are enabled again */
 278:.\main.c      ****             CyExitCriticalSection(interruptStatus);
 183              		.loc 1 278 0
 184 0094 FB1D     		add	r3, r7, #7
 185 0096 1B78     		ldrb	r3, [r3]
 186 0098 181C     		mov	r0, r3
 187 009a FFF7FEFF 		bl	CyExitCriticalSection
 279:.\main.c      ****         }
 188              		.loc 1 279 0
 189 009e B4E7     		b	.L9
 190              	.L11:
 191              		.align	2
 192              	.L10:
 193 00a0 00000000 		.word	currentTimestamp.6601
 194 00a4 00000000 		.word	cyBle_state
 195 00a8 00000000 		.word	connParamRequestState
 196 00ac 00000000 		.word	timestampWhenConnected
 197 00b0 88130000 		.word	5000
 198 00b4 00000000 		.word	cyBle_connHandle
 199 00b8 00000000 		.word	hrmConnectionParam
 200 00bc 04000000 		.word	previousTimestamp.6600
 201 00c0 E7030000 		.word	999
 202              		.cfi_endproc
 203              	.LFE36:
 204              		.size	main, .-main
 205              		.bss
 206              		.align	2
 207              	currentTimestamp.6601:
 208 0000 00000000 		.space	4
 209              		.align	2
 210              	previousTimestamp.6600:
 211 0004 00000000 		.space	4
 212              		.text
 213              	.Letext0:
 214              		.file 2 ".\\Generated_Source\\PSoC4/cytypes.h"
 215              		.file 3 ".\\Generated_Source\\PSoC4/BLE_Stack.h"
 216              		.file 4 ".\\Generated_Source\\PSoC4/BLE_StackGap.h"
 217              		.file 5 ".\\Generated_Source\\PSoC4/BLE_StackGatt.h"
 218              		.file 6 ".\\Generated_Source\\PSoC4/BLE_hrs.h"
 219              		.file 7 ".\\Generated_Source\\PSoC4/BLE_dis.h"
 220              		.file 8 ".\\Generated_Source\\PSoC4/BLE_eventHandler.h"
 221              		.file 9 ".\\BleProcessing.h"
 222              		.section	.debug_info,"",%progbits
 223              	.Ldebug_info0:
 224 0000 7C040000 		.4byte	0x47c
 225 0004 0400     		.2byte	0x4
 226 0006 00000000 		.4byte	.Ldebug_abbrev0
 227 000a 04       		.byte	0x4
 228 000b 01       		.uleb128 0x1
 229 000c 3E080000 		.4byte	.LASF127
 230 0010 01       		.byte	0x1
 231 0011 85020000 		.4byte	.LASF128
 232 0015 A3060000 		.4byte	.LASF129
ARM GAS  C:\Users\Shahed\AppData\Local\Temp\ccNn5sqo.s 			page 10


 233 0019 00000000 		.4byte	.Ldebug_ranges0+0
 234 001d 00000000 		.4byte	0
 235 0021 00000000 		.4byte	.Ldebug_line0
 236 0025 02       		.uleb128 0x2
 237 0026 01       		.byte	0x1
 238 0027 06       		.byte	0x6
 239 0028 4D020000 		.4byte	.LASF0
 240 002c 02       		.uleb128 0x2
 241 002d 01       		.byte	0x1
 242 002e 08       		.byte	0x8
 243 002f 03090000 		.4byte	.LASF1
 244 0033 02       		.uleb128 0x2
 245 0034 02       		.byte	0x2
 246 0035 05       		.byte	0x5
 247 0036 3E090000 		.4byte	.LASF2
 248 003a 02       		.uleb128 0x2
 249 003b 02       		.byte	0x2
 250 003c 07       		.byte	0x7
 251 003d 46050000 		.4byte	.LASF3
 252 0041 02       		.uleb128 0x2
 253 0042 04       		.byte	0x4
 254 0043 05       		.byte	0x5
 255 0044 70010000 		.4byte	.LASF4
 256 0048 02       		.uleb128 0x2
 257 0049 04       		.byte	0x4
 258 004a 07       		.byte	0x7
 259 004b B2040000 		.4byte	.LASF5
 260 004f 02       		.uleb128 0x2
 261 0050 08       		.byte	0x8
 262 0051 05       		.byte	0x5
 263 0052 3F020000 		.4byte	.LASF6
 264 0056 02       		.uleb128 0x2
 265 0057 08       		.byte	0x8
 266 0058 07       		.byte	0x7
 267 0059 8B010000 		.4byte	.LASF7
 268 005d 03       		.uleb128 0x3
 269 005e 04       		.byte	0x4
 270 005f 05       		.byte	0x5
 271 0060 696E7400 		.ascii	"int\000"
 272 0064 02       		.uleb128 0x2
 273 0065 04       		.byte	0x4
 274 0066 07       		.byte	0x7
 275 0067 6B040000 		.4byte	.LASF8
 276 006b 04       		.uleb128 0x4
 277 006c 79030000 		.4byte	.LASF9
 278 0070 02       		.byte	0x2
 279 0071 A1       		.byte	0xa1
 280 0072 2C000000 		.4byte	0x2c
 281 0076 04       		.uleb128 0x4
 282 0077 11090000 		.4byte	.LASF10
 283 007b 02       		.byte	0x2
 284 007c A2       		.byte	0xa2
 285 007d 3A000000 		.4byte	0x3a
 286 0081 04       		.uleb128 0x4
 287 0082 DD030000 		.4byte	.LASF11
 288 0086 02       		.byte	0x2
 289 0087 A3       		.byte	0xa3
ARM GAS  C:\Users\Shahed\AppData\Local\Temp\ccNn5sqo.s 			page 11


 290 0088 48000000 		.4byte	0x48
 291 008c 02       		.uleb128 0x2
 292 008d 04       		.byte	0x4
 293 008e 04       		.byte	0x4
 294 008f 38080000 		.4byte	.LASF12
 295 0093 02       		.uleb128 0x2
 296 0094 08       		.byte	0x8
 297 0095 04       		.byte	0x4
 298 0096 9E030000 		.4byte	.LASF13
 299 009a 02       		.uleb128 0x2
 300 009b 01       		.byte	0x1
 301 009c 08       		.byte	0x8
 302 009d 410A0000 		.4byte	.LASF14
 303 00a1 02       		.uleb128 0x2
 304 00a2 04       		.byte	0x4
 305 00a3 07       		.byte	0x7
 306 00a4 3C070000 		.4byte	.LASF15
 307 00a8 05       		.uleb128 0x5
 308 00a9 01       		.byte	0x1
 309 00aa 03       		.byte	0x3
 310 00ab 58       		.byte	0x58
 311 00ac 18020000 		.4byte	0x218
 312 00b0 06       		.uleb128 0x6
 313 00b1 59050000 		.4byte	.LASF16
 314 00b5 00       		.sleb128 0
 315 00b6 06       		.uleb128 0x6
 316 00b7 59020000 		.4byte	.LASF17
 317 00bb 01       		.sleb128 1
 318 00bc 06       		.uleb128 0x6
 319 00bd 5E010000 		.4byte	.LASF18
 320 00c1 02       		.sleb128 2
 321 00c2 06       		.uleb128 0x6
 322 00c3 C90A0000 		.4byte	.LASF19
 323 00c7 03       		.sleb128 3
 324 00c8 06       		.uleb128 0x6
 325 00c9 A2010000 		.4byte	.LASF20
 326 00cd 04       		.sleb128 4
 327 00ce 06       		.uleb128 0x6
 328 00cf 23000000 		.4byte	.LASF21
 329 00d3 05       		.sleb128 5
 330 00d4 06       		.uleb128 0x6
 331 00d5 6B060000 		.4byte	.LASF22
 332 00d9 20       		.sleb128 32
 333 00da 06       		.uleb128 0x6
 334 00db AD020000 		.4byte	.LASF23
 335 00df 21       		.sleb128 33
 336 00e0 06       		.uleb128 0x6
 337 00e1 8E050000 		.4byte	.LASF24
 338 00e5 22       		.sleb128 34
 339 00e6 06       		.uleb128 0x6
 340 00e7 08060000 		.4byte	.LASF25
 341 00eb 23       		.sleb128 35
 342 00ec 06       		.uleb128 0x6
 343 00ed AD070000 		.4byte	.LASF26
 344 00f1 24       		.sleb128 36
 345 00f2 06       		.uleb128 0x6
 346 00f3 5E070000 		.4byte	.LASF27
ARM GAS  C:\Users\Shahed\AppData\Local\Temp\ccNn5sqo.s 			page 12


 347 00f7 25       		.sleb128 37
 348 00f8 06       		.uleb128 0x6
 349 00f9 3A030000 		.4byte	.LASF28
 350 00fd 26       		.sleb128 38
 351 00fe 06       		.uleb128 0x6
 352 00ff B2050000 		.4byte	.LASF29
 353 0103 27       		.sleb128 39
 354 0104 06       		.uleb128 0x6
 355 0105 460A0000 		.4byte	.LASF30
 356 0109 28       		.sleb128 40
 357 010a 06       		.uleb128 0x6
 358 010b 0A020000 		.4byte	.LASF31
 359 010f 29       		.sleb128 41
 360 0110 06       		.uleb128 0x6
 361 0111 9F000000 		.4byte	.LASF32
 362 0115 2A       		.sleb128 42
 363 0116 06       		.uleb128 0x6
 364 0117 8E020000 		.4byte	.LASF33
 365 011b 2B       		.sleb128 43
 366 011c 06       		.uleb128 0x6
 367 011d F70B0000 		.4byte	.LASF34
 368 0121 2C       		.sleb128 44
 369 0122 06       		.uleb128 0x6
 370 0123 F0090000 		.4byte	.LASF35
 371 0127 C000     		.sleb128 64
 372 0129 06       		.uleb128 0x6
 373 012a 2E060000 		.4byte	.LASF36
 374 012e C100     		.sleb128 65
 375 0130 06       		.uleb128 0x6
 376 0131 78040000 		.4byte	.LASF37
 377 0135 C200     		.sleb128 66
 378 0137 06       		.uleb128 0x6
 379 0138 000B0000 		.4byte	.LASF38
 380 013c C300     		.sleb128 67
 381 013e 06       		.uleb128 0x6
 382 013f F6040000 		.4byte	.LASF39
 383 0143 C400     		.sleb128 68
 384 0145 06       		.uleb128 0x6
 385 0146 37010000 		.4byte	.LASF40
 386 014a C500     		.sleb128 69
 387 014c 06       		.uleb128 0x6
 388 014d 1B070000 		.4byte	.LASF41
 389 0151 C600     		.sleb128 70
 390 0153 06       		.uleb128 0x6
 391 0154 70050000 		.4byte	.LASF42
 392 0158 C700     		.sleb128 71
 393 015a 06       		.uleb128 0x6
 394 015b D00B0000 		.4byte	.LASF43
 395 015f C800     		.sleb128 72
 396 0161 06       		.uleb128 0x6
 397 0162 53000000 		.4byte	.LASF44
 398 0166 C900     		.sleb128 73
 399 0168 06       		.uleb128 0x6
 400 0169 450B0000 		.4byte	.LASF45
 401 016d CA00     		.sleb128 74
 402 016f 06       		.uleb128 0x6
 403 0170 E9000000 		.4byte	.LASF46
ARM GAS  C:\Users\Shahed\AppData\Local\Temp\ccNn5sqo.s 			page 13


 404 0174 CB00     		.sleb128 75
 405 0176 06       		.uleb128 0x6
 406 0177 D1050000 		.4byte	.LASF47
 407 017b CC00     		.sleb128 76
 408 017d 06       		.uleb128 0x6
 409 017e 840A0000 		.4byte	.LASF48
 410 0182 CD00     		.sleb128 77
 411 0184 06       		.uleb128 0x6
 412 0185 E7020000 		.4byte	.LASF49
 413 0189 CE00     		.sleb128 78
 414 018b 06       		.uleb128 0x6
 415 018c 96090000 		.4byte	.LASF50
 416 0190 CF00     		.sleb128 79
 417 0192 06       		.uleb128 0x6
 418 0193 08010000 		.4byte	.LASF51
 419 0197 D000     		.sleb128 80
 420 0199 06       		.uleb128 0x6
 421 019a 7F030000 		.4byte	.LASF52
 422 019e D100     		.sleb128 81
 423 01a0 06       		.uleb128 0x6
 424 01a1 D5070000 		.4byte	.LASF53
 425 01a5 D200     		.sleb128 82
 426 01a7 06       		.uleb128 0x6
 427 01a8 5E090000 		.4byte	.LASF54
 428 01ac D300     		.sleb128 83
 429 01ae 06       		.uleb128 0x6
 430 01af CF090000 		.4byte	.LASF55
 431 01b3 D400     		.sleb128 84
 432 01b5 06       		.uleb128 0x6
 433 01b6 14050000 		.4byte	.LASF56
 434 01ba D500     		.sleb128 85
 435 01bc 06       		.uleb128 0x6
 436 01bd 09040000 		.4byte	.LASF57
 437 01c1 F000     		.sleb128 112
 438 01c3 06       		.uleb128 0x6
 439 01c4 240C0000 		.4byte	.LASF58
 440 01c8 F100     		.sleb128 113
 441 01ca 06       		.uleb128 0x6
 442 01cb 05030000 		.4byte	.LASF59
 443 01cf F200     		.sleb128 114
 444 01d1 06       		.uleb128 0x6
 445 01d2 FD060000 		.4byte	.LASF60
 446 01d6 F300     		.sleb128 115
 447 01d8 06       		.uleb128 0x6
 448 01d9 0E080000 		.4byte	.LASF61
 449 01dd F400     		.sleb128 116
 450 01df 06       		.uleb128 0x6
 451 01e0 A5030000 		.4byte	.LASF62
 452 01e4 F500     		.sleb128 117
 453 01e6 06       		.uleb128 0x6
 454 01e7 C8000000 		.4byte	.LASF63
 455 01eb F600     		.sleb128 118
 456 01ed 06       		.uleb128 0x6
 457 01ee 6C000000 		.4byte	.LASF64
 458 01f2 F700     		.sleb128 119
 459 01f4 06       		.uleb128 0x6
 460 01f5 00000000 		.4byte	.LASF65
ARM GAS  C:\Users\Shahed\AppData\Local\Temp\ccNn5sqo.s 			page 14


 461 01f9 F800     		.sleb128 120
 462 01fb 06       		.uleb128 0x6
 463 01fc 9E0A0000 		.4byte	.LASF66
 464 0200 F900     		.sleb128 121
 465 0202 06       		.uleb128 0x6
 466 0203 47040000 		.4byte	.LASF67
 467 0207 FA00     		.sleb128 122
 468 0209 06       		.uleb128 0x6
 469 020a D3010000 		.4byte	.LASF68
 470 020e FA01     		.sleb128 250
 471 0210 06       		.uleb128 0x6
 472 0211 FB030000 		.4byte	.LASF69
 473 0215 FF01     		.sleb128 255
 474 0217 00       		.byte	0
 475 0218 07       		.uleb128 0x7
 476 0219 01       		.byte	0x1
 477 021a 03       		.byte	0x3
 478 021b F801     		.2byte	0x1f8
 479 021d 41020000 		.4byte	0x241
 480 0221 06       		.uleb128 0x6
 481 0222 4F0C0000 		.4byte	.LASF70
 482 0226 01       		.sleb128 1
 483 0227 06       		.uleb128 0x6
 484 0228 180A0000 		.4byte	.LASF71
 485 022c 02       		.sleb128 2
 486 022d 06       		.uleb128 0x6
 487 022e BA0B0000 		.4byte	.LASF72
 488 0232 03       		.sleb128 3
 489 0233 06       		.uleb128 0x6
 490 0234 97070000 		.4byte	.LASF73
 491 0238 04       		.sleb128 4
 492 0239 06       		.uleb128 0x6
 493 023a E2040000 		.4byte	.LASF74
 494 023e FF01     		.sleb128 255
 495 0240 00       		.byte	0
 496 0241 08       		.uleb128 0x8
 497 0242 27010000 		.4byte	.LASF75
 498 0246 03       		.byte	0x3
 499 0247 1402     		.2byte	0x214
 500 0249 18020000 		.4byte	0x218
 501 024d 07       		.uleb128 0x7
 502 024e 01       		.byte	0x1
 503 024f 03       		.byte	0x3
 504 0250 1802     		.2byte	0x218
 505 0252 88020000 		.4byte	0x288
 506 0256 06       		.uleb128 0x6
 507 0257 F1010000 		.4byte	.LASF76
 508 025b 01       		.sleb128 1
 509 025c 06       		.uleb128 0x6
 510 025d E20A0000 		.4byte	.LASF77
 511 0261 02       		.sleb128 2
 512 0262 06       		.uleb128 0x6
 513 0263 D2080000 		.4byte	.LASF78
 514 0267 03       		.sleb128 3
 515 0268 06       		.uleb128 0x6
 516 0269 1E0B0000 		.4byte	.LASF79
 517 026d 04       		.sleb128 4
ARM GAS  C:\Users\Shahed\AppData\Local\Temp\ccNn5sqo.s 			page 15


 518 026e 06       		.uleb128 0x6
 519 026f 740B0000 		.4byte	.LASF80
 520 0273 05       		.sleb128 5
 521 0274 06       		.uleb128 0x6
 522 0275 96040000 		.4byte	.LASF81
 523 0279 06       		.sleb128 6
 524 027a 06       		.uleb128 0x6
 525 027b 4F060000 		.4byte	.LASF82
 526 027f 07       		.sleb128 7
 527 0280 06       		.uleb128 0x6
 528 0281 B5090000 		.4byte	.LASF83
 529 0285 FF01     		.sleb128 255
 530 0287 00       		.byte	0
 531 0288 09       		.uleb128 0x9
 532 0289 08       		.byte	0x8
 533 028a 04       		.byte	0x4
 534 028b 8F02     		.2byte	0x28f
 535 028d C6020000 		.4byte	0x2c6
 536 0291 0A       		.uleb128 0xa
 537 0292 2C080000 		.4byte	.LASF84
 538 0296 04       		.byte	0x4
 539 0297 9602     		.2byte	0x296
 540 0299 76000000 		.4byte	0x76
 541 029d 00       		.byte	0
 542 029e 0A       		.uleb128 0xa
 543 029f C9070000 		.4byte	.LASF85
 544 02a3 04       		.byte	0x4
 545 02a4 9D02     		.2byte	0x29d
 546 02a6 76000000 		.4byte	0x76
 547 02aa 02       		.byte	0x2
 548 02ab 0A       		.uleb128 0xa
 549 02ac 8E0C0000 		.4byte	.LASF86
 550 02b0 04       		.byte	0x4
 551 02b1 A202     		.2byte	0x2a2
 552 02b3 76000000 		.4byte	0x76
 553 02b7 04       		.byte	0x4
 554 02b8 0A       		.uleb128 0xa
 555 02b9 38050000 		.4byte	.LASF87
 556 02bd 04       		.byte	0x4
 557 02be A802     		.2byte	0x2a8
 558 02c0 76000000 		.4byte	0x76
 559 02c4 06       		.byte	0x6
 560 02c5 00       		.byte	0
 561 02c6 08       		.uleb128 0x8
 562 02c7 C4040000 		.4byte	.LASF88
 563 02cb 04       		.byte	0x4
 564 02cc AA02     		.2byte	0x2aa
 565 02ce 88020000 		.4byte	0x288
 566 02d2 09       		.uleb128 0x9
 567 02d3 02       		.byte	0x2
 568 02d4 05       		.byte	0x5
 569 02d5 5501     		.2byte	0x155
 570 02d7 F6020000 		.4byte	0x2f6
 571 02db 0A       		.uleb128 0xa
 572 02dc 1B0C0000 		.4byte	.LASF89
 573 02e0 05       		.byte	0x5
 574 02e1 5C01     		.2byte	0x15c
ARM GAS  C:\Users\Shahed\AppData\Local\Temp\ccNn5sqo.s 			page 16


 575 02e3 6B000000 		.4byte	0x6b
 576 02e7 00       		.byte	0
 577 02e8 0A       		.uleb128 0xa
 578 02e9 49060000 		.4byte	.LASF90
 579 02ed 05       		.byte	0x5
 580 02ee 6201     		.2byte	0x162
 581 02f0 6B000000 		.4byte	0x6b
 582 02f4 01       		.byte	0x1
 583 02f5 00       		.byte	0
 584 02f6 08       		.uleb128 0x8
 585 02f7 8B000000 		.4byte	.LASF91
 586 02fb 05       		.byte	0x5
 587 02fc 6401     		.2byte	0x164
 588 02fe D2020000 		.4byte	0x2d2
 589 0302 05       		.uleb128 0x5
 590 0303 01       		.byte	0x1
 591 0304 06       		.byte	0x6
 592 0305 22       		.byte	0x22
 593 0306 23030000 		.4byte	0x323
 594 030a 06       		.uleb128 0x6
 595 030b 89070000 		.4byte	.LASF92
 596 030f 00       		.sleb128 0
 597 0310 06       		.uleb128 0x6
 598 0311 0A0A0000 		.4byte	.LASF93
 599 0315 01       		.sleb128 1
 600 0316 06       		.uleb128 0x6
 601 0317 D9020000 		.4byte	.LASF94
 602 031b 02       		.sleb128 2
 603 031c 06       		.uleb128 0x6
 604 031d C4020000 		.4byte	.LASF95
 605 0321 03       		.sleb128 3
 606 0322 00       		.byte	0
 607 0323 05       		.uleb128 0x5
 608 0324 01       		.byte	0x1
 609 0325 07       		.byte	0x7
 610 0326 1D       		.byte	0x1d
 611 0327 68030000 		.4byte	0x368
 612 032b 06       		.uleb128 0x6
 613 032c 620C0000 		.4byte	.LASF96
 614 0330 00       		.sleb128 0
 615 0331 06       		.uleb128 0x6
 616 0332 2A0A0000 		.4byte	.LASF97
 617 0336 01       		.sleb128 1
 618 0337 06       		.uleb128 0x6
 619 0338 BA080000 		.4byte	.LASF98
 620 033c 02       		.sleb128 2
 621 033d 06       		.uleb128 0x6
 622 033e E4030000 		.4byte	.LASF99
 623 0342 03       		.sleb128 3
 624 0343 06       		.uleb128 0x6
 625 0344 C6030000 		.4byte	.LASF100
 626 0348 04       		.sleb128 4
 627 0349 06       		.uleb128 0x6
 628 034a 7F090000 		.4byte	.LASF101
 629 034e 05       		.sleb128 5
 630 034f 06       		.uleb128 0x6
 631 0350 8F060000 		.4byte	.LASF102
ARM GAS  C:\Users\Shahed\AppData\Local\Temp\ccNn5sqo.s 			page 17


 632 0354 06       		.sleb128 6
 633 0355 06       		.uleb128 0x6
 634 0356 F6070000 		.4byte	.LASF103
 635 035a 07       		.sleb128 7
 636 035b 06       		.uleb128 0x6
 637 035c EB050000 		.4byte	.LASF104
 638 0360 08       		.sleb128 8
 639 0361 06       		.uleb128 0x6
 640 0362 18090000 		.4byte	.LASF105
 641 0366 09       		.sleb128 9
 642 0367 00       		.byte	0
 643 0368 07       		.uleb128 0x7
 644 0369 01       		.byte	0x1
 645 036a 08       		.byte	0x8
 646 036b 9505     		.2byte	0x595
 647 036d 90030000 		.4byte	0x390
 648 0371 06       		.uleb128 0x6
 649 0372 3F000000 		.4byte	.LASF106
 650 0376 00       		.sleb128 0
 651 0377 06       		.uleb128 0x6
 652 0378 45070000 		.4byte	.LASF107
 653 037c 01       		.sleb128 1
 654 037d 06       		.uleb128 0x6
 655 037e A40B0000 		.4byte	.LASF108
 656 0382 02       		.sleb128 2
 657 0383 06       		.uleb128 0x6
 658 0384 27020000 		.4byte	.LASF109
 659 0388 03       		.sleb128 3
 660 0389 06       		.uleb128 0x6
 661 038a 21030000 		.4byte	.LASF110
 662 038e 04       		.sleb128 4
 663 038f 00       		.byte	0
 664 0390 08       		.uleb128 0x8
 665 0391 370B0000 		.4byte	.LASF111
 666 0395 08       		.byte	0x8
 667 0396 A305     		.2byte	0x5a3
 668 0398 68030000 		.4byte	0x368
 669 039c 05       		.uleb128 0x5
 670 039d 01       		.byte	0x1
 671 039e 09       		.byte	0x9
 672 039f 38       		.byte	0x38
 673 03a0 BD030000 		.4byte	0x3bd
 674 03a4 06       		.uleb128 0x6
 675 03a5 680A0000 		.4byte	.LASF112
 676 03a9 00       		.sleb128 0
 677 03aa 06       		.uleb128 0x6
 678 03ab 2F040000 		.4byte	.LASF113
 679 03af 01       		.sleb128 1
 680 03b0 06       		.uleb128 0x6
 681 03b1 B7010000 		.4byte	.LASF114
 682 03b5 02       		.sleb128 2
 683 03b6 06       		.uleb128 0x6
 684 03b7 E1060000 		.4byte	.LASF115
 685 03bb 03       		.sleb128 3
 686 03bc 00       		.byte	0
 687 03bd 04       		.uleb128 0x4
 688 03be 6C020000 		.4byte	.LASF116
ARM GAS  C:\Users\Shahed\AppData\Local\Temp\ccNn5sqo.s 			page 18


 689 03c2 09       		.byte	0x9
 690 03c3 3D       		.byte	0x3d
 691 03c4 9C030000 		.4byte	0x39c
 692 03c8 0B       		.uleb128 0xb
 693 03c9 2D090000 		.4byte	.LASF130
 694 03cd 01       		.byte	0x1
 695 03ce 60       		.byte	0x60
 696 03cf 00000000 		.4byte	.LFB35
 697 03d3 40000000 		.4byte	.LFE35-.LFB35
 698 03d7 01       		.uleb128 0x1
 699 03d8 9C       		.byte	0x9c
 700 03d9 0C       		.uleb128 0xc
 701 03da 4A0C0000 		.4byte	.LASF131
 702 03de 01       		.byte	0x1
 703 03df 9C       		.byte	0x9c
 704 03e0 5D000000 		.4byte	0x5d
 705 03e4 00000000 		.4byte	.LFB36
 706 03e8 C4000000 		.4byte	.LFE36-.LFB36
 707 03ec 01       		.uleb128 0x1
 708 03ed 9C       		.byte	0x9c
 709 03ee 2E040000 		.4byte	0x42e
 710 03f2 0D       		.uleb128 0xd
 711 03f3 79010000 		.4byte	.LASF117
 712 03f7 01       		.byte	0x1
 713 03f8 9E       		.byte	0x9e
 714 03f9 81000000 		.4byte	0x81
 715 03fd 05       		.uleb128 0x5
 716 03fe 03       		.byte	0x3
 717 03ff 04000000 		.4byte	previousTimestamp.6600
 718 0403 0D       		.uleb128 0xd
 719 0404 630B0000 		.4byte	.LASF118
 720 0408 01       		.byte	0x1
 721 0409 9F       		.byte	0x9f
 722 040a 81000000 		.4byte	0x81
 723 040e 05       		.uleb128 0x5
 724 040f 03       		.byte	0x3
 725 0410 00000000 		.4byte	currentTimestamp.6601
 726 0414 0E       		.uleb128 0xe
 727 0415 C10A0000 		.4byte	.LASF132
 728 0419 01       		.byte	0x1
 729 041a A0       		.byte	0xa0
 730 041b 41020000 		.4byte	0x241
 731 041f 0D       		.uleb128 0xd
 732 0420 7E0C0000 		.4byte	.LASF119
 733 0424 01       		.byte	0x1
 734 0425 A1       		.byte	0xa1
 735 0426 6B000000 		.4byte	0x6b
 736 042a 02       		.uleb128 0x2
 737 042b 91       		.byte	0x91
 738 042c 77       		.sleb128 -9
 739 042d 00       		.byte	0
 740 042e 0D       		.uleb128 0xd
 741 042f EA080000 		.4byte	.LASF120
 742 0433 01       		.byte	0x1
 743 0434 3E       		.byte	0x3e
 744 0435 C6020000 		.4byte	0x2c6
 745 0439 05       		.uleb128 0x5
ARM GAS  C:\Users\Shahed\AppData\Local\Temp\ccNn5sqo.s 			page 19


 746 043a 03       		.byte	0x3
 747 043b 00000000 		.4byte	hrmConnectionParam
 748 043f 0F       		.uleb128 0xf
 749 0440 FC050000 		.4byte	.LASF121
 750 0444 08       		.byte	0x8
 751 0445 2207     		.2byte	0x722
 752 0447 90030000 		.4byte	0x390
 753 044b 0F       		.uleb128 0xf
 754 044c 78070000 		.4byte	.LASF122
 755 0450 08       		.byte	0x8
 756 0451 2307     		.2byte	0x723
 757 0453 F6020000 		.4byte	0x2f6
 758 0457 10       		.uleb128 0x10
 759 0458 910B0000 		.4byte	.LASF123
 760 045c 09       		.byte	0x9
 761 045d 43       		.byte	0x43
 762 045e 62040000 		.4byte	0x462
 763 0462 02       		.uleb128 0x2
 764 0463 01       		.byte	0x1
 765 0464 02       		.byte	0x2
 766 0465 FD080000 		.4byte	.LASF124
 767 0469 10       		.uleb128 0x10
 768 046a 62030000 		.4byte	.LASF125
 769 046e 09       		.byte	0x9
 770 046f 44       		.byte	0x44
 771 0470 81000000 		.4byte	0x81
 772 0474 10       		.uleb128 0x10
 773 0475 48090000 		.4byte	.LASF126
 774 0479 09       		.byte	0x9
 775 047a 45       		.byte	0x45
 776 047b BD030000 		.4byte	0x3bd
 777 047f 00       		.byte	0
 778              		.section	.debug_abbrev,"",%progbits
 779              	.Ldebug_abbrev0:
 780 0000 01       		.uleb128 0x1
 781 0001 11       		.uleb128 0x11
 782 0002 01       		.byte	0x1
 783 0003 25       		.uleb128 0x25
 784 0004 0E       		.uleb128 0xe
 785 0005 13       		.uleb128 0x13
 786 0006 0B       		.uleb128 0xb
 787 0007 03       		.uleb128 0x3
 788 0008 0E       		.uleb128 0xe
 789 0009 1B       		.uleb128 0x1b
 790 000a 0E       		.uleb128 0xe
 791 000b 55       		.uleb128 0x55
 792 000c 17       		.uleb128 0x17
 793 000d 11       		.uleb128 0x11
 794 000e 01       		.uleb128 0x1
 795 000f 10       		.uleb128 0x10
 796 0010 17       		.uleb128 0x17
 797 0011 00       		.byte	0
 798 0012 00       		.byte	0
 799 0013 02       		.uleb128 0x2
 800 0014 24       		.uleb128 0x24
 801 0015 00       		.byte	0
 802 0016 0B       		.uleb128 0xb
ARM GAS  C:\Users\Shahed\AppData\Local\Temp\ccNn5sqo.s 			page 20


 803 0017 0B       		.uleb128 0xb
 804 0018 3E       		.uleb128 0x3e
 805 0019 0B       		.uleb128 0xb
 806 001a 03       		.uleb128 0x3
 807 001b 0E       		.uleb128 0xe
 808 001c 00       		.byte	0
 809 001d 00       		.byte	0
 810 001e 03       		.uleb128 0x3
 811 001f 24       		.uleb128 0x24
 812 0020 00       		.byte	0
 813 0021 0B       		.uleb128 0xb
 814 0022 0B       		.uleb128 0xb
 815 0023 3E       		.uleb128 0x3e
 816 0024 0B       		.uleb128 0xb
 817 0025 03       		.uleb128 0x3
 818 0026 08       		.uleb128 0x8
 819 0027 00       		.byte	0
 820 0028 00       		.byte	0
 821 0029 04       		.uleb128 0x4
 822 002a 16       		.uleb128 0x16
 823 002b 00       		.byte	0
 824 002c 03       		.uleb128 0x3
 825 002d 0E       		.uleb128 0xe
 826 002e 3A       		.uleb128 0x3a
 827 002f 0B       		.uleb128 0xb
 828 0030 3B       		.uleb128 0x3b
 829 0031 0B       		.uleb128 0xb
 830 0032 49       		.uleb128 0x49
 831 0033 13       		.uleb128 0x13
 832 0034 00       		.byte	0
 833 0035 00       		.byte	0
 834 0036 05       		.uleb128 0x5
 835 0037 04       		.uleb128 0x4
 836 0038 01       		.byte	0x1
 837 0039 0B       		.uleb128 0xb
 838 003a 0B       		.uleb128 0xb
 839 003b 3A       		.uleb128 0x3a
 840 003c 0B       		.uleb128 0xb
 841 003d 3B       		.uleb128 0x3b
 842 003e 0B       		.uleb128 0xb
 843 003f 01       		.uleb128 0x1
 844 0040 13       		.uleb128 0x13
 845 0041 00       		.byte	0
 846 0042 00       		.byte	0
 847 0043 06       		.uleb128 0x6
 848 0044 28       		.uleb128 0x28
 849 0045 00       		.byte	0
 850 0046 03       		.uleb128 0x3
 851 0047 0E       		.uleb128 0xe
 852 0048 1C       		.uleb128 0x1c
 853 0049 0D       		.uleb128 0xd
 854 004a 00       		.byte	0
 855 004b 00       		.byte	0
 856 004c 07       		.uleb128 0x7
 857 004d 04       		.uleb128 0x4
 858 004e 01       		.byte	0x1
 859 004f 0B       		.uleb128 0xb
ARM GAS  C:\Users\Shahed\AppData\Local\Temp\ccNn5sqo.s 			page 21


 860 0050 0B       		.uleb128 0xb
 861 0051 3A       		.uleb128 0x3a
 862 0052 0B       		.uleb128 0xb
 863 0053 3B       		.uleb128 0x3b
 864 0054 05       		.uleb128 0x5
 865 0055 01       		.uleb128 0x1
 866 0056 13       		.uleb128 0x13
 867 0057 00       		.byte	0
 868 0058 00       		.byte	0
 869 0059 08       		.uleb128 0x8
 870 005a 16       		.uleb128 0x16
 871 005b 00       		.byte	0
 872 005c 03       		.uleb128 0x3
 873 005d 0E       		.uleb128 0xe
 874 005e 3A       		.uleb128 0x3a
 875 005f 0B       		.uleb128 0xb
 876 0060 3B       		.uleb128 0x3b
 877 0061 05       		.uleb128 0x5
 878 0062 49       		.uleb128 0x49
 879 0063 13       		.uleb128 0x13
 880 0064 00       		.byte	0
 881 0065 00       		.byte	0
 882 0066 09       		.uleb128 0x9
 883 0067 13       		.uleb128 0x13
 884 0068 01       		.byte	0x1
 885 0069 0B       		.uleb128 0xb
 886 006a 0B       		.uleb128 0xb
 887 006b 3A       		.uleb128 0x3a
 888 006c 0B       		.uleb128 0xb
 889 006d 3B       		.uleb128 0x3b
 890 006e 05       		.uleb128 0x5
 891 006f 01       		.uleb128 0x1
 892 0070 13       		.uleb128 0x13
 893 0071 00       		.byte	0
 894 0072 00       		.byte	0
 895 0073 0A       		.uleb128 0xa
 896 0074 0D       		.uleb128 0xd
 897 0075 00       		.byte	0
 898 0076 03       		.uleb128 0x3
 899 0077 0E       		.uleb128 0xe
 900 0078 3A       		.uleb128 0x3a
 901 0079 0B       		.uleb128 0xb
 902 007a 3B       		.uleb128 0x3b
 903 007b 05       		.uleb128 0x5
 904 007c 49       		.uleb128 0x49
 905 007d 13       		.uleb128 0x13
 906 007e 38       		.uleb128 0x38
 907 007f 0B       		.uleb128 0xb
 908 0080 00       		.byte	0
 909 0081 00       		.byte	0
 910 0082 0B       		.uleb128 0xb
 911 0083 2E       		.uleb128 0x2e
 912 0084 00       		.byte	0
 913 0085 03       		.uleb128 0x3
 914 0086 0E       		.uleb128 0xe
 915 0087 3A       		.uleb128 0x3a
 916 0088 0B       		.uleb128 0xb
ARM GAS  C:\Users\Shahed\AppData\Local\Temp\ccNn5sqo.s 			page 22


 917 0089 3B       		.uleb128 0x3b
 918 008a 0B       		.uleb128 0xb
 919 008b 27       		.uleb128 0x27
 920 008c 19       		.uleb128 0x19
 921 008d 11       		.uleb128 0x11
 922 008e 01       		.uleb128 0x1
 923 008f 12       		.uleb128 0x12
 924 0090 06       		.uleb128 0x6
 925 0091 40       		.uleb128 0x40
 926 0092 18       		.uleb128 0x18
 927 0093 9642     		.uleb128 0x2116
 928 0095 19       		.uleb128 0x19
 929 0096 00       		.byte	0
 930 0097 00       		.byte	0
 931 0098 0C       		.uleb128 0xc
 932 0099 2E       		.uleb128 0x2e
 933 009a 01       		.byte	0x1
 934 009b 3F       		.uleb128 0x3f
 935 009c 19       		.uleb128 0x19
 936 009d 03       		.uleb128 0x3
 937 009e 0E       		.uleb128 0xe
 938 009f 3A       		.uleb128 0x3a
 939 00a0 0B       		.uleb128 0xb
 940 00a1 3B       		.uleb128 0x3b
 941 00a2 0B       		.uleb128 0xb
 942 00a3 49       		.uleb128 0x49
 943 00a4 13       		.uleb128 0x13
 944 00a5 11       		.uleb128 0x11
 945 00a6 01       		.uleb128 0x1
 946 00a7 12       		.uleb128 0x12
 947 00a8 06       		.uleb128 0x6
 948 00a9 40       		.uleb128 0x40
 949 00aa 18       		.uleb128 0x18
 950 00ab 9642     		.uleb128 0x2116
 951 00ad 19       		.uleb128 0x19
 952 00ae 01       		.uleb128 0x1
 953 00af 13       		.uleb128 0x13
 954 00b0 00       		.byte	0
 955 00b1 00       		.byte	0
 956 00b2 0D       		.uleb128 0xd
 957 00b3 34       		.uleb128 0x34
 958 00b4 00       		.byte	0
 959 00b5 03       		.uleb128 0x3
 960 00b6 0E       		.uleb128 0xe
 961 00b7 3A       		.uleb128 0x3a
 962 00b8 0B       		.uleb128 0xb
 963 00b9 3B       		.uleb128 0x3b
 964 00ba 0B       		.uleb128 0xb
 965 00bb 49       		.uleb128 0x49
 966 00bc 13       		.uleb128 0x13
 967 00bd 02       		.uleb128 0x2
 968 00be 18       		.uleb128 0x18
 969 00bf 00       		.byte	0
 970 00c0 00       		.byte	0
 971 00c1 0E       		.uleb128 0xe
 972 00c2 34       		.uleb128 0x34
 973 00c3 00       		.byte	0
ARM GAS  C:\Users\Shahed\AppData\Local\Temp\ccNn5sqo.s 			page 23


 974 00c4 03       		.uleb128 0x3
 975 00c5 0E       		.uleb128 0xe
 976 00c6 3A       		.uleb128 0x3a
 977 00c7 0B       		.uleb128 0xb
 978 00c8 3B       		.uleb128 0x3b
 979 00c9 0B       		.uleb128 0xb
 980 00ca 49       		.uleb128 0x49
 981 00cb 13       		.uleb128 0x13
 982 00cc 00       		.byte	0
 983 00cd 00       		.byte	0
 984 00ce 0F       		.uleb128 0xf
 985 00cf 34       		.uleb128 0x34
 986 00d0 00       		.byte	0
 987 00d1 03       		.uleb128 0x3
 988 00d2 0E       		.uleb128 0xe
 989 00d3 3A       		.uleb128 0x3a
 990 00d4 0B       		.uleb128 0xb
 991 00d5 3B       		.uleb128 0x3b
 992 00d6 05       		.uleb128 0x5
 993 00d7 49       		.uleb128 0x49
 994 00d8 13       		.uleb128 0x13
 995 00d9 3F       		.uleb128 0x3f
 996 00da 19       		.uleb128 0x19
 997 00db 3C       		.uleb128 0x3c
 998 00dc 19       		.uleb128 0x19
 999 00dd 00       		.byte	0
 1000 00de 00       		.byte	0
 1001 00df 10       		.uleb128 0x10
 1002 00e0 34       		.uleb128 0x34
 1003 00e1 00       		.byte	0
 1004 00e2 03       		.uleb128 0x3
 1005 00e3 0E       		.uleb128 0xe
 1006 00e4 3A       		.uleb128 0x3a
 1007 00e5 0B       		.uleb128 0xb
 1008 00e6 3B       		.uleb128 0x3b
 1009 00e7 0B       		.uleb128 0xb
 1010 00e8 49       		.uleb128 0x49
 1011 00e9 13       		.uleb128 0x13
 1012 00ea 3F       		.uleb128 0x3f
 1013 00eb 19       		.uleb128 0x19
 1014 00ec 3C       		.uleb128 0x3c
 1015 00ed 19       		.uleb128 0x19
 1016 00ee 00       		.byte	0
 1017 00ef 00       		.byte	0
 1018 00f0 00       		.byte	0
 1019              		.section	.debug_aranges,"",%progbits
 1020 0000 24000000 		.4byte	0x24
 1021 0004 0200     		.2byte	0x2
 1022 0006 00000000 		.4byte	.Ldebug_info0
 1023 000a 04       		.byte	0x4
 1024 000b 00       		.byte	0
 1025 000c 0000     		.2byte	0
 1026 000e 0000     		.2byte	0
 1027 0010 00000000 		.4byte	.LFB35
 1028 0014 40000000 		.4byte	.LFE35-.LFB35
 1029 0018 00000000 		.4byte	.LFB36
 1030 001c C4000000 		.4byte	.LFE36-.LFB36
ARM GAS  C:\Users\Shahed\AppData\Local\Temp\ccNn5sqo.s 			page 24


 1031 0020 00000000 		.4byte	0
 1032 0024 00000000 		.4byte	0
 1033              		.section	.debug_ranges,"",%progbits
 1034              	.Ldebug_ranges0:
 1035 0000 00000000 		.4byte	.LFB35
 1036 0004 40000000 		.4byte	.LFE35
 1037 0008 00000000 		.4byte	.LFB36
 1038 000c C4000000 		.4byte	.LFE36
 1039 0010 00000000 		.4byte	0
 1040 0014 00000000 		.4byte	0
 1041              		.section	.debug_line,"",%progbits
 1042              	.Ldebug_line0:
 1043 0000 16010000 		.section	.debug_str,"MS",%progbits,1
 1043      0200BE00 
 1043      00000201 
 1043      FB0E0D00 
 1043      01010101 
 1044              	.LASF65:
 1045 0000 4359424C 		.ascii	"CYBLE_EVT_L2CAP_CBFC_RX_CREDIT_IND\000"
 1045      455F4556 
 1045      545F4C32 
 1045      4341505F 
 1045      43424643 
 1046              	.LASF21:
 1047 0023 4359424C 		.ascii	"CYBLE_EVT_STACK_BUSY_STATUS\000"
 1047      455F4556 
 1047      545F5354 
 1047      41434B5F 
 1047      42555359 
 1048              	.LASF106:
 1049 003f 4359424C 		.ascii	"CYBLE_STATE_STOPPED\000"
 1049      455F5354 
 1049      4154455F 
 1049      53544F50 
 1049      50454400 
 1050              	.LASF44:
 1051 0053 4359424C 		.ascii	"CYBLE_EVT_GATTC_READ_RSP\000"
 1051      455F4556 
 1051      545F4741 
 1051      5454435F 
 1051      52454144 
 1052              	.LASF64:
 1053 006c 4359424C 		.ascii	"CYBLE_EVT_L2CAP_CBFC_DATA_READ\000"
 1053      455F4556 
 1053      545F4C32 
 1053      4341505F 
 1053      43424643 
 1054              	.LASF91:
 1055 008b 4359424C 		.ascii	"CYBLE_CONN_HANDLE_T\000"
 1055      455F434F 
 1055      4E4E5F48 
 1055      414E444C 
 1055      455F5400 
 1056              	.LASF32:
 1057 009f 4359424C 		.ascii	"CYBLE_EVT_GAP_CONNECTION_UPDATE_COMPLETE\000"
 1057      455F4556 
 1057      545F4741 
ARM GAS  C:\Users\Shahed\AppData\Local\Temp\ccNn5sqo.s 			page 25


 1057      505F434F 
 1057      4E4E4543 
 1058              	.LASF63:
 1059 00c8 4359424C 		.ascii	"CYBLE_EVT_L2CAP_CBFC_DISCONN_CNF\000"
 1059      455F4556 
 1059      545F4C32 
 1059      4341505F 
 1059      43424643 
 1060              	.LASF46:
 1061 00e9 4359424C 		.ascii	"CYBLE_EVT_GATTC_READ_MULTI_RSP\000"
 1061      455F4556 
 1061      545F4741 
 1061      5454435F 
 1061      52454144 
 1062              	.LASF51:
 1063 0108 4359424C 		.ascii	"CYBLE_EVT_GATTS_EXEC_WRITE_REQ\000"
 1063      455F4556 
 1063      545F4741 
 1063      5454535F 
 1063      45584543 
 1064              	.LASF75:
 1065 0127 4359424C 		.ascii	"CYBLE_LP_MODE_T\000"
 1065      455F4C50 
 1065      5F4D4F44 
 1065      455F5400 
 1066              	.LASF40:
 1067 0137 4359424C 		.ascii	"CYBLE_EVT_GATTC_READ_BY_GROUP_TYPE_RSP\000"
 1067      455F4556 
 1067      545F4741 
 1067      5454435F 
 1067      52454144 
 1068              	.LASF18:
 1069 015e 4359424C 		.ascii	"CYBLE_EVT_TIMEOUT\000"
 1069      455F4556 
 1069      545F5449 
 1069      4D454F55 
 1069      5400
 1070              	.LASF4:
 1071 0170 6C6F6E67 		.ascii	"long int\000"
 1071      20696E74 
 1071      00
 1072              	.LASF117:
 1073 0179 70726576 		.ascii	"previousTimestamp\000"
 1073      696F7573 
 1073      54696D65 
 1073      7374616D 
 1073      7000
 1074              	.LASF7:
 1075 018b 6C6F6E67 		.ascii	"long long unsigned int\000"
 1075      206C6F6E 
 1075      6720756E 
 1075      7369676E 
 1075      65642069 
 1076              	.LASF20:
 1077 01a2 4359424C 		.ascii	"CYBLE_EVT_HCI_STATUS\000"
 1077      455F4556 
 1077      545F4843 
ARM GAS  C:\Users\Shahed\AppData\Local\Temp\ccNn5sqo.s 			page 26


 1077      495F5354 
 1077      41545553 
 1078              	.LASF114:
 1079 01b7 434F4E4E 		.ascii	"CONN_PARAM_REQUEST_ACCEPTED\000"
 1079      5F504152 
 1079      414D5F52 
 1079      45515545 
 1079      53545F41 
 1080              	.LASF68:
 1081 01d3 4359424C 		.ascii	"CYBLE_EVT_PENDING_FLASH_WRITE\000"
 1081      455F4556 
 1081      545F5045 
 1081      4E44494E 
 1081      475F464C 
 1082              	.LASF76:
 1083 01f1 4359424C 		.ascii	"CYBLE_BLESS_STATE_ACTIVE\000"
 1083      455F424C 
 1083      4553535F 
 1083      53544154 
 1083      455F4143 
 1084              	.LASF31:
 1085 020a 4359424C 		.ascii	"CYBLE_EVT_GAP_ENCRYPT_CHANGE\000"
 1085      455F4556 
 1085      545F4741 
 1085      505F454E 
 1085      43525950 
 1086              	.LASF109:
 1087 0227 4359424C 		.ascii	"CYBLE_STATE_ADVERTISING\000"
 1087      455F5354 
 1087      4154455F 
 1087      41445645 
 1087      52544953 
 1088              	.LASF6:
 1089 023f 6C6F6E67 		.ascii	"long long int\000"
 1089      206C6F6E 
 1089      6720696E 
 1089      7400
 1090              	.LASF0:
 1091 024d 7369676E 		.ascii	"signed char\000"
 1091      65642063 
 1091      68617200 
 1092              	.LASF17:
 1093 0259 4359424C 		.ascii	"CYBLE_EVT_STACK_ON\000"
 1093      455F4556 
 1093      545F5354 
 1093      41434B5F 
 1093      4F4E00
 1094              	.LASF116:
 1095 026c 434F4E4E 		.ascii	"CONN_PARAM_REQUEST_STATE\000"
 1095      5F504152 
 1095      414D5F52 
 1095      45515545 
 1095      53545F53 
 1096              	.LASF128:
 1097 0285 2E5C6D61 		.ascii	".\\main.c\000"
 1097      696E2E63 
 1097      00
ARM GAS  C:\Users\Shahed\AppData\Local\Temp\ccNn5sqo.s 			page 27


 1098              	.LASF33:
 1099 028e 4359424C 		.ascii	"CYBLE_EVT_GAPC_SCAN_START_STOP\000"
 1099      455F4556 
 1099      545F4741 
 1099      50435F53 
 1099      43414E5F 
 1100              	.LASF23:
 1101 02ad 4359424C 		.ascii	"CYBLE_EVT_GAP_AUTH_REQ\000"
 1101      455F4556 
 1101      545F4741 
 1101      505F4155 
 1101      54485F52 
 1102              	.LASF95:
 1103 02c4 4359424C 		.ascii	"CYBLE_HRS_CHAR_COUNT\000"
 1103      455F4852 
 1103      535F4348 
 1103      41525F43 
 1103      4F554E54 
 1104              	.LASF94:
 1105 02d9 4359424C 		.ascii	"CYBLE_HRS_CPT\000"
 1105      455F4852 
 1105      535F4350 
 1105      5400
 1106              	.LASF49:
 1107 02e7 4359424C 		.ascii	"CYBLE_EVT_GATTS_WRITE_CMD_REQ\000"
 1107      455F4556 
 1107      545F4741 
 1107      5454535F 
 1107      57524954 
 1108              	.LASF59:
 1109 0305 4359424C 		.ascii	"CYBLE_EVT_L2CAP_COMMAND_REJ\000"
 1109      455F4556 
 1109      545F4C32 
 1109      4341505F 
 1109      434F4D4D 
 1110              	.LASF110:
 1111 0321 4359424C 		.ascii	"CYBLE_STATE_DISCONNECTED\000"
 1111      455F5354 
 1111      4154455F 
 1111      44495343 
 1111      4F4E4E45 
 1112              	.LASF28:
 1113 033a 4359424C 		.ascii	"CYBLE_EVT_GAPP_ADVERTISEMENT_START_STOP\000"
 1113      455F4556 
 1113      545F4741 
 1113      50505F41 
 1113      44564552 
 1114              	.LASF125:
 1115 0362 74696D65 		.ascii	"timestampWhenConnected\000"
 1115      7374616D 
 1115      70576865 
 1115      6E436F6E 
 1115      6E656374 
 1116              	.LASF9:
 1117 0379 75696E74 		.ascii	"uint8\000"
 1117      3800
 1118              	.LASF52:
ARM GAS  C:\Users\Shahed\AppData\Local\Temp\ccNn5sqo.s 			page 28


 1119 037f 4359424C 		.ascii	"CYBLE_EVT_GATTC_EXEC_WRITE_RSP\000"
 1119      455F4556 
 1119      545F4741 
 1119      5454435F 
 1119      45584543 
 1120              	.LASF13:
 1121 039e 646F7562 		.ascii	"double\000"
 1121      6C6500
 1122              	.LASF62:
 1123 03a5 4359424C 		.ascii	"CYBLE_EVT_L2CAP_CBFC_DISCONN_IND\000"
 1123      455F4556 
 1123      545F4C32 
 1123      4341505F 
 1123      43424643 
 1124              	.LASF100:
 1125 03c6 4359424C 		.ascii	"CYBLE_DIS_FIRMWARE_REV\000"
 1125      455F4449 
 1125      535F4649 
 1125      524D5741 
 1125      52455F52 
 1126              	.LASF11:
 1127 03dd 75696E74 		.ascii	"uint32\000"
 1127      333200
 1128              	.LASF99:
 1129 03e4 4359424C 		.ascii	"CYBLE_DIS_HARDWARE_REV\000"
 1129      455F4449 
 1129      535F4841 
 1129      52445741 
 1129      52455F52 
 1130              	.LASF69:
 1131 03fb 4359424C 		.ascii	"CYBLE_EVT_MAX\000"
 1131      455F4556 
 1131      545F4D41 
 1131      5800
 1132              	.LASF57:
 1133 0409 4359424C 		.ascii	"CYBLE_EVT_L2CAP_CONN_PARAM_UPDATE_REQ\000"
 1133      455F4556 
 1133      545F4C32 
 1133      4341505F 
 1133      434F4E4E 
 1134              	.LASF113:
 1135 042f 434F4E4E 		.ascii	"CONN_PARAM_REQUEST_SENT\000"
 1135      5F504152 
 1135      414D5F52 
 1135      45515545 
 1135      53545F53 
 1136              	.LASF67:
 1137 0447 4359424C 		.ascii	"CYBLE_EVT_L2CAP_CBFC_DATA_WRITE_IND\000"
 1137      455F4556 
 1137      545F4C32 
 1137      4341505F 
 1137      43424643 
 1138              	.LASF8:
 1139 046b 756E7369 		.ascii	"unsigned int\000"
 1139      676E6564 
 1139      20696E74 
 1139      00
ARM GAS  C:\Users\Shahed\AppData\Local\Temp\ccNn5sqo.s 			page 29


 1140              	.LASF37:
 1141 0478 4359424C 		.ascii	"CYBLE_EVT_GATT_DISCONNECT_IND\000"
 1141      455F4556 
 1141      545F4741 
 1141      54545F44 
 1141      4953434F 
 1142              	.LASF81:
 1143 0496 4359424C 		.ascii	"CYBLE_BLESS_STATE_DEEPSLEEP\000"
 1143      455F424C 
 1143      4553535F 
 1143      53544154 
 1143      455F4445 
 1144              	.LASF5:
 1145 04b2 6C6F6E67 		.ascii	"long unsigned int\000"
 1145      20756E73 
 1145      69676E65 
 1145      6420696E 
 1145      7400
 1146              	.LASF88:
 1147 04c4 4359424C 		.ascii	"CYBLE_GAP_CONN_UPDATE_PARAM_T\000"
 1147      455F4741 
 1147      505F434F 
 1147      4E4E5F55 
 1147      50444154 
 1148              	.LASF74:
 1149 04e2 4359424C 		.ascii	"CYBLE_BLESS_INVALID\000"
 1149      455F424C 
 1149      4553535F 
 1149      494E5641 
 1149      4C494400 
 1150              	.LASF39:
 1151 04f6 4359424C 		.ascii	"CYBLE_EVT_GATTC_XCHNG_MTU_RSP\000"
 1151      455F4556 
 1151      545F4741 
 1151      5454435F 
 1151      5843484E 
 1152              	.LASF56:
 1153 0514 4359424C 		.ascii	"CYBLE_EVT_GATTS_DATA_SIGNED_CMD_REQ\000"
 1153      455F4556 
 1153      545F4741 
 1153      5454535F 
 1153      44415441 
 1154              	.LASF87:
 1155 0538 73757065 		.ascii	"supervisionTO\000"
 1155      72766973 
 1155      696F6E54 
 1155      4F00
 1156              	.LASF3:
 1157 0546 73686F72 		.ascii	"short unsigned int\000"
 1157      7420756E 
 1157      7369676E 
 1157      65642069 
 1157      6E7400
 1158              	.LASF16:
 1159 0559 4359424C 		.ascii	"CYBLE_EVT_HOST_INVALID\000"
 1159      455F4556 
 1159      545F484F 
ARM GAS  C:\Users\Shahed\AppData\Local\Temp\ccNn5sqo.s 			page 30


 1159      53545F49 
 1159      4E56414C 
 1160              	.LASF42:
 1161 0570 4359424C 		.ascii	"CYBLE_EVT_GATTC_FIND_INFO_RSP\000"
 1161      455F4556 
 1161      545F4741 
 1161      5454435F 
 1161      46494E44 
 1162              	.LASF24:
 1163 058e 4359424C 		.ascii	"CYBLE_EVT_GAP_PASSKEY_ENTRY_REQUEST\000"
 1163      455F4556 
 1163      545F4741 
 1163      505F5041 
 1163      53534B45 
 1164              	.LASF29:
 1165 05b2 4359424C 		.ascii	"CYBLE_EVT_GAP_DEVICE_CONNECTED\000"
 1165      455F4556 
 1165      545F4741 
 1165      505F4445 
 1165      56494345 
 1166              	.LASF47:
 1167 05d1 4359424C 		.ascii	"CYBLE_EVT_GATTS_WRITE_REQ\000"
 1167      455F4556 
 1167      545F4741 
 1167      5454535F 
 1167      57524954 
 1168              	.LASF104:
 1169 05eb 4359424C 		.ascii	"CYBLE_DIS_PNP_ID\000"
 1169      455F4449 
 1169      535F504E 
 1169      505F4944 
 1169      00
 1170              	.LASF121:
 1171 05fc 6379426C 		.ascii	"cyBle_state\000"
 1171      655F7374 
 1171      61746500 
 1172              	.LASF25:
 1173 0608 4359424C 		.ascii	"CYBLE_EVT_GAP_PASSKEY_DISPLAY_REQUEST\000"
 1173      455F4556 
 1173      545F4741 
 1173      505F5041 
 1173      53534B45 
 1174              	.LASF36:
 1175 062e 4359424C 		.ascii	"CYBLE_EVT_GATT_CONNECT_IND\000"
 1175      455F4556 
 1175      545F4741 
 1175      54545F43 
 1175      4F4E4E45 
 1176              	.LASF90:
 1177 0649 61747449 		.ascii	"attId\000"
 1177      6400
 1178              	.LASF82:
 1179 064f 4359424C 		.ascii	"CYBLE_BLESS_STATE_HIBERNATE\000"
 1179      455F424C 
 1179      4553535F 
 1179      53544154 
 1179      455F4849 
ARM GAS  C:\Users\Shahed\AppData\Local\Temp\ccNn5sqo.s 			page 31


 1180              	.LASF22:
 1181 066b 4359424C 		.ascii	"CYBLE_EVT_GAPC_SCAN_PROGRESS_RESULT\000"
 1181      455F4556 
 1181      545F4741 
 1181      50435F53 
 1181      43414E5F 
 1182              	.LASF102:
 1183 068f 4359424C 		.ascii	"CYBLE_DIS_SYSTEM_ID\000"
 1183      455F4449 
 1183      535F5359 
 1183      5354454D 
 1183      5F494400 
 1184              	.LASF129:
 1185 06a3 433A5C55 		.ascii	"C:\\Users\\Shahed\\Downloads\\BLE Lab 3\\BLE Lab 3\\"
 1185      73657273 
 1185      5C536861 
 1185      6865645C 
 1185      446F776E 
 1186 06d1 424C4520 		.ascii	"BLE Lab 3.cydsn\000"
 1186      4C616220 
 1186      332E6379 
 1186      64736E00 
 1187              	.LASF115:
 1188 06e1 434F4E4E 		.ascii	"CONN_PARAM_REQUEST_REJECTED\000"
 1188      5F504152 
 1188      414D5F52 
 1188      45515545 
 1188      53545F52 
 1189              	.LASF60:
 1190 06fd 4359424C 		.ascii	"CYBLE_EVT_L2CAP_CBFC_CONN_IND\000"
 1190      455F4556 
 1190      545F4C32 
 1190      4341505F 
 1190      43424643 
 1191              	.LASF41:
 1192 071b 4359424C 		.ascii	"CYBLE_EVT_GATTC_READ_BY_TYPE_RSP\000"
 1192      455F4556 
 1192      545F4741 
 1192      5454435F 
 1192      52454144 
 1193              	.LASF15:
 1194 073c 73697A65 		.ascii	"sizetype\000"
 1194      74797065 
 1194      00
 1195              	.LASF107:
 1196 0745 4359424C 		.ascii	"CYBLE_STATE_INITIALIZING\000"
 1196      455F5354 
 1196      4154455F 
 1196      494E4954 
 1196      49414C49 
 1197              	.LASF27:
 1198 075e 4359424C 		.ascii	"CYBLE_EVT_GAP_AUTH_FAILED\000"
 1198      455F4556 
 1198      545F4741 
 1198      505F4155 
 1198      54485F46 
 1199              	.LASF122:
ARM GAS  C:\Users\Shahed\AppData\Local\Temp\ccNn5sqo.s 			page 32


 1200 0778 6379426C 		.ascii	"cyBle_connHandle\000"
 1200      655F636F 
 1200      6E6E4861 
 1200      6E646C65 
 1200      00
 1201              	.LASF92:
 1202 0789 4359424C 		.ascii	"CYBLE_HRS_HRM\000"
 1202      455F4852 
 1202      535F4852 
 1202      4D00
 1203              	.LASF73:
 1204 0797 4359424C 		.ascii	"CYBLE_BLESS_HIBERNATE\000"
 1204      455F424C 
 1204      4553535F 
 1204      48494245 
 1204      524E4154 
 1205              	.LASF26:
 1206 07ad 4359424C 		.ascii	"CYBLE_EVT_GAP_AUTH_COMPLETE\000"
 1206      455F4556 
 1206      545F4741 
 1206      505F4155 
 1206      54485F43 
 1207              	.LASF85:
 1208 07c9 636F6E6E 		.ascii	"connIntvMax\000"
 1208      496E7476 
 1208      4D617800 
 1209              	.LASF53:
 1210 07d5 4359424C 		.ascii	"CYBLE_EVT_GATTC_HANDLE_VALUE_NTF\000"
 1210      455F4556 
 1210      545F4741 
 1210      5454435F 
 1210      48414E44 
 1211              	.LASF103:
 1212 07f6 4359424C 		.ascii	"CYBLE_DIS_REG_CERT_DATA\000"
 1212      455F4449 
 1212      535F5245 
 1212      475F4345 
 1212      52545F44 
 1213              	.LASF61:
 1214 080e 4359424C 		.ascii	"CYBLE_EVT_L2CAP_CBFC_CONN_CNF\000"
 1214      455F4556 
 1214      545F4C32 
 1214      4341505F 
 1214      43424643 
 1215              	.LASF84:
 1216 082c 636F6E6E 		.ascii	"connIntvMin\000"
 1216      496E7476 
 1216      4D696E00 
 1217              	.LASF12:
 1218 0838 666C6F61 		.ascii	"float\000"
 1218      7400
 1219              	.LASF127:
 1220 083e 474E5520 		.ascii	"GNU C 4.8.4 20140526 (release) [ARM/embedded-4_8-br"
 1220      4320342E 
 1220      382E3420 
 1220      32303134 
 1220      30353236 
ARM GAS  C:\Users\Shahed\AppData\Local\Temp\ccNn5sqo.s 			page 33


 1221 0871 616E6368 		.ascii	"anch revision 211358] -mcpu=cortex-m0 -mthumb -g -O"
 1221      20726576 
 1221      6973696F 
 1221      6E203231 
 1221      31333538 
 1222 08a4 30202D66 		.ascii	"0 -ffunction-sections\000"
 1222      66756E63 
 1222      74696F6E 
 1222      2D736563 
 1222      74696F6E 
 1223              	.LASF98:
 1224 08ba 4359424C 		.ascii	"CYBLE_DIS_SERIAL_NUMBER\000"
 1224      455F4449 
 1224      535F5345 
 1224      5249414C 
 1224      5F4E554D 
 1225              	.LASF78:
 1226 08d2 4359424C 		.ascii	"CYBLE_BLESS_STATE_SLEEP\000"
 1226      455F424C 
 1226      4553535F 
 1226      53544154 
 1226      455F534C 
 1227              	.LASF120:
 1228 08ea 68726D43 		.ascii	"hrmConnectionParam\000"
 1228      6F6E6E65 
 1228      6374696F 
 1228      6E506172 
 1228      616D00
 1229              	.LASF124:
 1230 08fd 5F426F6F 		.ascii	"_Bool\000"
 1230      6C00
 1231              	.LASF1:
 1232 0903 756E7369 		.ascii	"unsigned char\000"
 1232      676E6564 
 1232      20636861 
 1232      7200
 1233              	.LASF10:
 1234 0911 75696E74 		.ascii	"uint16\000"
 1234      313600
 1235              	.LASF105:
 1236 0918 4359424C 		.ascii	"CYBLE_DIS_CHAR_COUNT\000"
 1236      455F4449 
 1236      535F4348 
 1236      41525F43 
 1236      4F554E54 
 1237              	.LASF130:
 1238 092d 496E6974 		.ascii	"InitializeSystem\000"
 1238      69616C69 
 1238      7A655379 
 1238      7374656D 
 1238      00
 1239              	.LASF2:
 1240 093e 73686F72 		.ascii	"short int\000"
 1240      7420696E 
 1240      7400
 1241              	.LASF126:
 1242 0948 636F6E6E 		.ascii	"connParamRequestState\000"
ARM GAS  C:\Users\Shahed\AppData\Local\Temp\ccNn5sqo.s 			page 34


 1242      50617261 
 1242      6D526571 
 1242      75657374 
 1242      53746174 
 1243              	.LASF54:
 1244 095e 4359424C 		.ascii	"CYBLE_EVT_GATTC_HANDLE_VALUE_IND\000"
 1244      455F4556 
 1244      545F4741 
 1244      5454435F 
 1244      48414E44 
 1245              	.LASF101:
 1246 097f 4359424C 		.ascii	"CYBLE_DIS_SOFTWARE_REV\000"
 1246      455F4449 
 1246      535F534F 
 1246      46545741 
 1246      52455F52 
 1247              	.LASF50:
 1248 0996 4359424C 		.ascii	"CYBLE_EVT_GATTS_PREP_WRITE_REQ\000"
 1248      455F4556 
 1248      545F4741 
 1248      5454535F 
 1248      50524550 
 1249              	.LASF83:
 1250 09b5 4359424C 		.ascii	"CYBLE_BLESS_STATE_INVALID\000"
 1250      455F424C 
 1250      4553535F 
 1250      53544154 
 1250      455F494E 
 1251              	.LASF55:
 1252 09cf 4359424C 		.ascii	"CYBLE_EVT_GATTS_HANDLE_VALUE_CNF\000"
 1252      455F4556 
 1252      545F4741 
 1252      5454535F 
 1252      48414E44 
 1253              	.LASF35:
 1254 09f0 4359424C 		.ascii	"CYBLE_EVT_GATTC_ERROR_RSP\000"
 1254      455F4556 
 1254      545F4741 
 1254      5454435F 
 1254      4552524F 
 1255              	.LASF93:
 1256 0a0a 4359424C 		.ascii	"CYBLE_HRS_BSL\000"
 1256      455F4852 
 1256      535F4253 
 1256      4C00
 1257              	.LASF71:
 1258 0a18 4359424C 		.ascii	"CYBLE_BLESS_SLEEP\000"
 1258      455F424C 
 1258      4553535F 
 1258      534C4545 
 1258      5000
 1259              	.LASF97:
 1260 0a2a 4359424C 		.ascii	"CYBLE_DIS_MODEL_NUMBER\000"
 1260      455F4449 
 1260      535F4D4F 
 1260      44454C5F 
 1260      4E554D42 
ARM GAS  C:\Users\Shahed\AppData\Local\Temp\ccNn5sqo.s 			page 35


 1261              	.LASF14:
 1262 0a41 63686172 		.ascii	"char\000"
 1262      00
 1263              	.LASF30:
 1264 0a46 4359424C 		.ascii	"CYBLE_EVT_GAP_DEVICE_DISCONNECTED\000"
 1264      455F4556 
 1264      545F4741 
 1264      505F4445 
 1264      56494345 
 1265              	.LASF112:
 1266 0a68 434F4E4E 		.ascii	"CONN_PARAM_REQUEST_NOT_SENT\000"
 1266      5F504152 
 1266      414D5F52 
 1266      45515545 
 1266      53545F4E 
 1267              	.LASF48:
 1268 0a84 4359424C 		.ascii	"CYBLE_EVT_GATTC_WRITE_RSP\000"
 1268      455F4556 
 1268      545F4741 
 1268      5454435F 
 1268      57524954 
 1269              	.LASF66:
 1270 0a9e 4359424C 		.ascii	"CYBLE_EVT_L2CAP_CBFC_TX_CREDIT_IND\000"
 1270      455F4556 
 1270      545F4C32 
 1270      4341505F 
 1270      43424643 
 1271              	.LASF132:
 1272 0ac1 626C654D 		.ascii	"bleMode\000"
 1272      6F646500 
 1273              	.LASF19:
 1274 0ac9 4359424C 		.ascii	"CYBLE_EVT_HARDWARE_ERROR\000"
 1274      455F4556 
 1274      545F4841 
 1274      52445741 
 1274      52455F45 
 1275              	.LASF77:
 1276 0ae2 4359424C 		.ascii	"CYBLE_BLESS_STATE_EVENT_CLOSE\000"
 1276      455F424C 
 1276      4553535F 
 1276      53544154 
 1276      455F4556 
 1277              	.LASF38:
 1278 0b00 4359424C 		.ascii	"CYBLE_EVT_GATTS_XCNHG_MTU_REQ\000"
 1278      455F4556 
 1278      545F4741 
 1278      5454535F 
 1278      58434E48 
 1279              	.LASF79:
 1280 0b1e 4359424C 		.ascii	"CYBLE_BLESS_STATE_ECO_ON\000"
 1280      455F424C 
 1280      4553535F 
 1280      53544154 
 1280      455F4543 
 1281              	.LASF111:
 1282 0b37 4359424C 		.ascii	"CYBLE_STATE_T\000"
 1282      455F5354 
ARM GAS  C:\Users\Shahed\AppData\Local\Temp\ccNn5sqo.s 			page 36


 1282      4154455F 
 1282      5400
 1283              	.LASF45:
 1284 0b45 4359424C 		.ascii	"CYBLE_EVT_GATTC_READ_BLOB_RSP\000"
 1284      455F4556 
 1284      545F4741 
 1284      5454435F 
 1284      52454144 
 1285              	.LASF118:
 1286 0b63 63757272 		.ascii	"currentTimestamp\000"
 1286      656E7454 
 1286      696D6573 
 1286      74616D70 
 1286      00
 1287              	.LASF80:
 1288 0b74 4359424C 		.ascii	"CYBLE_BLESS_STATE_ECO_STABLE\000"
 1288      455F424C 
 1288      4553535F 
 1288      53544154 
 1288      455F4543 
 1289              	.LASF123:
 1290 0b91 656E7465 		.ascii	"enterHibernateFlag\000"
 1290      72486962 
 1290      65726E61 
 1290      7465466C 
 1290      616700
 1291              	.LASF108:
 1292 0ba4 4359424C 		.ascii	"CYBLE_STATE_CONNECTED\000"
 1292      455F5354 
 1292      4154455F 
 1292      434F4E4E 
 1292      45435445 
 1293              	.LASF72:
 1294 0bba 4359424C 		.ascii	"CYBLE_BLESS_DEEPSLEEP\000"
 1294      455F424C 
 1294      4553535F 
 1294      44454550 
 1294      534C4545 
 1295              	.LASF43:
 1296 0bd0 4359424C 		.ascii	"CYBLE_EVT_GATTC_FIND_BY_TYPE_VALUE_RSP\000"
 1296      455F4556 
 1296      545F4741 
 1296      5454435F 
 1296      46494E44 
 1297              	.LASF34:
 1298 0bf7 4359424C 		.ascii	"CYBLE_EVT_GAP_KEYINFO_EXCHNGE_CMPLT\000"
 1298      455F4556 
 1298      545F4741 
 1298      505F4B45 
 1298      59494E46 
 1299              	.LASF89:
 1300 0c1b 62644861 		.ascii	"bdHandle\000"
 1300      6E646C65 
 1300      00
 1301              	.LASF58:
 1302 0c24 4359424C 		.ascii	"CYBLE_EVT_L2CAP_CONN_PARAM_UPDATE_RSP\000"
 1302      455F4556 
ARM GAS  C:\Users\Shahed\AppData\Local\Temp\ccNn5sqo.s 			page 37


 1302      545F4C32 
 1302      4341505F 
 1302      434F4E4E 
 1303              	.LASF131:
 1304 0c4a 6D61696E 		.ascii	"main\000"
 1304      00
 1305              	.LASF70:
 1306 0c4f 4359424C 		.ascii	"CYBLE_BLESS_ACTIVE\000"
 1306      455F424C 
 1306      4553535F 
 1306      41435449 
 1306      564500
 1307              	.LASF96:
 1308 0c62 4359424C 		.ascii	"CYBLE_DIS_MANUFACTURER_NAME\000"
 1308      455F4449 
 1308      535F4D41 
 1308      4E554641 
 1308      43545552 
 1309              	.LASF119:
 1310 0c7e 696E7465 		.ascii	"interruptStatus\000"
 1310      72727570 
 1310      74537461 
 1310      74757300 
 1311              	.LASF86:
 1312 0c8e 636F6E6E 		.ascii	"connLatency\000"
 1312      4C617465 
 1312      6E637900 
 1313              		.ident	"GCC: (GNU Tools for ARM Embedded Processors) 4.8.4 20140526 (release) [ARM/embedded-4_8-br
