Loading plugins phase: Elapsed time ==> 1s.174ms
Initializing data phase: Elapsed time ==> 0s.000ms
<CYPRESSTAG name="CyDsfit arguments...">
cydsfit arguments: -.fdsnotice -.fdswarpdepfile=warp_dependencies.txt -.fdselabdepfile=elab_dependencies.txt -.fdsbldfile=generated_files.txt -p C:\Users\Yobely\Desktop\BLE Lab 3\BLE Lab 3.cydsn\BLE Lab 3.cyprj -d CY8C4247LQI-BL483 -s C:\Users\Yobely\Desktop\BLE Lab 3\BLE Lab 3.cydsn\Generated_Source\PSoC4 -- -yv2 -q10 -ygs -o2 -v3 -.fftcfgtype=LE</CYPRESSTAG>
<CYPRESSTAG name="Design elaboration results...">
ADD: sdb.M0065: information: Analog terminal "Opamp_1.Vout" on TopDesign is unconnected.
 * C:\Users\Yobely\Desktop\BLE Lab 3\BLE Lab 3.cydsn\TopDesign\TopDesign.cysch (Signal: Net_2275)
 * C:\Users\Yobely\Desktop\BLE Lab 3\BLE Lab 3.cydsn\TopDesign\TopDesign.cysch (Shape_99.11)

ADD: sdb.M0065: information: Analog terminal "Heart_Rate_input.analog_0" on TopDesign is unconnected.
 * C:\Users\Yobely\Desktop\BLE Lab 3\BLE Lab 3.cydsn\TopDesign\TopDesign.cysch (Signal: Net_2356)
 * C:\Users\Yobely\Desktop\BLE Lab 3\BLE Lab 3.cydsn\TopDesign\TopDesign.cysch (Shape_7.1)

ADD: sdb.M0012: error: Terminals "Opamp_1.Vplus" connected to signal "Net_2123" have mismatching types.
 * C:\Users\Yobely\Desktop\BLE Lab 3\BLE Lab 3.cydsn\TopDesign\TopDesign.cysch (Signal: Net_2123)
 * C:\Users\Yobely\Desktop\BLE Lab 3\BLE Lab 3.cydsn\TopDesign\TopDesign.cysch (pwm1)
 * C:\Users\Yobely\Desktop\BLE Lab 3\BLE Lab 3.cydsn\TopDesign\TopDesign.cysch (Shape_114.14)
 * C:\Users\Yobely\Desktop\BLE Lab 3\BLE Lab 3.cydsn\TopDesign\TopDesign.cysch (Shape_190)
 * C:\Users\Yobely\Desktop\BLE Lab 3\BLE Lab 3.cydsn\TopDesign\TopDesign.cysch (Shape_99.5)
 * C:\Users\Yobely\Desktop\BLE Lab 3\BLE Lab 3.cydsn\TopDesign\TopDesign.cysch (Vplus)

ADD: sdb.M0018: error: Multiple drivers on signal "Net_2123", bit(s) "0".
 * C:\Users\Yobely\Desktop\BLE Lab 3\BLE Lab 3.cydsn\TopDesign\TopDesign.cysch (Signal: Net_2123)
 * C:\Users\Yobely\Desktop\BLE Lab 3\BLE Lab 3.cydsn\TopDesign\TopDesign.cysch (Shape_114.14)
 * C:\Users\Yobely\Desktop\BLE Lab 3\BLE Lab 3.cydsn\TopDesign\TopDesign.cysch (Shape_190)
 * C:\Users\Yobely\Desktop\BLE Lab 3\BLE Lab 3.cydsn\TopDesign\TopDesign.cysch (Shape_99.5)

</CYPRESSTAG>
Elaboration phase: Elapsed time ==> 22s.342ms
